#
# There is insufficient memory for the Java Runtime Environment to continue.
# Native memory allocation (malloc) failed to allocate 1185376 bytes for Chunk::new
# Possible reasons:
#   The system is out of physical RAM or swap space
#   The process is running with CompressedOops enabled, and the Java Heap may be blocking the growth of the native heap
# Possible solutions:
#   Reduce memory load on the system
#   Increase physical memory or swap space
#   Check if swap backing store is full
#   Decrease Java heap size (-Xmx/-Xms)
#   Decrease number of Java threads
#   Decrease Java thread stack sizes (-Xss)
#   Set larger code cache with -XX:ReservedCodeCacheSize=
#   JVM is running with Unscaled Compressed Oops mode in which the Java heap is
#     placed in the first 4GB address space. The Java Heap base address is the
#     maximum limit for the native heap growth. Please use -XX:HeapBaseMinAddress
#     to set the Java Heap base and to place the Java Heap above 4GB virtual address.
# This output file may be truncated or incomplete.
#
#  Out of Memory Error (allocation.cpp:389), pid=1620, tid=0x0000000000002b70
#
# JRE version: OpenJDK Runtime Environment (8.0_242-b01) (build 1.8.0_242-release-1644-b01)
# Java VM: OpenJDK 64-Bit Server VM (25.242-b01 mixed mode windows-amd64 compressed oops)
# Failed to write core dump. Minidumps are not enabled by default on client versions of Windows
#

---------------  T H R E A D  ---------------

Current thread (0x0000000019d9f800):  JavaThread "C2 CompilerThread0" daemon [_thread_in_native, id=11120, stack(0x000000001a670000,0x000000001a770000)]

Stack: [0x000000001a670000,0x000000001a770000]
[error occurred during error reporting (printing stack bounds), id 0xc0000005]

Native frames: (J=compiled Java code, j=interpreted, Vv=VM code, C=native code)


Current CompileTask:
C2:   9656 3875       4       java.security.SecureClassLoader::defineClass (16 bytes)


---------------  P R O C E S S  ---------------

Java Threads: ( => current thread )
  0x00000000203cd000 JavaThread "Cache worker for Build Output Cleanup Cache (C:\Users\DELL\AndroidStudioProjects\DU_AN_1\.gradle\buildOutputCleanup)" [_thread_blocked, id=11556, stack(0x00000000244a0000,0x00000000245a0000)]
  0x000000001c8d6800 JavaThread "Cache worker for file content cache (C:\Users\DELL\.gradle\caches\6.5\fileContent)" [_thread_blocked, id=8228, stack(0x00000000243a0000,0x00000000244a0000)]
  0x000000001c8d3800 JavaThread "Cache worker for execution history cache (C:\Users\DELL\.gradle\caches\6.5\executionHistory)" [_thread_blocked, id=8684, stack(0x0000000023ea0000,0x0000000023fa0000)]
  0x000000001c8d2800 JavaThread "Cache worker for cache directory md-rule (C:\Users\DELL\.gradle\caches\6.5\md-rule)" [_thread_blocked, id=12504, stack(0x0000000023ba0000,0x0000000023ca0000)]
  0x000000001c8d5800 JavaThread "Cache worker for cache directory md-supplier (C:\Users\DELL\.gradle\caches\6.5\md-supplier)" [_thread_blocked, id=13292, stack(0x0000000023aa0000,0x0000000023ba0000)]
  0x000000001c8d1000 JavaThread "Cache worker for checksums cache (C:\Users\DELL\AndroidStudioProjects\DU_AN_1\.gradle\checksums)" [_thread_blocked, id=7304, stack(0x00000000239a0000,0x0000000023aa0000)]
  0x000000001c8d2000 JavaThread "jar transforms Thread 20" [_thread_blocked, id=10868, stack(0x00000000236a0000,0x00000000237a0000)]
  0x000000001c8c9800 JavaThread "jar transforms Thread 19" [_thread_blocked, id=3692, stack(0x00000000235a0000,0x00000000236a0000)]
  0x000000001c8d0800 JavaThread "jar transforms Thread 18" [_thread_blocked, id=12088, stack(0x00000000234a0000,0x00000000235a0000)]
  0x000000001c8cf800 JavaThread "jar transforms Thread 17" [_thread_blocked, id=2980, stack(0x00000000233a0000,0x00000000234a0000)]
  0x000000001c8c8000 JavaThread "jar transforms Thread 16" [_thread_blocked, id=3016, stack(0x00000000232a0000,0x00000000233a0000)]
  0x000000001c8cf000 JavaThread "jar transforms Thread 15" [_thread_blocked, id=472, stack(0x00000000231a0000,0x00000000232a0000)]
  0x000000001c8c7000 JavaThread "jar transforms Thread 14" [_thread_blocked, id=12028, stack(0x0000000022fa0000,0x00000000230a0000)]
  0x000000001c8cc000 JavaThread "jar transforms Thread 13" [_thread_blocked, id=10604, stack(0x0000000022ea0000,0x0000000022fa0000)]
  0x000000001c8ca800 JavaThread "jar transforms Thread 12" [_thread_blocked, id=10212, stack(0x0000000022da0000,0x0000000022ea0000)]
  0x000000001c8c9000 JavaThread "jar transforms Thread 11" [_thread_blocked, id=10884, stack(0x0000000022ca0000,0x0000000022da0000)]
  0x000000001c8cc800 JavaThread "jar transforms Thread 10" [_thread_blocked, id=3776, stack(0x0000000022ba0000,0x0000000022ca0000)]
  0x000000001c8ce000 JavaThread "jar transforms Thread 9" [_thread_blocked, id=5260, stack(0x0000000022aa0000,0x0000000022ba0000)]
  0x000000001c8cd800 JavaThread "jar transforms Thread 8" [_thread_blocked, id=3108, stack(0x00000000229a0000,0x0000000022aa0000)]
  0x000000001c8cb000 JavaThread "jar transforms Thread 7" [_thread_blocked, id=9044, stack(0x00000000228a0000,0x00000000229a0000)]
  0x000000001c67e800 JavaThread "jar transforms Thread 6" [_thread_blocked, id=5368, stack(0x00000000227a0000,0x00000000228a0000)]
  0x000000001c67d000 JavaThread "jar transforms Thread 5" [_thread_blocked, id=9672, stack(0x00000000226a0000,0x00000000227a0000)]
  0x000000001c67c800 JavaThread "jar transforms Thread 4" [_thread_blocked, id=7124, stack(0x0000000021230000,0x0000000021330000)]
  0x000000001c67e000 JavaThread "jar transforms Thread 3" [_thread_blocked, id=5360, stack(0x0000000021130000,0x0000000021230000)]
  0x000000001c680000 JavaThread "jar transforms Thread 2" [_thread_blocked, id=6380, stack(0x0000000021030000,0x0000000021130000)]
  0x000000001c67b000 JavaThread "jar transforms" [_thread_blocked, id=9492, stack(0x0000000020f30000,0x0000000021030000)]
  0x000000001c681800 JavaThread "Cache worker for file hash cache (C:\Users\DELL\AndroidStudioProjects\DU_AN_1\.gradle\6.5\fileHashes)" [_thread_blocked, id=5104, stack(0x00000000225a0000,0x00000000226a0000)]
  0x000000001c681000 JavaThread "Cache worker for file hash cache (C:\Users\DELL\.gradle\caches\6.5\fileHashes)" [_thread_blocked, id=4828, stack(0x000000001ec90000,0x000000001ed90000)]
  0x000000001c67f800 JavaThread "File lock request listener" [_thread_in_native, id=10340, stack(0x000000001eb90000,0x000000001ec90000)]
  0x000000001c80e000 JavaThread "Cache worker for journal cache (C:\Users\DELL\.gradle\caches\journal-1)" [_thread_blocked, id=13196, stack(0x000000001ea90000,0x000000001eb90000)]
  0x000000001c7ed000 JavaThread "Thread-9" [_thread_blocked, id=7220, stack(0x000000001e790000,0x000000001e890000)]
  0x000000001c7f0800 JavaThread "Stdin handler" [_thread_blocked, id=2280, stack(0x000000001e690000,0x000000001e790000)]
  0x000000001ad71800 JavaThread "Asynchronous log dispatcher for DefaultDaemonConnection: socket connection from /127.0.0.1:53421 to /127.0.0.1:53422" [_thread_blocked, id=10068, stack(0x000000001e590000,0x000000001e690000)]
  0x000000001ad71000 JavaThread "Daemon worker" [_thread_in_native, id=12768, stack(0x000000001e490000,0x000000001e590000)]
  0x000000001b021000 JavaThread "Cancel handler" [_thread_blocked, id=956, stack(0x000000001e390000,0x000000001e490000)]
  0x000000001c7bc000 JavaThread "Handler for socket connection from /127.0.0.1:53421 to /127.0.0.1:53422" [_thread_in_native, id=6656, stack(0x000000001e290000,0x000000001e390000)]
  0x000000001c7ad800 JavaThread "Daemon" [_thread_blocked, id=1120, stack(0x000000001e190000,0x000000001e290000)]
  0x000000001c73c800 JavaThread "Daemon periodic checks" [_thread_blocked, id=8332, stack(0x000000001de90000,0x000000001df90000)]
  0x000000001c73a800 JavaThread "Incoming local TCP Connector on port 53421" [_thread_in_native, id=11576, stack(0x000000001dc50000,0x000000001dd50000)]
  0x000000001c662800 JavaThread "Daemon health stats" [_thread_blocked, id=12528, stack(0x000000001d610000,0x000000001d710000)]
  0x0000000019e39800 JavaThread "Service Thread" daemon [_thread_blocked, id=8920, stack(0x000000001aa70000,0x000000001ab70000)]
  0x0000000019db3000 JavaThread "C1 CompilerThread3" daemon [_thread_blocked, id=11268, stack(0x000000001a970000,0x000000001aa70000)]
  0x0000000019da8000 JavaThread "C2 CompilerThread2" daemon [_thread_in_native, id=13008, stack(0x000000001a870000,0x000000001a970000)]
  0x0000000019da2000 JavaThread "C2 CompilerThread1" daemon [_thread_in_native, id=1224, stack(0x000000001a770000,0x000000001a870000)]
=>0x0000000019d9f800 JavaThread "C2 CompilerThread0" daemon [_thread_in_native, id=11120, stack(0x000000001a670000,0x000000001a770000)]
  0x0000000019d9e000 JavaThread "Attach Listener" daemon [_thread_blocked, id=11192, stack(0x000000001a570000,0x000000001a670000)]
  0x0000000017fae000 JavaThread "Signal Dispatcher" daemon [_thread_blocked, id=8048, stack(0x000000001a470000,0x000000001a570000)]
  0x0000000019d91000 JavaThread "Finalizer" daemon [_thread_blocked, id=10756, stack(0x000000001a270000,0x000000001a370000)]
  0x0000000019d90800 JavaThread "Reference Handler" daemon [_thread_blocked, id=12104, stack(0x000000001a170000,0x000000001a270000)]
  0x0000000002f2d800 JavaThread "main" [_thread_blocked, id=4984, stack(0x0000000002ca0000,0x0000000002da0000)]

Other Threads:
  0x0000000017f98000 VMThread [stack: 0x0000000019c70000,0x0000000019d70000] [id=6024]
  0x0000000019de1800 WatcherThread [stack: 0x000000001ab70000,0x000000001ac70000] [id=7232]

VM state:not at safepoint (normal execution)

VM Mutex/Monitor currently owned by a thread: None

heap address: 0x0000000080000000, size: 2048 MB, Compressed Oops mode: 32-bit
Narrow klass base: 0x0000000000000000, Narrow klass shift: 3
Compressed class space size: 1073741824 Address: 0x0000000100000000

Heap:
 PSYoungGen      total 98304K, used 57911K [0x00000000d5580000, 0x00000000dc600000, 0x0000000100000000)
  eden space 86528K, 55% used [0x00000000d5580000,0x00000000d84bb7b0,0x00000000daa00000)
  from space 11776K, 81% used [0x00000000daf00000,0x00000000db852738,0x00000000dba80000)
  to   space 5120K, 0% used [0x00000000dc100000,0x00000000dc100000,0x00000000dc600000)
 ParOldGen       total 70144K, used 13524K [0x0000000080000000, 0x0000000084480000, 0x00000000d5580000)
  object space 70144K, 19% used [0x0000000080000000,0x0000000080d353f8,0x0000000084480000)
 Metaspace       used 41510K, capacity 43196K, committed 43352K, reserved 1087488K
  class space    used 5591K, capacity 5971K, committed 6016K, reserved 1048576K

Card table byte_map: [0x00000000122f0000,0x0000000012700000] byte_map_base: 0x0000000011ef0000

Marking Bits: (ParMarkBitMap*) 0x000000006a34f030
 Begin Bits: [0x00000000131b0000, 0x00000000151b0000)
 End Bits:   [0x00000000151b0000, 0x00000000171b0000)

Polling page: 0x0000000002da0000

CodeCache: size=245760Kb used=13828Kb max_used=13845Kb free=231931Kb
 bounds [0x0000000002f30000, 0x0000000003cc0000, 0x0000000011f30000]
 total_blobs=4400 nmethods=3664 adapters=647
 compilation: enabled

Compilation events (10 events):
Event: 9.647 Thread 0x0000000019db3000 nmethod 3980 0x0000000003cb3e50 code [0x0000000003cb3fc0, 0x0000000003cb4230]
Event: 9.647 Thread 0x0000000019db3000 3981       1       org.gradle.internal.component.external.model.ConfigurationBoundExternalDependencyMetadata::isEndorsingStrictVersions (5 bytes)
Event: 9.647 Thread 0x0000000019db3000 nmethod 3981 0x0000000003cb4350 code [0x0000000003cb44a0, 0x0000000003cb45b0]
Event: 9.647 Thread 0x0000000019db3000 3982       1       org.gradle.api.internal.artifacts.ivyservice.resolveengine.graph.builder.SelectorState::getVersionConstraint (5 bytes)
Event: 9.647 Thread 0x0000000019db3000 nmethod 3982 0x0000000003cb4610 code [0x0000000003cb4760, 0x0000000003cb4870]
Event: 9.647 Thread 0x0000000019db3000 3983       1       org.gradle.api.internal.artifacts.ivyservice.resolveengine.graph.builder.ModuleResolveState::getId (5 bytes)
Event: 9.647 Thread 0x0000000019db3000 nmethod 3983 0x0000000003cb48d0 code [0x0000000003cb4a20, 0x0000000003cb4b30]
Event: 9.647 Thread 0x0000000019db3000 3984       3       java.util.Collections::singletonList (9 bytes)
Event: 9.647 Thread 0x0000000019db3000 nmethod 3984 0x0000000003cb4b90 code [0x0000000003cb4d00, 0x0000000003cb5010]
Event: 9.653 Thread 0x0000000019db3000 3985       3       org.gradle.api.internal.artifacts.ivyservice.resolveengine.result.DesugaredAttributeContainerSerializer::read (155 bytes)

GC Heap History (10 events):
Event: 5.306 GC heap before
{Heap before GC invocations=7 (full 1):
 PSYoungGen      total 56832K, used 49152K [0x00000000d5580000, 0x00000000dcc80000, 0x0000000100000000)
  eden space 49152K, 100% used [0x00000000d5580000,0x00000000d8580000,0x00000000d8580000)
  from space 7680K, 0% used [0x00000000d8580000,0x00000000d8580000,0x00000000d8d00000)
  to   space 11776K, 0% used [0x00000000dc100000,0x00000000dc100000,0x00000000dcc80000)
 ParOldGen       total 70144K, used 7476K [0x0000000080000000, 0x0000000084480000, 0x00000000d5580000)
  object space 70144K, 10% used [0x0000000080000000,0x000000008074d158,0x0000000084480000)
 Metaspace       used 23692K, capacity 24770K, committed 24960K, reserved 1071104K
  class space    used 3387K, capacity 3695K, committed 3712K, reserved 1048576K
Event: 5.312 GC heap after
Heap after GC invocations=7 (full 1):
 PSYoungGen      total 91648K, used 4746K [0x00000000d5580000, 0x00000000dc600000, 0x0000000100000000)
  eden space 86528K, 0% used [0x00000000d5580000,0x00000000d5580000,0x00000000daa00000)
  from space 5120K, 92% used [0x00000000dc100000,0x00000000dc5a2b18,0x00000000dc600000)
  to   space 11776K, 0% used [0x00000000daf00000,0x00000000daf00000,0x00000000dba80000)
 ParOldGen       total 70144K, used 7484K [0x0000000080000000, 0x0000000084480000, 0x00000000d5580000)
  object space 70144K, 10% used [0x0000000080000000,0x000000008074f158,0x0000000084480000)
 Metaspace       used 23692K, capacity 24770K, committed 24960K, reserved 1071104K
  class space    used 3387K, capacity 3695K, committed 3712K, reserved 1048576K
}
Event: 6.864 GC heap before
{Heap before GC invocations=8 (full 1):
 PSYoungGen      total 91648K, used 91274K [0x00000000d5580000, 0x00000000dc600000, 0x0000000100000000)
  eden space 86528K, 100% used [0x00000000d5580000,0x00000000daa00000,0x00000000daa00000)
  from space 5120K, 92% used [0x00000000dc100000,0x00000000dc5a2b18,0x00000000dc600000)
  to   space 11776K, 0% used [0x00000000daf00000,0x00000000daf00000,0x00000000dba80000)
 ParOldGen       total 70144K, used 7484K [0x0000000080000000, 0x0000000084480000, 0x00000000d5580000)
  object space 70144K, 10% used [0x0000000080000000,0x000000008074f158,0x0000000084480000)
 Metaspace       used 33913K, capacity 35070K, committed 35200K, reserved 1079296K
  class space    used 4603K, capacity 4918K, committed 4992K, reserved 1048576K
Event: 6.886 GC heap after
Heap after GC invocations=8 (full 1):
 PSYoungGen      total 98304K, used 11753K [0x00000000d5580000, 0x00000000dc600000, 0x0000000100000000)
  eden space 86528K, 0% used [0x00000000d5580000,0x00000000d5580000,0x00000000daa00000)
  from space 11776K, 99% used [0x00000000daf00000,0x00000000dba7a570,0x00000000dba80000)
  to   space 5120K, 0% used [0x00000000dc100000,0x00000000dc100000,0x00000000dc600000)
 ParOldGen       total 70144K, used 8039K [0x0000000080000000, 0x0000000084480000, 0x00000000d5580000)
  object space 70144K, 11% used [0x0000000080000000,0x00000000807d9f78,0x0000000084480000)
 Metaspace       used 33913K, capacity 35070K, committed 35200K, reserved 1079296K
  class space    used 4603K, capacity 4918K, committed 4992K, reserved 1048576K
}
Event: 6.937 GC heap before
{Heap before GC invocations=9 (full 1):
 PSYoungGen      total 98304K, used 13668K [0x00000000d5580000, 0x00000000dc600000, 0x0000000100000000)
  eden space 86528K, 2% used [0x00000000d5580000,0x00000000d575ec90,0x00000000daa00000)
  from space 11776K, 99% used [0x00000000daf00000,0x00000000dba7a570,0x00000000dba80000)
  to   space 5120K, 0% used [0x00000000dc100000,0x00000000dc100000,0x00000000dc600000)
 ParOldGen       total 70144K, used 8039K [0x0000000080000000, 0x0000000084480000, 0x00000000d5580000)
  object space 70144K, 11% used [0x0000000080000000,0x00000000807d9f78,0x0000000084480000)
 Metaspace       used 34190K, capacity 35326K, committed 35416K, reserved 1079296K
  class space    used 4619K, capacity 4918K, committed 4992K, reserved 1048576K
Event: 6.951 GC heap after
Heap after GC invocations=9 (full 1):
 PSYoungGen      total 91648K, used 5096K [0x00000000d5580000, 0x00000000dc600000, 0x0000000100000000)
  eden space 86528K, 0% used [0x00000000d5580000,0x00000000d5580000,0x00000000daa00000)
  from space 5120K, 99% used [0x00000000dc100000,0x00000000dc5fa0c0,0x00000000dc600000)
  to   space 11776K, 0% used [0x00000000daf00000,0x00000000daf00000,0x00000000dba80000)
 ParOldGen       total 70144K, used 9703K [0x0000000080000000, 0x0000000084480000, 0x00000000d5580000)
  object space 70144K, 13% used [0x0000000080000000,0x0000000080979f98,0x0000000084480000)
 Metaspace       used 34190K, capacity 35326K, committed 35416K, reserved 1079296K
  class space    used 4619K, capacity 4918K, committed 4992K, reserved 1048576K
}
Event: 6.951 GC heap before
{Heap before GC invocations=10 (full 2):
 PSYoungGen      total 91648K, used 5096K [0x00000000d5580000, 0x00000000dc600000, 0x0000000100000000)
  eden space 86528K, 0% used [0x00000000d5580000,0x00000000d5580000,0x00000000daa00000)
  from space 5120K, 99% used [0x00000000dc100000,0x00000000dc5fa0c0,0x00000000dc600000)
  to   space 11776K, 0% used [0x00000000daf00000,0x00000000daf00000,0x00000000dba80000)
 ParOldGen       total 70144K, used 9703K [0x0000000080000000, 0x0000000084480000, 0x00000000d5580000)
  object space 70144K, 13% used [0x0000000080000000,0x0000000080979f98,0x0000000084480000)
 Metaspace       used 34190K, capacity 35326K, committed 35416K, reserved 1079296K
  class space    used 4619K, capacity 4918K, committed 4992K, reserved 1048576K
Event: 7.157 GC heap after
Heap after GC invocations=10 (full 2):
 PSYoungGen      total 91648K, used 0K [0x00000000d5580000, 0x00000000dc600000, 0x0000000100000000)
  eden space 86528K, 0% used [0x00000000d5580000,0x00000000d5580000,0x00000000daa00000)
  from space 5120K, 0% used [0x00000000dc100000,0x00000000dc100000,0x00000000dc600000)
  to   space 11776K, 0% used [0x00000000daf00000,0x00000000daf00000,0x00000000dba80000)
 ParOldGen       total 70144K, used 13516K [0x0000000080000000, 0x0000000084480000, 0x00000000d5580000)
  object space 70144K, 19% used [0x0000000080000000,0x0000000080d333f8,0x0000000084480000)
 Metaspace       used 34190K, capacity 35326K, committed 35416K, reserved 1079296K
  class space    used 4619K, capacity 4918K, committed 4992K, reserved 1048576K
}
Event: 8.981 GC heap before
{Heap before GC invocations=11 (full 2):
 PSYoungGen      total 91648K, used 86528K [0x00000000d5580000, 0x00000000dc600000, 0x0000000100000000)
  eden space 86528K, 100% used [0x00000000d5580000,0x00000000daa00000,0x00000000daa00000)
  from space 5120K, 0% used [0x00000000dc100000,0x00000000dc100000,0x00000000dc600000)
  to   space 11776K, 0% used [0x00000000daf00000,0x00000000daf00000,0x00000000dba80000)
 ParOldGen       total 70144K, used 13516K [0x0000000080000000, 0x0000000084480000, 0x00000000d5580000)
  object space 70144K, 19% used [0x0000000080000000,0x0000000080d333f8,0x0000000084480000)
 Metaspace       used 39595K, capacity 41130K, committed 41176K, reserved 1085440K
  class space    used 5279K, capacity 5626K, committed 5632K, reserved 1048576K
Event: 8.991 GC heap after
Heap after GC invocations=11 (full 2):
 PSYoungGen      total 98304K, used 9545K [0x00000000d5580000, 0x00000000dc600000, 0x0000000100000000)
  eden space 86528K, 0% used [0x00000000d5580000,0x00000000d5580000,0x00000000daa00000)
  from space 11776K, 81% used [0x00000000daf00000,0x00000000db852738,0x00000000dba80000)
  to   space 5120K, 0% used [0x00000000dc100000,0x00000000dc100000,0x00000000dc600000)
 ParOldGen       total 70144K, used 13524K [0x0000000080000000, 0x0000000084480000, 0x00000000d5580000)
  object space 70144K, 19% used [0x0000000080000000,0x0000000080d353f8,0x0000000084480000)
 Metaspace       used 39595K, capacity 41130K, committed 41176K, reserved 1085440K
  class space    used 5279K, capacity 5626K, committed 5632K, reserved 1048576K
}

Deoptimization events (10 events):
Event: 8.848 Thread 0x000000001ad71000 Uncommon trap: reason=unstable_if action=reinterpret pc=0x00000000036b75c0 method=org.objectweb.asm.ByteVector.putShort(I)Lorg/objectweb/asm/ByteVector; @ 13
Event: 8.850 Thread 0x000000001ad71000 Uncommon trap: reason=unstable_if action=reinterpret pc=0x000000000360934c method=java.net.URLStreamHandler.sameFile(Ljava/net/URL;Ljava/net/URL;)Z @ 63
Event: 8.853 Thread 0x000000001ad71000 Uncommon trap: reason=unstable_if action=reinterpret pc=0x000000000361aa18 method=java.net.URLStreamHandler.sameFile(Ljava/net/URL;Ljava/net/URL;)Z @ 63
Event: 8.961 Thread 0x000000001ad71000 Uncommon trap: reason=unstable_if action=reinterpret pc=0x0000000003bb1228 method=org.codehaus.groovy.runtime.metaclass.MetaMethodIndex.isNonRealMethod(Lgroovy/lang/MetaMethod;)Z @ 4
Event: 9.005 Thread 0x000000001ad71000 Uncommon trap: reason=unstable_if action=reinterpret pc=0x0000000003b0477c method=java.lang.ClassLoader.checkCerts(Ljava/lang/String;Ljava/security/CodeSource;)V @ 29
Event: 9.021 Thread 0x000000001ad71000 Uncommon trap: reason=unstable_if action=reinterpret pc=0x00000000037194a4 method=java.util.WeakHashMap.put(Ljava/lang/Object;Ljava/lang/Object;)Ljava/lang/Object; @ 59
Event: 9.048 Thread 0x000000001ad71000 Uncommon trap: reason=unstable_if action=reinterpret pc=0x00000000038964b8 method=org.gradle.internal.reflect.PropertyAccessorType.isGetGetterName(Ljava/lang/String;)Z @ 14
Event: 9.076 Thread 0x000000001ad71000 Uncommon trap: reason=unstable_if action=reinterpret pc=0x00000000036001dc method=java.net.URLStreamHandler.sameFile(Ljava/net/URL;Ljava/net/URL;)Z @ 63
Event: 9.307 Thread 0x000000001ad71000 Uncommon trap: reason=unstable_if action=reinterpret pc=0x00000000033486f8 method=java.net.URI.match(CJJ)Z @ 45
Event: 9.310 Thread 0x000000001ad71000 Uncommon trap: reason=unstable_if action=reinterpret pc=0x00000000035a79e0 method=java.net.URI.match(CJJ)Z @ 45

Classes redefined (0 events):
No events

Internal exceptions (10 events):
Event: 9.201 Thread 0x000000001ad71000 Exception <a 'java/lang/ClassNotFoundException': org/gradle/api/internal/artifacts/DefaultArtifactRepositoryContainerBeanInfo> (0x00000000d65864a0) thrown at [C:\src\AOSP-openjdk-git\hotspot\src\share\vm\classfile\systemDictionary.cpp, line 210]
Event: 9.202 Thread 0x000000001ad71000 Exception <a 'java/lang/ClassNotFoundException': org/gradle/api/internal/DefaultNamedDomainObjectListBeanInfo> (0x00000000d65b9958) thrown at [C:\src\AOSP-openjdk-git\hotspot\src\share\vm\classfile\systemDictionary.cpp, line 210]
Event: 9.203 Thread 0x000000001ad71000 Exception <a 'java/lang/ClassNotFoundException': org/gradle/api/internal/DefaultNamedDomainObjectCollectionBeanInfo> (0x00000000d65ef488) thrown at [C:\src\AOSP-openjdk-git\hotspot\src\share\vm\classfile\systemDictionary.cpp, line 210]
Event: 9.204 Thread 0x000000001ad71000 Exception <a 'java/lang/ClassNotFoundException': org/gradle/api/internal/DefaultDomainObjectCollectionBeanInfo> (0x00000000d66238c8) thrown at [C:\src\AOSP-openjdk-git\hotspot\src\share\vm\classfile\systemDictionary.cpp, line 210]
Event: 9.205 Thread 0x000000001ad71000 Exception <a 'java/lang/ClassNotFoundException': org/gradle/api/internal/DefaultDomainObjectCollectionCustomizer> (0x00000000d66589d0) thrown at [C:\src\AOSP-openjdk-git\hotspot\src\share\vm\classfile\systemDictionary.cpp, line 210]
Event: 9.208 Thread 0x000000001ad71000 Exception <a 'java/lang/ClassNotFoundException': org/gradle/api/internal/DefaultNamedDomainObjectCollectionCustomizer> (0x00000000d66b6d18) thrown at [C:\src\AOSP-openjdk-git\hotspot\src\share\vm\classfile\systemDictionary.cpp, line 210]
Event: 9.213 Thread 0x000000001ad71000 Exception <a 'java/lang/ClassNotFoundException': org/gradle/api/internal/DefaultNamedDomainObjectListCustomizer> (0x00000000d6725c38) thrown at [C:\src\AOSP-openjdk-git\hotspot\src\share\vm\classfile\systemDictionary.cpp, line 210]
Event: 9.216 Thread 0x000000001ad71000 Exception <a 'java/lang/ClassNotFoundException': org/gradle/api/internal/artifacts/DefaultArtifactRepositoryContainerCustomizer> (0x00000000d6799ee0) thrown at [C:\src\AOSP-openjdk-git\hotspot\src\share\vm\classfile\systemDictionary.cpp, line 210]
Event: 9.218 Thread 0x000000001ad71000 Exception <a 'java/lang/ClassNotFoundException': org/gradle/api/internal/artifacts/dsl/DefaultRepositoryHandlerCustomizer> (0x00000000d67ff1c8) thrown at [C:\src\AOSP-openjdk-git\hotspot\src\share\vm\classfile\systemDictionary.cpp, line 210]
Event: 9.222 Thread 0x000000001ad71000 Exception <a 'java/lang/ClassNotFoundException': org/gradle/api/internal/artifacts/dsl/DefaultRepositoryHandler_DecoratedCustomizer> (0x00000000d68830b8) thrown at [C:\src\AOSP-openjdk-git\hotspot\src\share\vm\classfile\systemDictionary.cpp, line 210]

Events (10 events):
Event: 9.552 loading class org/gradle/api/internal/artifacts/ivyservice/resolveengine/excludes/factories/OptimizingExcludeFactory
Event: 9.552 loading class org/gradle/api/internal/artifacts/ivyservice/resolveengine/excludes/factories/OptimizingExcludeFactory done
Event: 9.553 loading class org/gradle/api/internal/artifacts/ivyservice/resolveengine/excludes/factories/Optimizations
Event: 9.553 loading class org/gradle/api/internal/artifacts/ivyservice/resolveengine/excludes/factories/Optimizations done
Event: 9.554 loading class org/gradle/internal/component/external/model/ConfigurationBoundExternalDependencyMetadata
Event: 9.554 loading class org/gradle/internal/component/external/model/ConfigurationBoundExternalDependencyMetadata done
Event: 9.592 loading class org/gradle/internal/component/external/descriptor/DefaultExclude
Event: 9.592 loading class org/gradle/internal/component/external/descriptor/DefaultExclude done
Event: 9.592 loading class org/gradle/internal/component/model/Exclude
Event: 9.592 loading class org/gradle/internal/component/model/Exclude done


Dynamic libraries:
0x00007ff6a4050000 - 0x00007ff6a4081000 	C:\Program Files\Android\Android Studio\jre\bin\java.exe
0x00007fff87bb0000 - 0x00007fff87da6000 	C:\Windows\SYSTEM32\ntdll.dll
0x00007fff874f0000 - 0x00007fff875ad000 	C:\Windows\System32\KERNEL32.DLL
0x00007fff856c0000 - 0x00007fff85988000 	C:\Windows\System32\KERNELBASE.dll
0x00007fff86a30000 - 0x00007fff86adc000 	C:\Windows\System32\ADVAPI32.dll
0x00007fff86420000 - 0x00007fff864be000 	C:\Windows\System32\msvcrt.dll
0x00007fff86c20000 - 0x00007fff86cbb000 	C:\Windows\System32\sechost.dll
0x00007fff87a40000 - 0x00007fff87b63000 	C:\Windows\System32\RPCRT4.dll
0x00007fff871f0000 - 0x00007fff87390000 	C:\Windows\System32\USER32.dll
0x00007fff85550000 - 0x00007fff85572000 	C:\Windows\System32\win32u.dll
0x00007fff871c0000 - 0x00007fff871ea000 	C:\Windows\System32\GDI32.dll
0x00007fff855b0000 - 0x00007fff856b9000 	C:\Windows\System32\gdi32full.dll
0x00007fff85a60000 - 0x00007fff85afd000 	C:\Windows\System32\msvcp_win.dll
0x00007fff852f0000 - 0x00007fff853f0000 	C:\Windows\System32\ucrtbase.dll
0x00007fff73860000 - 0x00007fff73afb000 	C:\Windows\WinSxS\amd64_microsoft.windows.common-controls_6595b64144ccf1df_6.0.19041.488_none_ca04af081b815d21\COMCTL32.dll
0x00007fff87390000 - 0x00007fff873c0000 	C:\Windows\System32\IMM32.DLL
0x00000000699c0000 - 0x0000000069a92000 	C:\Program Files\Android\Android Studio\jre\jre\bin\msvcr100.dll
0x0000000069b80000 - 0x000000006a3cb000 	C:\Program Files\Android\Android Studio\jre\jre\bin\server\jvm.dll
0x00007fff867e0000 - 0x00007fff867e8000 	C:\Windows\System32\PSAPI.DLL
0x00007fff731d0000 - 0x00007fff731d9000 	C:\Windows\SYSTEM32\WSOCK32.dll
0x00007fff774b0000 - 0x00007fff774d7000 	C:\Windows\SYSTEM32\WINMM.dll
0x00007fff77c90000 - 0x00007fff77c9a000 	C:\Windows\SYSTEM32\VERSION.dll
0x00007fff867f0000 - 0x00007fff8685b000 	C:\Windows\System32\WS2_32.dll
0x00007fff80080000 - 0x00007fff8008f000 	C:\Program Files\Android\Android Studio\jre\jre\bin\verify.dll
0x00007fff658d0000 - 0x00007fff658f9000 	C:\Program Files\Android\Android Studio\jre\jre\bin\java.dll
0x00007fff6e890000 - 0x00007fff6e8a6000 	C:\Program Files\Android\Android Studio\jre\jre\bin\zip.dll
0x00007fff85c70000 - 0x00007fff863b1000 	C:\Windows\System32\SHELL32.dll
0x00007fff83030000 - 0x00007fff837c5000 	C:\Windows\SYSTEM32\windows.storage.dll
0x00007fff875b0000 - 0x00007fff87905000 	C:\Windows\System32\combase.dll
0x00007fff84c90000 - 0x00007fff84cbc000 	C:\Windows\SYSTEM32\Wldp.dll
0x00007fff873c0000 - 0x00007fff8746e000 	C:\Windows\System32\SHCORE.dll
0x00007fff86780000 - 0x00007fff867d5000 	C:\Windows\System32\shlwapi.dll
0x00007fff85220000 - 0x00007fff85246000 	C:\Windows\SYSTEM32\profapi.dll
0x00007fff66880000 - 0x00007fff6689a000 	C:\Program Files\Android\Android Studio\jre\jre\bin\net.dll
0x00007fff84a80000 - 0x00007fff84aea000 	C:\Windows\system32\mswsock.dll
0x00007fff667c0000 - 0x00007fff667d3000 	C:\Program Files\Android\Android Studio\jre\jre\bin\nio.dll
0x00007fff55b00000 - 0x00007fff55b27000 	C:\Users\DELL\.gradle\native\f6784746aeab05261644944871eae4fe03e0ef1612fff0a4a95f87b438bc6780\windows-amd64\native-platform.dll
0x00007fff75ee0000 - 0x00007fff75eed000 	C:\Program Files\Android\Android Studio\jre\jre\bin\management.dll
0x00007fff84cd0000 - 0x00007fff84ce8000 	C:\Windows\SYSTEM32\CRYPTSP.dll
0x00007fff843c0000 - 0x00007fff843f4000 	C:\Windows\system32\rsaenh.dll
0x00007fff85580000 - 0x00007fff855a7000 	C:\Windows\System32\bcrypt.dll
0x00007fff851a0000 - 0x00007fff851ce000 	C:\Windows\SYSTEM32\USERENV.dll
0x00007fff85990000 - 0x00007fff85a0f000 	C:\Windows\System32\bcryptprimitives.dll
0x00007fff84c00000 - 0x00007fff84c0c000 	C:\Windows\SYSTEM32\CRYPTBASE.dll
0x00007fff84740000 - 0x00007fff8477b000 	C:\Windows\SYSTEM32\IPHLPAPI.DLL
0x00007fff86c10000 - 0x00007fff86c18000 	C:\Windows\System32\NSI.dll
0x00007fff7e370000 - 0x00007fff7e387000 	C:\Windows\SYSTEM32\dhcpcsvc6.DLL
0x00007fff7e460000 - 0x00007fff7e47d000 	C:\Windows\SYSTEM32\dhcpcsvc.DLL
0x00007fff84790000 - 0x00007fff8485b000 	C:\Windows\SYSTEM32\DNSAPI.dll
0x00007fff7e890000 - 0x00007fff7e89b000 	C:\Windows\SYSTEM32\WINNSI.DLL

VM Arguments:
jvm_args: -Xmx2048m -Dfile.encoding=windows-1252 -Duser.country=US -Duser.language=en -Duser.variant 
java_command: org.gradle.launcher.daemon.bootstrap.GradleDaemon 6.5
java_class_path (initial): C:\Users\DELL\.gradle\wrapper\dists\gradle-6.5-bin\6nifqtx7604sqp1q6g8wikw7p\gradle-6.5\lib\gradle-launcher-6.5.jar
Launcher Type: SUN_STANDARD

Environment Variables:
PATH=C:\Windows\system32;C:\Windows;C:\Windows\System32\Wbem;C:\Windows\System32\WindowsPowerShell\v1.0\;C:\Windows\System32\OpenSSH\;C:\Program Files\Git\cmd;C:\Users\DELL\AppData\Local\Microsoft\WindowsApps;C:\Users\DELL\AppData\Local\GitHubDesktop\bin;C:\Users\DELL\AppData\Local\Programs\Microsoft VS Code\bin
USERNAME=DELL
OS=Windows_NT
PROCESSOR_IDENTIFIER=Intel64 Family 6 Model 142 Stepping 10, GenuineIntel



---------------  S Y S T E M  ---------------

OS: Windows 10.0 , 64 bit Build 19041 (10.0.19041.546)

CPU:total 8 (initial active 8) (4 cores per cpu, 2 threads per core) family 6 model 142 stepping 10, cmov, cx8, fxsr, mmx, sse, sse2, sse3, ssse3, sse4.1, sse4.2, popcnt, avx, avx2, aes, clmul, erms, 3dnowpref, lzcnt, ht, tsc, tscinvbit, bmi1, bmi2, adx

Memory: 4k page, physical 12444736k(845768k free), swap 14917696k(6940k free)

vm_info: OpenJDK 64-Bit Server VM (25.242-b01) for windows-amd64 JRE (1.8.0_242-release-1644-b01), built by "builder" with MS VC++ 10.0 (VS2010)

time: Tue Nov 10 20:49:50 2020
timezone: SE Asia Standard Time
elapsed time: 9 seconds (0d 0h 0m 9s)

