#
# There is insufficient memory for the Java Runtime Environment to continue.
# Native memory allocation (malloc) failed to allocate 32744 bytes for ChunkPool::allocate
# Possible reasons:
#   The system is out of physical RAM or swap space
#   The process is running with CompressedOops enabled, and the Java Heap may be blocking the growth of the native heap
# Possible solutions:
#   Reduce memory load on the system
#   Increase physical memory or swap space
#   Check if swap backing store is full
#   Decrease Java heap size (-Xmx/-Xms)
#   Decrease number of Java threads
#   Decrease Java thread stack sizes (-Xss)
#   Set larger code cache with -XX:ReservedCodeCacheSize=
#   JVM is running with Unscaled Compressed Oops mode in which the Java heap is
#     placed in the first 4GB address space. The Java Heap base address is the
#     maximum limit for the native heap growth. Please use -XX:HeapBaseMinAddress
#     to set the Java Heap base and to place the Java Heap above 4GB virtual address.
# This output file may be truncated or incomplete.
#
#  Out of Memory Error (allocation.cpp:272), pid=6336, tid=0x0000000000002f04
#
# JRE version: OpenJDK Runtime Environment (8.0_242-b01) (build 1.8.0_242-release-1644-b01)
# Java VM: OpenJDK 64-Bit Server VM (25.242-b01 mixed mode windows-amd64 compressed oops)
# Failed to write core dump. Minidumps are not enabled by default on client versions of Windows
#

---------------  T H R E A D  ---------------

Current thread (0x0000000019bb3800):  JavaThread "C2 CompilerThread0" daemon [_thread_in_native, id=12036, stack(0x000000001a480000,0x000000001a580000)]

Stack: [0x000000001a480000,0x000000001a580000]
[error occurred during error reporting (printing stack bounds), id 0xc0000005]

Native frames: (J=compiled Java code, j=interpreted, Vv=VM code, C=native code)


Current CompileTask:
C2:  70773 19503       4       com.android.tools.r8.ir.conversion.N::a (866 bytes)


---------------  P R O C E S S  ---------------

Java Threads: ( => current thread )
  0x000000001be40800 JavaThread "Cache worker for Java compile cache (C:\Users\DELL\AndroidStudioProjects\DU_AN_1\.gradle\6.5\javaCompile)" [_thread_blocked, id=10656, stack(0x000000001e4a0000,0x000000001e5a0000)]
  0x000000001be3c800 JavaThread "Cache worker for Java compile cache (C:\Users\DELL\.gradle\caches\6.5\javaCompile)" [_thread_blocked, id=12940, stack(0x0000000001000000,0x0000000001100000)]
  0x000000001bd1b000 JavaThread "stdout" [_thread_in_native, id=3260, stack(0x000000002ff40000,0x0000000030040000)]
  0x00000000208f6000 JavaThread "stderr" [_thread_in_native, id=11592, stack(0x000000002fe40000,0x000000002ff40000)]
  0x00000000208f7000 JavaThread "stdout" [_thread_in_native, id=8928, stack(0x000000002fd40000,0x000000002fe40000)]
  0x00000000208f4800 JavaThread "stderr" [_thread_in_native, id=12992, stack(0x000000002fc40000,0x000000002fd40000)]
  0x00000000208f4000 JavaThread "stdout" [_thread_in_native, id=4744, stack(0x000000002fb40000,0x000000002fc40000)]
  0x00000000208f3000 JavaThread "stderr" [_thread_in_native, id=11552, stack(0x000000002fa40000,0x000000002fb40000)]
  0x00000000208fa000 JavaThread "stdout" [_thread_in_native, id=11444, stack(0x000000002f940000,0x000000002fa40000)]
  0x00000000208f5800 JavaThread "stderr" [_thread_in_native, id=1608, stack(0x000000002f840000,0x000000002f940000)]
  0x00000000208f9000 JavaThread "stdout" [_thread_in_native, id=7680, stack(0x000000002f740000,0x000000002f840000)]
  0x00000000208f7800 JavaThread "stderr" [_thread_in_native, id=8456, stack(0x000000002f640000,0x000000002f740000)]
  0x00000000208f8800 JavaThread "stdout" [_thread_in_native, id=10488, stack(0x000000002f540000,0x000000002f640000)]
  0x000000001f28b800 JavaThread "stderr" [_thread_in_native, id=8168, stack(0x000000002f440000,0x000000002f540000)]
  0x000000001f28a800 JavaThread "stdout" [_thread_in_native, id=11084, stack(0x000000002f340000,0x000000002f440000)]
  0x000000001f284000 JavaThread "stderr" [_thread_in_native, id=8684, stack(0x000000002f240000,0x000000002f340000)]
  0x000000001f28a000 JavaThread "stdout" [_thread_in_native, id=8052, stack(0x000000002f140000,0x000000002f240000)]
  0x000000001f287000 JavaThread "stderr" [_thread_in_native, id=10144, stack(0x000000002f040000,0x000000002f140000)]
  0x000000001f286000 JavaThread "pool-2-thread-1" [_thread_blocked, id=8212, stack(0x000000002c860000,0x000000002c960000)]
  0x000000001f287800 JavaThread "WorkerExecutor Queue Thread 8" [_thread_in_Java, id=420, stack(0x000000002ed40000,0x000000002ee40000)]
  0x000000001f285800 JavaThread "WorkerExecutor Queue Thread 7" [_thread_blocked, id=11680, stack(0x000000002ec40000,0x000000002ed40000)]
  0x000000001f288800 JavaThread "WorkerExecutor Queue Thread 6" [_thread_blocked, id=4396, stack(0x000000002eb40000,0x000000002ec40000)]
  0x000000001f27e000 JavaThread "WorkerExecutor Queue Thread 5" [_thread_blocked, id=12164, stack(0x000000002ea40000,0x000000002eb40000)]
  0x000000001f284800 JavaThread "WorkerExecutor Queue Thread 4" [_thread_blocked, id=11672, stack(0x000000002e940000,0x000000002ea40000)]
  0x000000001f281800 JavaThread "WorkerExecutor Queue Thread 3" [_thread_blocked, id=3016, stack(0x000000002e840000,0x000000002e940000)]
  0x000000001f280000 JavaThread "WorkerExecutor Queue Thread 2" [_thread_blocked, id=1780, stack(0x000000002e740000,0x000000002e840000)]
  0x000000001f281000 JavaThread "WorkerExecutor Queue" [_thread_blocked, id=11952, stack(0x000000002e640000,0x000000002e740000)]
  0x0000000021664000 JavaThread "Cache worker for execution history cache (C:\Users\DELL\AndroidStudioProjects\DU_AN_1\.gradle\6.5\executionHistory)" [_thread_blocked, id=1276, stack(0x000000002e120000,0x000000002e220000)]
  0x0000000021663800 JavaThread "Execution worker for ':' Thread 7" [_thread_blocked, id=4236, stack(0x000000002e020000,0x000000002e120000)]
  0x0000000021666800 JavaThread "Execution worker for ':' Thread 6" [_thread_blocked, id=10516, stack(0x000000002df20000,0x000000002e020000)]
  0x000000002165c000 JavaThread "Execution worker for ':' Thread 5" [_thread_blocked, id=10520, stack(0x000000002de20000,0x000000002df20000)]
  0x0000000021662800 JavaThread "Execution worker for ':' Thread 4" [_thread_blocked, id=10060, stack(0x000000002dd20000,0x000000002de20000)]
  0x0000000021662000 JavaThread "Execution worker for ':' Thread 3" [_thread_blocked, id=10232, stack(0x000000002dc20000,0x000000002dd20000)]
  0x0000000021661000 JavaThread "Execution worker for ':' Thread 2" [_thread_blocked, id=1548, stack(0x000000002db20000,0x000000002dc20000)]
  0x0000000021660800 JavaThread "Execution worker for ':'" [_thread_blocked, id=11784, stack(0x000000002b120000,0x000000002b220000)]
  0x000000002165a800 JavaThread "Cache worker for file content cache (C:\Users\DELL\AndroidStudioProjects\DU_AN_1\.gradle\6.5\fileContent)" [_thread_blocked, id=9092, stack(0x000000002da20000,0x000000002db20000)]
  0x000000002165f800 JavaThread "Memory manager" [_thread_blocked, id=5468, stack(0x000000002abe0000,0x000000002ace0000)]
  0x0000000021659800 JavaThread "pool-1-thread-1" [_thread_blocked, id=6656, stack(0x0000000027770000,0x0000000027870000)]
  0x0000000021658800 JavaThread "Cache worker for Build Output Cleanup Cache (C:\Users\DELL\AndroidStudioProjects\DU_AN_1\.gradle\buildOutputCleanup)" [_thread_blocked, id=11652, stack(0x0000000029ee0000,0x0000000029fe0000)]
  0x000000001cacd800 JavaThread "Build operations Thread 8" [_thread_blocked, id=7392, stack(0x0000000023c40000,0x0000000023d40000)]
  0x000000001cad4000 JavaThread "Build operations Thread 7" [_thread_blocked, id=9604, stack(0x0000000023b40000,0x0000000023c40000)]
  0x000000001cad3800 JavaThread "Build operations Thread 6" [_thread_blocked, id=7236, stack(0x0000000023a40000,0x0000000023b40000)]
  0x000000001cad2000 JavaThread "Build operations Thread 5" [_thread_blocked, id=12296, stack(0x0000000023940000,0x0000000023a40000)]
  0x000000001cacf800 JavaThread "Build operations Thread 4" [_thread_blocked, id=4428, stack(0x0000000023840000,0x0000000023940000)]
  0x000000001cad2800 JavaThread "Build operations Thread 3" [_thread_blocked, id=11864, stack(0x0000000023740000,0x0000000023840000)]
  0x000000001cacb000 JavaThread "Build operations Thread 2" [_thread_blocked, id=9924, stack(0x0000000023640000,0x0000000023740000)]
  0x000000001cacc800 JavaThread "Build operations" [_thread_blocked, id=1628, stack(0x00000000232c0000,0x00000000233c0000)]
  0x000000001c7b0000 JavaThread "Cache worker for file content cache (C:\Users\DELL\.gradle\caches\6.5\fileContent)" [_thread_blocked, id=7700, stack(0x0000000022dc0000,0x0000000022ec0000)]
  0x000000001c7ab800 JavaThread "Cache worker for execution history cache (C:\Users\DELL\.gradle\caches\6.5\executionHistory)" [_thread_blocked, id=7552, stack(0x00000000225c0000,0x00000000226c0000)]
  0x000000001c7ae000 JavaThread "Cache worker for cache directory md-rule (C:\Users\DELL\.gradle\caches\6.5\md-rule)" [_thread_blocked, id=2424, stack(0x00000000224c0000,0x00000000225c0000)]
  0x000000001c7af800 JavaThread "Cache worker for cache directory md-supplier (C:\Users\DELL\.gradle\caches\6.5\md-supplier)" [_thread_blocked, id=12608, stack(0x0000000021170000,0x0000000021270000)]
  0x000000001c7ad000 JavaThread "Cache worker for checksums cache (C:\Users\DELL\AndroidStudioProjects\DU_AN_1\.gradle\checksums)" [_thread_blocked, id=2820, stack(0x0000000021070000,0x0000000021170000)]
  0x000000001c7ae800 JavaThread "Cache worker for file hash cache (C:\Users\DELL\AndroidStudioProjects\DU_AN_1\.gradle\6.5\fileHashes)" [_thread_blocked, id=4980, stack(0x000000001eba0000,0x000000001eca0000)]
  0x000000001c7ac800 JavaThread "Cache worker for file hash cache (C:\Users\DELL\.gradle\caches\6.5\fileHashes)" [_thread_blocked, id=6972, stack(0x000000001eaa0000,0x000000001eba0000)]
  0x000000001c7b1800 JavaThread "File lock request listener" [_thread_in_native, id=2804, stack(0x000000001e9a0000,0x000000001eaa0000)]
  0x000000001ca87800 JavaThread "Cache worker for journal cache (C:\Users\DELL\.gradle\caches\journal-1)" [_thread_blocked, id=9420, stack(0x000000001e8a0000,0x000000001e9a0000)]
  0x000000001ac52800 JavaThread "Thread-9" [_thread_blocked, id=12552, stack(0x000000001e5a0000,0x000000001e6a0000)]
  0x000000001ac1d800 JavaThread "Asynchronous log dispatcher for DefaultDaemonConnection: socket connection from /127.0.0.1:54080 to /127.0.0.1:54081" [_thread_blocked, id=10600, stack(0x000000001e3a0000,0x000000001e4a0000)]
  0x000000001ab6f000 JavaThread "Daemon worker" [_thread_blocked, id=12672, stack(0x000000001e2a0000,0x000000001e3a0000)]
  0x000000001abdd000 JavaThread "Cancel handler" [_thread_blocked, id=6012, stack(0x000000001e1a0000,0x000000001e2a0000)]
  0x000000001c24d800 JavaThread "Handler for socket connection from /127.0.0.1:54080 to /127.0.0.1:54081" [_thread_in_native, id=11076, stack(0x000000001e0a0000,0x000000001e1a0000)]
  0x000000001c24b800 JavaThread "Daemon" [_thread_blocked, id=9440, stack(0x000000001dfa0000,0x000000001e0a0000)]
  0x000000001c72b800 JavaThread "Daemon periodic checks" [_thread_blocked, id=3764, stack(0x000000001dca0000,0x000000001dda0000)]
  0x000000001c6e5000 JavaThread "Incoming local TCP Connector on port 54080" [_thread_in_native, id=11836, stack(0x000000001da60000,0x000000001db60000)]
  0x000000001c6a3800 JavaThread "Daemon health stats" [_thread_blocked, id=13072, stack(0x000000001d420000,0x000000001d520000)]
  0x0000000019c46800 JavaThread "Service Thread" daemon [_thread_blocked, id=3256, stack(0x000000001a880000,0x000000001a980000)]
  0x0000000019bc1000 JavaThread "C1 CompilerThread3" daemon [_thread_blocked, id=1684, stack(0x000000001a780000,0x000000001a880000)]
  0x0000000019bbd800 JavaThread "C2 CompilerThread2" daemon [_thread_in_native, id=4464, stack(0x000000001a680000,0x000000001a780000)]
  0x0000000017daa800 JavaThread "C2 CompilerThread1" daemon [_thread_in_native, id=5936, stack(0x000000001a580000,0x000000001a680000)]
=>0x0000000019bb3800 JavaThread "C2 CompilerThread0" daemon [_thread_in_native, id=12036, stack(0x000000001a480000,0x000000001a580000)]
  0x0000000019bb2000 JavaThread "Attach Listener" daemon [_thread_blocked, id=7508, stack(0x000000001a380000,0x000000001a480000)]
  0x0000000019bb1000 JavaThread "Signal Dispatcher" daemon [_thread_blocked, id=10508, stack(0x000000001a280000,0x000000001a380000)]
  0x0000000002d2d800 JavaThread "Finalizer" daemon [_thread_blocked, id=7128, stack(0x000000001a080000,0x000000001a180000)]
  0x0000000017d9c800 JavaThread "Reference Handler" daemon [_thread_blocked, id=4764, stack(0x0000000019f80000,0x000000001a080000)]
  0x000000000129d800 JavaThread "main" [_thread_blocked, id=13028, stack(0x0000000002a60000,0x0000000002b60000)]

Other Threads:
  0x0000000017d98000 VMThread [stack: 0x0000000019a80000,0x0000000019b80000] [id=6100]
  0x0000000019c5f000 WatcherThread [stack: 0x000000001a980000,0x000000001aa80000] [id=11620]

VM state:not at safepoint (normal execution)

VM Mutex/Monitor currently owned by a thread: None

heap address: 0x0000000080000000, size: 2048 MB, Compressed Oops mode: 32-bit
Narrow klass base: 0x0000000000000000, Narrow klass shift: 3
Compressed class space size: 1073741824 Address: 0x0000000100000000

Heap:
 PSYoungGen      total 606720K, used 278616K [0x00000000d5580000, 0x0000000100000000, 0x0000000100000000)
  eden space 567808K, 49% used [0x00000000d5580000,0x00000000e65961d0,0x00000000f8000000)
  from space 38912K, 0% used [0x00000000fd880000,0x00000000fd880000,0x00000000ffe80000)
  to   space 65536K, 0% used [0x00000000f8000000,0x00000000f8000000,0x00000000fc000000)
 ParOldGen       total 339968K, used 70679K [0x0000000080000000, 0x0000000094c00000, 0x00000000d5580000)
  object space 339968K, 20% used [0x0000000080000000,0x0000000084505c40,0x0000000094c00000)
 Metaspace       used 90934K, capacity 95708K, committed 97304K, reserved 1132544K
  class space    used 12031K, capacity 12915K, committed 13360K, reserved 1048576K

Card table byte_map: [0x00000000120f0000,0x0000000012500000] byte_map_base: 0x0000000011cf0000

Marking Bits: (ParMarkBitMap*) 0x000000006a34f030
 Begin Bits: [0x0000000012fb0000, 0x0000000014fb0000)
 End Bits:   [0x0000000014fb0000, 0x0000000016fb0000)

Polling page: 0x00000000011d0000

CodeCache: size=245760Kb used=52866Kb max_used=55897Kb free=192893Kb
 bounds [0x0000000002d30000, 0x0000000006410000, 0x0000000011d30000]
 total_blobs=16687 nmethods=15821 adapters=776
 compilation: enabled

Compilation events (10 events):
Event: 70.712 Thread 0x0000000019bc1000 19655       2       com.android.tools.r8.dex.c::a (32 bytes)
Event: 70.712 Thread 0x0000000019bc1000 nmethod 19655 0x000000000316d6d0 code [0x000000000316d840, 0x000000000316d9c8]
Event: 70.714 Thread 0x0000000019bc1000 19656 %     3       com.android.tools.r8.dex.n::g @ 10 (49 bytes)
Event: 70.715 Thread 0x0000000019bc1000 nmethod 19656% 0x00000000049fc950 code [0x00000000049fcae0, 0x00000000049fce48]
Event: 70.717 Thread 0x0000000019bc1000 19659       3       com.android.tools.r8.dex.n::g (49 bytes)
Event: 70.718 Thread 0x0000000019bc1000 nmethod 19659 0x0000000002e6a210 code [0x0000000002e6a380, 0x0000000002e6a688]
Event: 70.720 Thread 0x0000000019bc1000 19660       2       java.lang.CharacterDataLatin1::digit (91 bytes)
Event: 70.721 Thread 0x0000000019bc1000 nmethod 19660 0x00000000030a4a10 code [0x00000000030a4b60, 0x00000000030a4d70]
Event: 70.723 Thread 0x0000000019bc1000 19662       2       com.android.tools.r8.q.a.b.l.d::<init> (43 bytes)
Event: 70.723 Thread 0x0000000019bc1000 nmethod 19662 0x00000000049cd4d0 code [0x00000000049cd620, 0x00000000049cd850]

GC Heap History (10 events):
Event: 51.209 GC heap before
{Heap before GC invocations=33 (full 3):
 PSYoungGen      total 653824K, used 633582K [0x00000000d5580000, 0x00000000ffd80000, 0x0000000100000000)
  eden space 610816K, 100% used [0x00000000d5580000,0x00000000faa00000,0x00000000faa00000)
  from space 43008K, 52% used [0x00000000faa00000,0x00000000fc03b8f0,0x00000000fd400000)
  to   space 40960K, 0% used [0x00000000fd580000,0x00000000fd580000,0x00000000ffd80000)
 ParOldGen       total 173056K, used 105229K [0x0000000080000000, 0x000000008a900000, 0x00000000d5580000)
  object space 173056K, 60% used [0x0000000080000000,0x00000000866c3428,0x000000008a900000)
 Metaspace       used 82645K, capacity 88014K, committed 88088K, reserved 1124352K
  class space    used 11289K, capacity 12313K, committed 12336K, reserved 1048576K
Event: 51.245 GC heap after
Heap after GC invocations=33 (full 3):
 PSYoungGen      total 654336K, used 17500K [0x00000000d5580000, 0x00000000ffc00000, 0x0000000100000000)
  eden space 614912K, 0% used [0x00000000d5580000,0x00000000d5580000,0x00000000fae00000)
  from space 39424K, 44% used [0x00000000fd580000,0x00000000fe697198,0x00000000ffc00000)
  to   space 39936K, 0% used [0x00000000fae00000,0x00000000fae00000,0x00000000fd500000)
 ParOldGen       total 173056K, used 105237K [0x0000000080000000, 0x000000008a900000, 0x00000000d5580000)
  object space 173056K, 60% used [0x0000000080000000,0x00000000866c5428,0x000000008a900000)
 Metaspace       used 82645K, capacity 88014K, committed 88088K, reserved 1124352K
  class space    used 11289K, capacity 12313K, committed 12336K, reserved 1048576K
}
Event: 53.420 GC heap before
{Heap before GC invocations=34 (full 3):
 PSYoungGen      total 654336K, used 632412K [0x00000000d5580000, 0x00000000ffc00000, 0x0000000100000000)
  eden space 614912K, 100% used [0x00000000d5580000,0x00000000fae00000,0x00000000fae00000)
  from space 39424K, 44% used [0x00000000fd580000,0x00000000fe697198,0x00000000ffc00000)
  to   space 39936K, 0% used [0x00000000fae00000,0x00000000fae00000,0x00000000fd500000)
 ParOldGen       total 173056K, used 105237K [0x0000000080000000, 0x000000008a900000, 0x00000000d5580000)
  object space 173056K, 60% used [0x0000000080000000,0x00000000866c5428,0x000000008a900000)
 Metaspace       used 82657K, capacity 88026K, committed 88088K, reserved 1124352K
  class space    used 11290K, capacity 12315K, committed 12336K, reserved 1048576K
Event: 53.450 GC heap after
Heap after GC invocations=34 (full 3):
 PSYoungGen      total 654848K, used 20861K [0x00000000d5580000, 0x00000000ffe80000, 0x0000000100000000)
  eden space 614912K, 0% used [0x00000000d5580000,0x00000000d5580000,0x00000000fae00000)
  from space 39936K, 52% used [0x00000000fae00000,0x00000000fc25f6c8,0x00000000fd500000)
  to   space 38912K, 0% used [0x00000000fd880000,0x00000000fd880000,0x00000000ffe80000)
 ParOldGen       total 173056K, used 105245K [0x0000000080000000, 0x000000008a900000, 0x00000000d5580000)
  object space 173056K, 60% used [0x0000000080000000,0x00000000866c7428,0x000000008a900000)
 Metaspace       used 82657K, capacity 88026K, committed 88088K, reserved 1124352K
  class space    used 11290K, capacity 12315K, committed 12336K, reserved 1048576K
}
Event: 58.400 GC heap before
{Heap before GC invocations=35 (full 3):
 PSYoungGen      total 654848K, used 635773K [0x00000000d5580000, 0x00000000ffe80000, 0x0000000100000000)
  eden space 614912K, 100% used [0x00000000d5580000,0x00000000fae00000,0x00000000fae00000)
  from space 39936K, 52% used [0x00000000fae00000,0x00000000fc25f6c8,0x00000000fd500000)
  to   space 38912K, 0% used [0x00000000fd880000,0x00000000fd880000,0x00000000ffe80000)
 ParOldGen       total 173056K, used 105245K [0x0000000080000000, 0x000000008a900000, 0x00000000d5580000)
  object space 173056K, 60% used [0x0000000080000000,0x00000000866c7428,0x000000008a900000)
 Metaspace       used 84067K, capacity 89580K, committed 89752K, reserved 1126400K
  class space    used 11426K, capacity 12452K, committed 12464K, reserved 1048576K
Event: 58.520 GC heap after
Heap after GC invocations=35 (full 3):
 PSYoungGen      total 606720K, used 38907K [0x00000000d5580000, 0x0000000100000000, 0x0000000100000000)
  eden space 567808K, 0% used [0x00000000d5580000,0x00000000d5580000,0x00000000f8000000)
  from space 38912K, 99% used [0x00000000fd880000,0x00000000ffe7ed58,0x00000000ffe80000)
  to   space 65536K, 0% used [0x00000000f8000000,0x00000000f8000000,0x00000000fc000000)
 ParOldGen       total 173056K, used 165279K [0x0000000080000000, 0x000000008a900000, 0x00000000d5580000)
  object space 173056K, 95% used [0x0000000080000000,0x000000008a167f20,0x000000008a900000)
 Metaspace       used 84067K, capacity 89580K, committed 89752K, reserved 1126400K
  class space    used 11426K, capacity 12452K, committed 12464K, reserved 1048576K
}
Event: 58.520 GC heap before
{Heap before GC invocations=36 (full 4):
 PSYoungGen      total 606720K, used 38907K [0x00000000d5580000, 0x0000000100000000, 0x0000000100000000)
  eden space 567808K, 0% used [0x00000000d5580000,0x00000000d5580000,0x00000000f8000000)
  from space 38912K, 99% used [0x00000000fd880000,0x00000000ffe7ed58,0x00000000ffe80000)
  to   space 65536K, 0% used [0x00000000f8000000,0x00000000f8000000,0x00000000fc000000)
 ParOldGen       total 173056K, used 165279K [0x0000000080000000, 0x000000008a900000, 0x00000000d5580000)
  object space 173056K, 95% used [0x0000000080000000,0x000000008a167f20,0x000000008a900000)
 Metaspace       used 84067K, capacity 89580K, committed 89752K, reserved 1126400K
  class space    used 11426K, capacity 12452K, committed 12464K, reserved 1048576K
Event: 59.370 GC heap after
Heap after GC invocations=36 (full 4):
 PSYoungGen      total 606720K, used 0K [0x00000000d5580000, 0x0000000100000000, 0x0000000100000000)
  eden space 567808K, 0% used [0x00000000d5580000,0x00000000d5580000,0x00000000f8000000)
  from space 38912K, 0% used [0x00000000fd880000,0x00000000fd880000,0x00000000ffe80000)
  to   space 65536K, 0% used [0x00000000f8000000,0x00000000f8000000,0x00000000fc000000)
 ParOldGen       total 173056K, used 144515K [0x0000000080000000, 0x000000008a900000, 0x00000000d5580000)
  object space 173056K, 83% used [0x0000000080000000,0x0000000088d20f60,0x000000008a900000)
 Metaspace       used 83328K, capacity 87866K, committed 89752K, reserved 1126400K
  class space    used 11165K, capacity 11985K, committed 12464K, reserved 1048576K
}
Event: 67.956 GC heap before
{Heap before GC invocations=37 (full 5):
 PSYoungGen      total 606720K, used 567808K [0x00000000d5580000, 0x0000000100000000, 0x0000000100000000)
  eden space 567808K, 100% used [0x00000000d5580000,0x00000000f8000000,0x00000000f8000000)
  from space 38912K, 0% used [0x00000000fd880000,0x00000000fd880000,0x00000000ffe80000)
  to   space 65536K, 0% used [0x00000000f8000000,0x00000000f8000000,0x00000000fc000000)
 ParOldGen       total 173056K, used 144515K [0x0000000080000000, 0x000000008a900000, 0x00000000d5580000)
  object space 173056K, 83% used [0x0000000080000000,0x0000000088d20f60,0x000000008a900000)
 Metaspace       used 90599K, capacity 95306K, committed 97048K, reserved 1132544K
  class space    used 11995K, capacity 12876K, committed 13360K, reserved 1048576K
Event: 68.220 GC heap after
Heap after GC invocations=37 (full 5):
 PSYoungGen      total 606720K, used 0K [0x00000000d5580000, 0x0000000100000000, 0x0000000100000000)
  eden space 567808K, 0% used [0x00000000d5580000,0x00000000d5580000,0x00000000f8000000)
  from space 38912K, 0% used [0x00000000fd880000,0x00000000fd880000,0x00000000ffe80000)
  to   space 65536K, 0% used [0x00000000f8000000,0x00000000f8000000,0x00000000fc000000)
 ParOldGen       total 339968K, used 70679K [0x0000000080000000, 0x0000000094c00000, 0x00000000d5580000)
  object space 339968K, 20% used [0x0000000080000000,0x0000000084505c40,0x0000000094c00000)
 Metaspace       used 90573K, capacity 95234K, committed 97048K, reserved 1132544K
  class space    used 11987K, capacity 12862K, committed 13360K, reserved 1048576K
}

Deoptimization events (10 events):
Event: 70.277 Thread 0x000000001f281800 Uncommon trap: reason=array_check action=maybe_recompile pc=0x0000000005ae8fc0 method=java.util.TimSort.mergeHi(IIII)V @ 101
Event: 70.277 Thread 0x000000001f281800 Uncommon trap: reason=array_check action=maybe_recompile pc=0x0000000005ae8fc0 method=java.util.TimSort.mergeHi(IIII)V @ 101
Event: 70.278 Thread 0x000000001f281800 Uncommon trap: reason=array_check action=maybe_recompile pc=0x0000000004e4a6f8 method=java.util.TimSort.mergeLo(IIII)V @ 81
Event: 70.278 Thread 0x000000001f281800 Uncommon trap: reason=array_check action=maybe_recompile pc=0x0000000004e4a6f8 method=java.util.TimSort.mergeLo(IIII)V @ 81
Event: 70.278 Thread 0x000000001f281800 Uncommon trap: reason=array_check action=maybe_recompile pc=0x0000000005ae8fc0 method=java.util.TimSort.mergeHi(IIII)V @ 101
Event: 70.278 Thread 0x000000001f281800 Uncommon trap: reason=array_check action=maybe_recompile pc=0x0000000005ae8fc0 method=java.util.TimSort.mergeHi(IIII)V @ 101
Event: 70.278 Thread 0x000000001f281800 Uncommon trap: reason=array_check action=maybe_recompile pc=0x0000000004e4a6f8 method=java.util.TimSort.mergeLo(IIII)V @ 81
Event: 70.288 Thread 0x000000001f281800 Uncommon trap: reason=array_check action=maybe_recompile pc=0x0000000004e4a6f8 method=java.util.TimSort.mergeLo(IIII)V @ 81
Event: 70.652 Thread 0x0000000021662000 Uncommon trap: reason=unstable_if action=reinterpret pc=0x0000000003796e94 method=java.lang.AbstractStringBuilder.append(I)Ljava/lang/AbstractStringBuilder; @ 16
Event: 70.713 Thread 0x000000001f287800 Uncommon trap: reason=unstable_if action=reinterpret pc=0x0000000004d998d4 method=com.android.tools.r8.dex.n.g(I)Lcom/android/tools/r8/dex/p; @ 12

Classes redefined (0 events):
No events

Internal exceptions (10 events):
Event: 70.202 Thread 0x000000001f285800 Exception <a 'sun/nio/fs/WindowsException'> (0x00000000e19509c0) thrown at [C:\src\AOSP-openjdk-git\hotspot\src\share\vm\prims\jni.cpp, line 710]
Event: 70.206 Thread 0x000000001f285800 Exception <a 'sun/nio/fs/WindowsException'> (0x00000000e24bde08) thrown at [C:\src\AOSP-openjdk-git\hotspot\src\share\vm\prims\jni.cpp, line 710]
Event: 70.209 Thread 0x000000001f285800 Exception <a 'sun/nio/fs/WindowsException'> (0x00000000e24c4a28) thrown at [C:\src\AOSP-openjdk-git\hotspot\src\share\vm\prims\jni.cpp, line 710]
Event: 70.211 Thread 0x000000001f285800 Exception <a 'sun/nio/fs/WindowsException'> (0x00000000e24cbeb0) thrown at [C:\src\AOSP-openjdk-git\hotspot\src\share\vm\prims\jni.cpp, line 710]
Event: 70.213 Thread 0x000000001f285800 Exception <a 'sun/nio/fs/WindowsException'> (0x00000000e2864d60) thrown at [C:\src\AOSP-openjdk-git\hotspot\src\share\vm\prims\jni.cpp, line 710]
Event: 70.225 Thread 0x000000001f285800 Exception <a 'sun/nio/fs/WindowsException'> (0x00000000e286b940) thrown at [C:\src\AOSP-openjdk-git\hotspot\src\share\vm\prims\jni.cpp, line 710]
Event: 70.227 Thread 0x000000001f285800 Exception <a 'sun/nio/fs/WindowsException'> (0x00000000e2873188) thrown at [C:\src\AOSP-openjdk-git\hotspot\src\share\vm\prims\jni.cpp, line 710]
Event: 70.229 Thread 0x000000001f285800 Exception <a 'sun/nio/fs/WindowsException'> (0x00000000e2d02990) thrown at [C:\src\AOSP-openjdk-git\hotspot\src\share\vm\prims\jni.cpp, line 710]
Event: 70.231 Thread 0x000000001f285800 Exception <a 'sun/nio/fs/WindowsException'> (0x00000000e2d09f68) thrown at [C:\src\AOSP-openjdk-git\hotspot\src\share\vm\prims\jni.cpp, line 710]
Event: 70.701 Thread 0x000000001f287800 Exception <a 'sun/nio/fs/WindowsException'> (0x00000000e491bde8) thrown at [C:\src\AOSP-openjdk-git\hotspot\src\share\vm\prims\jni.cpp, line 710]

Events (10 events):
Event: 70.727 Thread 0x0000000019bc1000 flushing nmethod 0x0000000005e804d0
Event: 70.727 Thread 0x0000000019bc1000 flushing nmethod 0x0000000005ea5510
Event: 70.727 Thread 0x000000001f287800 DEOPT PACKING pc=0x0000000005521fb5 sp=0x000000002ee3d4b0
Event: 70.727 Thread 0x000000001f287800 DEOPT UNPACKING pc=0x0000000002d775d0 sp=0x000000002ee3d218 mode 0
Event: 70.727 Thread 0x0000000019bc1000 flushing nmethod 0x0000000005ed13d0
Event: 70.727 Thread 0x0000000019bc1000 flushing nmethod 0x0000000005efc250
Event: 70.737 Thread 0x000000001f287800 DEOPT PACKING pc=0x0000000005521fcc sp=0x000000002ee3d4b0
Event: 70.737 Thread 0x000000001f287800 DEOPT UNPACKING pc=0x0000000002d775d0 sp=0x000000002ee3d218 mode 0
Event: 70.755 Thread 0x000000001f287800 DEOPT PACKING pc=0x0000000005521dcc sp=0x000000002ee3d4b0
Event: 70.755 Thread 0x000000001f287800 DEOPT UNPACKING pc=0x0000000002d775d0 sp=0x000000002ee3d208 mode 0


Dynamic libraries:
0x00007ff6a4050000 - 0x00007ff6a4081000 	C:\Program Files\Android\Android Studio\jre\bin\java.exe
0x00007fff87bb0000 - 0x00007fff87da6000 	C:\Windows\SYSTEM32\ntdll.dll
0x00007fff874f0000 - 0x00007fff875ad000 	C:\Windows\System32\KERNEL32.DLL
0x00007fff856c0000 - 0x00007fff85988000 	C:\Windows\System32\KERNELBASE.dll
0x00007fff86a30000 - 0x00007fff86adc000 	C:\Windows\System32\ADVAPI32.dll
0x00007fff86420000 - 0x00007fff864be000 	C:\Windows\System32\msvcrt.dll
0x00007fff86c20000 - 0x00007fff86cbb000 	C:\Windows\System32\sechost.dll
0x00007fff87a40000 - 0x00007fff87b63000 	C:\Windows\System32\RPCRT4.dll
0x00007fff871f0000 - 0x00007fff87390000 	C:\Windows\System32\USER32.dll
0x00007fff85550000 - 0x00007fff85572000 	C:\Windows\System32\win32u.dll
0x00007fff871c0000 - 0x00007fff871ea000 	C:\Windows\System32\GDI32.dll
0x00007fff855b0000 - 0x00007fff856b9000 	C:\Windows\System32\gdi32full.dll
0x00007fff85a60000 - 0x00007fff85afd000 	C:\Windows\System32\msvcp_win.dll
0x00007fff852f0000 - 0x00007fff853f0000 	C:\Windows\System32\ucrtbase.dll
0x00007fff73860000 - 0x00007fff73afb000 	C:\Windows\WinSxS\amd64_microsoft.windows.common-controls_6595b64144ccf1df_6.0.19041.488_none_ca04af081b815d21\COMCTL32.dll
0x00007fff87390000 - 0x00007fff873c0000 	C:\Windows\System32\IMM32.DLL
0x00000000699c0000 - 0x0000000069a92000 	C:\Program Files\Android\Android Studio\jre\jre\bin\msvcr100.dll
0x0000000069b80000 - 0x000000006a3cb000 	C:\Program Files\Android\Android Studio\jre\jre\bin\server\jvm.dll
0x00007fff867e0000 - 0x00007fff867e8000 	C:\Windows\System32\PSAPI.DLL
0x00007fff731d0000 - 0x00007fff731d9000 	C:\Windows\SYSTEM32\WSOCK32.dll
0x00007fff774b0000 - 0x00007fff774d7000 	C:\Windows\SYSTEM32\WINMM.dll
0x00007fff77c90000 - 0x00007fff77c9a000 	C:\Windows\SYSTEM32\VERSION.dll
0x00007fff867f0000 - 0x00007fff8685b000 	C:\Windows\System32\WS2_32.dll
0x00007fff80080000 - 0x00007fff8008f000 	C:\Program Files\Android\Android Studio\jre\jre\bin\verify.dll
0x00007fff658d0000 - 0x00007fff658f9000 	C:\Program Files\Android\Android Studio\jre\jre\bin\java.dll
0x00007fff6e890000 - 0x00007fff6e8a6000 	C:\Program Files\Android\Android Studio\jre\jre\bin\zip.dll
0x00007fff85c70000 - 0x00007fff863b1000 	C:\Windows\System32\SHELL32.dll
0x00007fff83030000 - 0x00007fff837c5000 	C:\Windows\SYSTEM32\windows.storage.dll
0x00007fff875b0000 - 0x00007fff87905000 	C:\Windows\System32\combase.dll
0x00007fff84c90000 - 0x00007fff84cbc000 	C:\Windows\SYSTEM32\Wldp.dll
0x00007fff873c0000 - 0x00007fff8746e000 	C:\Windows\System32\SHCORE.dll
0x00007fff86780000 - 0x00007fff867d5000 	C:\Windows\System32\shlwapi.dll
0x00007fff85220000 - 0x00007fff85246000 	C:\Windows\SYSTEM32\profapi.dll
0x00007fff66880000 - 0x00007fff6689a000 	C:\Program Files\Android\Android Studio\jre\jre\bin\net.dll
0x00007fff84a80000 - 0x00007fff84aea000 	C:\Windows\system32\mswsock.dll
0x00007fff667c0000 - 0x00007fff667d3000 	C:\Program Files\Android\Android Studio\jre\jre\bin\nio.dll
0x00007fff5d940000 - 0x00007fff5d967000 	C:\Users\DELL\.gradle\native\f6784746aeab05261644944871eae4fe03e0ef1612fff0a4a95f87b438bc6780\windows-amd64\native-platform.dll
0x00007fff75ee0000 - 0x00007fff75eed000 	C:\Program Files\Android\Android Studio\jre\jre\bin\management.dll
0x00007fff84cd0000 - 0x00007fff84ce8000 	C:\Windows\SYSTEM32\CRYPTSP.dll
0x00007fff843c0000 - 0x00007fff843f4000 	C:\Windows\system32\rsaenh.dll
0x00007fff85580000 - 0x00007fff855a7000 	C:\Windows\System32\bcrypt.dll
0x00007fff851a0000 - 0x00007fff851ce000 	C:\Windows\SYSTEM32\USERENV.dll
0x00007fff85990000 - 0x00007fff85a0f000 	C:\Windows\System32\bcryptprimitives.dll
0x00007fff84c00000 - 0x00007fff84c0c000 	C:\Windows\SYSTEM32\CRYPTBASE.dll
0x00007fff84740000 - 0x00007fff8477b000 	C:\Windows\SYSTEM32\IPHLPAPI.DLL
0x00007fff86c10000 - 0x00007fff86c18000 	C:\Windows\System32\NSI.dll
0x00007fff7e370000 - 0x00007fff7e387000 	C:\Windows\SYSTEM32\dhcpcsvc6.DLL
0x00007fff7e460000 - 0x00007fff7e47d000 	C:\Windows\SYSTEM32\dhcpcsvc.DLL
0x00007fff84790000 - 0x00007fff8485b000 	C:\Windows\SYSTEM32\DNSAPI.dll
0x00007fff7e890000 - 0x00007fff7e89b000 	C:\Windows\SYSTEM32\WINNSI.DLL

VM Arguments:
jvm_args: -Xmx2048m -Dfile.encoding=windows-1252 -Duser.country=US -Duser.language=en -Duser.variant 
java_command: org.gradle.launcher.daemon.bootstrap.GradleDaemon 6.5
java_class_path (initial): C:\Users\DELL\.gradle\wrapper\dists\gradle-6.5-bin\6nifqtx7604sqp1q6g8wikw7p\gradle-6.5\lib\gradle-launcher-6.5.jar
Launcher Type: SUN_STANDARD

Environment Variables:
PATH=C:\Windows\system32;C:\Windows;C:\Windows\System32\Wbem;C:\Windows\System32\WindowsPowerShell\v1.0\;C:\Windows\System32\OpenSSH\;C:\Program Files\Git\cmd;C:\Users\DELL\AppData\Local\Microsoft\WindowsApps;C:\Users\DELL\AppData\Local\GitHubDesktop\bin;C:\Users\DELL\AppData\Local\Programs\Microsoft VS Code\bin
USERNAME=DELL
OS=Windows_NT
PROCESSOR_IDENTIFIER=Intel64 Family 6 Model 142 Stepping 10, GenuineIntel



---------------  S Y S T E M  ---------------

OS: Windows 10.0 , 64 bit Build 19041 (10.0.19041.546)

CPU:total 8 (initial active 8) (4 cores per cpu, 2 threads per core) family 6 model 142 stepping 10, cmov, cx8, fxsr, mmx, sse, sse2, sse3, ssse3, sse4.1, sse4.2, popcnt, avx, avx2, aes, clmul, erms, 3dnowpref, lzcnt, ht, tsc, tscinvbit, bmi1, bmi2, adx

Memory: 4k page, physical 12444736k(2870980k free), swap 14917696k(5468k free)

vm_info: OpenJDK 64-Bit Server VM (25.242-b01) for windows-amd64 JRE (1.8.0_242-release-1644-b01), built by "builder" with MS VC++ 10.0 (VS2010)

time: Tue Nov 10 21:13:48 2020
timezone: SE Asia Standard Time
elapsed time: 70 seconds (0d 0h 1m 10s)

