#
# There is insufficient memory for the Java Runtime Environment to continue.
# Native memory allocation (malloc) failed to allocate 574896 bytes for Chunk::new
# Possible reasons:
#   The system is out of physical RAM or swap space
#   The process is running with CompressedOops enabled, and the Java Heap may be blocking the growth of the native heap
# Possible solutions:
#   Reduce memory load on the system
#   Increase physical memory or swap space
#   Check if swap backing store is full
#   Decrease Java heap size (-Xmx/-Xms)
#   Decrease number of Java threads
#   Decrease Java thread stack sizes (-Xss)
#   Set larger code cache with -XX:ReservedCodeCacheSize=
#   JVM is running with Unscaled Compressed Oops mode in which the Java heap is
#     placed in the first 4GB address space. The Java Heap base address is the
#     maximum limit for the native heap growth. Please use -XX:HeapBaseMinAddress
#     to set the Java Heap base and to place the Java Heap above 4GB virtual address.
# This output file may be truncated or incomplete.
#
#  Out of Memory Error (allocation.cpp:389), pid=9080, tid=0x0000000000000c9c
#
# JRE version: OpenJDK Runtime Environment (8.0_242-b01) (build 1.8.0_242-release-1644-b01)
# Java VM: OpenJDK 64-Bit Server VM (25.242-b01 mixed mode windows-amd64 compressed oops)
# Failed to write core dump. Minidumps are not enabled by default on client versions of Windows
#

---------------  T H R E A D  ---------------

Current thread (0x00000000182de800):  JavaThread "C2 CompilerThread2" daemon [_thread_in_native, id=3228, stack(0x000000001abc0000,0x000000001acc0000)]

Stack: [0x000000001abc0000,0x000000001acc0000]
[error occurred during error reporting (printing stack bounds), id 0xc0000005]

Native frames: (J=compiled Java code, j=interpreted, Vv=VM code, C=native code)


Current CompileTask:
C2:  19147 10476 %     4       com.android.tools.r8.z.a.a.f::a @ 1823 (3630 bytes)


---------------  P R O C E S S  ---------------

Java Threads: ( => current thread )
  0x0000000023d16000 JavaThread "stdout" [_thread_in_native, id=6768, stack(0x0000000030680000,0x0000000030780000)]
  0x0000000023d1d000 JavaThread "stderr" [_thread_in_native, id=4088, stack(0x0000000030580000,0x0000000030680000)]
  0x0000000023d17000 JavaThread "stdout" [_thread_in_native, id=7332, stack(0x0000000030480000,0x0000000030580000)]
  0x0000000023d1b800 JavaThread "stderr" [_thread_in_native, id=12456, stack(0x0000000030380000,0x0000000030480000)]
  0x0000000023d1a800 JavaThread "stdout" [_thread_in_native, id=2752, stack(0x0000000030280000,0x0000000030380000)]
  0x0000000023d15800 JavaThread "stderr" [_thread_in_native, id=3236, stack(0x0000000030180000,0x0000000030280000)]
  0x0000000023d1c000 JavaThread "stdout" [_thread_in_native, id=2336, stack(0x0000000030080000,0x0000000030180000)]
  0x0000000023d1a000 JavaThread "stderr" [_thread_in_native, id=1384, stack(0x000000002ff80000,0x0000000030080000)]
  0x0000000020c62000 JavaThread "stdout" [_thread_in_native, id=9492, stack(0x000000002fe80000,0x000000002ff80000)]
  0x0000000020c61000 JavaThread "stderr" [_thread_in_native, id=4300, stack(0x000000002fd80000,0x000000002fe80000)]
  0x0000000020c5a800 JavaThread "stdout" [_thread_in_native, id=9548, stack(0x000000002fc80000,0x000000002fd80000)]
  0x0000000020c60800 JavaThread "stderr" [_thread_in_native, id=6256, stack(0x000000002fb80000,0x000000002fc80000)]
  0x0000000020c5f000 JavaThread "stdout" [_thread_in_native, id=11536, stack(0x000000002fa80000,0x000000002fb80000)]
  0x0000000020c5f800 JavaThread "stderr" [_thread_in_native, id=2396, stack(0x000000002f980000,0x000000002fa80000)]
  0x0000000020c57000 JavaThread "stdout" [_thread_in_native, id=1204, stack(0x000000002f880000,0x000000002f980000)]
  0x0000000020c5d800 JavaThread "stderr" [_thread_in_native, id=1344, stack(0x000000002f780000,0x000000002f880000)]
  0x0000000020c5b000 JavaThread "pool-2-thread-1" [_thread_blocked, id=8712, stack(0x000000002f680000,0x000000002f780000)]
  0x0000000020c5c000 JavaThread "WorkerExecutor Queue Thread 8" [_thread_blocked, id=8944, stack(0x000000002f3a0000,0x000000002f4a0000)]
  0x0000000020c5c800 JavaThread "WorkerExecutor Queue Thread 7" [_thread_blocked, id=2028, stack(0x000000002f2a0000,0x000000002f3a0000)]
  0x0000000020c52800 JavaThread "WorkerExecutor Queue Thread 6" [_thread_blocked, id=2892, stack(0x000000002f1a0000,0x000000002f2a0000)]
  0x0000000020c56800 JavaThread "WorkerExecutor Queue Thread 5" [_thread_in_native, id=3172, stack(0x000000002f0a0000,0x000000002f1a0000)]
  0x0000000020c55800 JavaThread "WorkerExecutor Queue Thread 4" [_thread_blocked, id=9992, stack(0x000000002efa0000,0x000000002f0a0000)]
  0x0000000020c55000 JavaThread "WorkerExecutor Queue Thread 3" [_thread_blocked, id=10784, stack(0x000000002eea0000,0x000000002efa0000)]
  0x0000000020c59800 JavaThread "WorkerExecutor Queue Thread 2" [_thread_blocked, id=10444, stack(0x000000002eda0000,0x000000002eea0000)]
  0x0000000020c59000 JavaThread "WorkerExecutor Queue" [_thread_blocked, id=8048, stack(0x000000002eca0000,0x000000002eda0000)]
  0x000000001c448000 JavaThread "Cache worker for execution history cache (C:\Users\DELL\AndroidStudioProjects\DU_AN_1\.gradle\6.5\executionHistory)" [_thread_blocked, id=10204, stack(0x000000002e5a0000,0x000000002e6a0000)]
  0x000000001c447000 JavaThread "Execution worker for ':' Thread 7" [_thread_blocked, id=5160, stack(0x000000002e4a0000,0x000000002e5a0000)]
  0x000000001c449800 JavaThread "Execution worker for ':' Thread 6" [_thread_blocked, id=11376, stack(0x000000002e2a0000,0x000000002e3a0000)]
  0x000000001c446800 JavaThread "Execution worker for ':' Thread 5" [_thread_blocked, id=2368, stack(0x000000002e1a0000,0x000000002e2a0000)]
  0x000000001c445800 JavaThread "Execution worker for ':' Thread 4" [_thread_blocked, id=13096, stack(0x000000002e0a0000,0x000000002e1a0000)]
  0x000000001c44a000 JavaThread "Execution worker for ':' Thread 3" [_thread_blocked, id=11664, stack(0x000000002caf0000,0x000000002cbf0000)]
  0x000000001c43e000 JavaThread "Execution worker for ':' Thread 2" [_thread_blocked, id=5944, stack(0x000000002c9f0000,0x000000002caf0000)]
  0x000000001c445000 JavaThread "Execution worker for ':'" [_thread_blocked, id=12844, stack(0x000000002c460000,0x000000002c560000)]
  0x000000001c443800 JavaThread "Cache worker for file content cache (C:\Users\DELL\AndroidStudioProjects\DU_AN_1\.gradle\6.5\fileContent)" [_thread_blocked, id=8560, stack(0x000000002c5a0000,0x000000002c6a0000)]
  0x000000001c442000 JavaThread "Memory manager" [_thread_blocked, id=12568, stack(0x000000002bb10000,0x000000002bc10000)]
  0x000000001c43c800 JavaThread "pool-1-thread-1" [_thread_blocked, id=10376, stack(0x000000002aff0000,0x000000002b0f0000)]
  0x000000001c43f000 JavaThread "Cache worker for Build Output Cleanup Cache (C:\Users\DELL\AndroidStudioProjects\DU_AN_1\.gradle\buildOutputCleanup)" [_thread_blocked, id=13264, stack(0x000000002b160000,0x000000002b260000)]
  0x000000001c43f800 JavaThread "jar transforms Thread 94" [_thread_blocked, id=6028, stack(0x000000002aef0000,0x000000002aff0000)]
  0x000000001c442800 JavaThread "jar transforms Thread 93" [_thread_blocked, id=11636, stack(0x000000002adf0000,0x000000002aef0000)]
  0x000000001c43d800 JavaThread "jar transforms Thread 92" [_thread_blocked, id=12528, stack(0x000000002acf0000,0x000000002adf0000)]
  0x000000001c43b000 JavaThread "jar transforms Thread 91" [_thread_blocked, id=5360, stack(0x000000002abf0000,0x000000002acf0000)]
  0x000000001c441000 JavaThread "jar transforms Thread 90" [_thread_blocked, id=9024, stack(0x000000002aaf0000,0x000000002abf0000)]
  0x0000000020506000 JavaThread "jar transforms Thread 89" [_thread_blocked, id=8884, stack(0x000000002a9f0000,0x000000002aaf0000)]
  0x00000000204fe800 JavaThread "jar transforms Thread 88" [_thread_blocked, id=11316, stack(0x000000002a8f0000,0x000000002a9f0000)]
  0x0000000020503000 JavaThread "jar transforms Thread 87" [_thread_blocked, id=1264, stack(0x000000002a7f0000,0x000000002a8f0000)]
  0x0000000020504800 JavaThread "jar transforms Thread 86" [_thread_blocked, id=3152, stack(0x000000002a6f0000,0x000000002a7f0000)]
  0x0000000020505000 JavaThread "jar transforms Thread 85" [_thread_blocked, id=8424, stack(0x000000002a5f0000,0x000000002a6f0000)]
  0x0000000020503800 JavaThread "jar transforms Thread 84" [_thread_blocked, id=9640, stack(0x000000002a4f0000,0x000000002a5f0000)]
  0x00000000204fb800 JavaThread "jar transforms Thread 83" [_thread_blocked, id=6560, stack(0x000000002a3f0000,0x000000002a4f0000)]
  0x0000000020502000 JavaThread "jar transforms Thread 82" [_thread_blocked, id=336, stack(0x000000002a2f0000,0x000000002a3f0000)]
  0x0000000020500800 JavaThread "jar transforms Thread 81" [_thread_blocked, id=8792, stack(0x000000002a1f0000,0x000000002a2f0000)]
  0x0000000020500000 JavaThread "jar transforms Thread 80" [_thread_blocked, id=8748, stack(0x000000002a0f0000,0x000000002a1f0000)]
  0x0000000020501800 JavaThread "jar transforms Thread 79" [_thread_blocked, id=7412, stack(0x0000000029ff0000,0x000000002a0f0000)]
  0x00000000204f8800 JavaThread "jar transforms Thread 78" [_thread_blocked, id=1060, stack(0x0000000029ef0000,0x0000000029ff0000)]
  0x00000000204ff000 JavaThread "jar transforms Thread 77" [_thread_blocked, id=11244, stack(0x0000000029df0000,0x0000000029ef0000)]
  0x00000000204fd000 JavaThread "jar transforms Thread 76" [_thread_blocked, id=9432, stack(0x0000000029cf0000,0x0000000029df0000)]
  0x00000000204fc000 JavaThread "jar transforms Thread 75" [_thread_blocked, id=6780, stack(0x0000000029bf0000,0x0000000029cf0000)]
  0x00000000204fa800 JavaThread "jar transforms Thread 74" [_thread_blocked, id=10684, stack(0x0000000029af0000,0x0000000029bf0000)]
  0x00000000204f7000 JavaThread "jar transforms Thread 73" [_thread_blocked, id=6044, stack(0x00000000299f0000,0x0000000029af0000)]
  0x00000000204f9000 JavaThread "jar transforms Thread 72" [_thread_blocked, id=7184, stack(0x00000000298f0000,0x00000000299f0000)]
  0x00000000204fd800 JavaThread "jar transforms Thread 71" [_thread_blocked, id=10740, stack(0x00000000297f0000,0x00000000298f0000)]
  0x00000000204f7800 JavaThread "jar transforms Thread 70" [_thread_blocked, id=5632, stack(0x00000000296f0000,0x00000000297f0000)]
  0x00000000204fa000 JavaThread "jar transforms Thread 69" [_thread_blocked, id=8752, stack(0x00000000295f0000,0x00000000296f0000)]
  0x0000000020591000 JavaThread "jar transforms Thread 68" [_thread_blocked, id=13036, stack(0x00000000294f0000,0x00000000295f0000)]
  0x0000000020590000 JavaThread "jar transforms Thread 67" [_thread_blocked, id=2360, stack(0x00000000293f0000,0x00000000294f0000)]
  0x000000002058d000 JavaThread "jar transforms Thread 66" [_thread_blocked, id=3136, stack(0x00000000292f0000,0x00000000293f0000)]
  0x000000002058c800 JavaThread "jar transforms Thread 65" [_thread_blocked, id=12800, stack(0x00000000291f0000,0x00000000292f0000)]
  0x000000002058b800 JavaThread "jar transforms Thread 64" [_thread_blocked, id=7084, stack(0x00000000290f0000,0x00000000291f0000)]
  0x000000002058f800 JavaThread "jar transforms Thread 63" [_thread_blocked, id=1960, stack(0x0000000028ff0000,0x00000000290f0000)]
  0x000000002058b000 JavaThread "jar transforms Thread 62" [_thread_blocked, id=2308, stack(0x0000000028ef0000,0x0000000028ff0000)]
  0x0000000020589800 JavaThread "jar transforms Thread 61" [_thread_blocked, id=11592, stack(0x0000000028df0000,0x0000000028ef0000)]
  0x000000002058a000 JavaThread "jar transforms Thread 60" [_thread_blocked, id=7852, stack(0x0000000028cf0000,0x0000000028df0000)]
  0x000000002058e800 JavaThread "jar transforms Thread 59" [_thread_blocked, id=6644, stack(0x0000000028bf0000,0x0000000028cf0000)]
  0x000000002058e000 JavaThread "jar transforms Thread 58" [_thread_blocked, id=3260, stack(0x0000000028af0000,0x0000000028bf0000)]
  0x0000000020581800 JavaThread "jar transforms Thread 57" [_thread_blocked, id=5220, stack(0x00000000289f0000,0x0000000028af0000)]
  0x0000000020587800 JavaThread "jar transforms Thread 56" [_thread_blocked, id=13008, stack(0x00000000288f0000,0x00000000289f0000)]
  0x0000000020584000 JavaThread "jar transforms Thread 55" [_thread_blocked, id=11352, stack(0x00000000287f0000,0x00000000288f0000)]
  0x0000000020582800 JavaThread "jar transforms Thread 54" [_thread_blocked, id=11292, stack(0x00000000286f0000,0x00000000287f0000)]
  0x0000000020585800 JavaThread "jar transforms Thread 53" [_thread_blocked, id=12244, stack(0x00000000285f0000,0x00000000286f0000)]
  0x0000000020587000 JavaThread "jar transforms Thread 52" [_thread_blocked, id=1944, stack(0x00000000284f0000,0x00000000285f0000)]
  0x0000000020584800 JavaThread "jar transforms Thread 51" [_thread_blocked, id=8864, stack(0x00000000283f0000,0x00000000284f0000)]
  0x0000000020588800 JavaThread "jar transforms Thread 50" [_thread_blocked, id=6620, stack(0x00000000282f0000,0x00000000283f0000)]
  0x0000000020583000 JavaThread "jar transforms Thread 49" [_thread_blocked, id=6196, stack(0x00000000281f0000,0x00000000282f0000)]
  0x0000000020586000 JavaThread "jar transforms Thread 48" [_thread_blocked, id=7408, stack(0x00000000280f0000,0x00000000281f0000)]
  0x000000001b5d0800 JavaThread "jar transforms Thread 47" [_thread_blocked, id=12768, stack(0x0000000027ff0000,0x00000000280f0000)]
  0x000000001b5d0000 JavaThread "jar transforms Thread 46" [_thread_blocked, id=6808, stack(0x0000000027ef0000,0x0000000027ff0000)]
  0x000000001b5cf000 JavaThread "jar transforms Thread 45" [_thread_blocked, id=2364, stack(0x0000000027df0000,0x0000000027ef0000)]
  0x000000001b5ce800 JavaThread "jar transforms Thread 44" [_thread_blocked, id=8136, stack(0x0000000027cf0000,0x0000000027df0000)]
  0x000000001b5c7000 JavaThread "jar transforms Thread 43" [_thread_blocked, id=12492, stack(0x0000000027bf0000,0x0000000027cf0000)]
  0x000000001b5cd800 JavaThread "jar transforms Thread 42" [_thread_blocked, id=11980, stack(0x0000000027af0000,0x0000000027bf0000)]
  0x000000001b5cd000 JavaThread "jar transforms Thread 41" [_thread_blocked, id=10636, stack(0x00000000279f0000,0x0000000027af0000)]
  0x000000001b5c5800 JavaThread "jar transforms Thread 40" [_thread_blocked, id=1032, stack(0x00000000278f0000,0x00000000279f0000)]
  0x000000001b5cb800 JavaThread "jar transforms Thread 39" [_thread_blocked, id=6876, stack(0x00000000277f0000,0x00000000278f0000)]
  0x000000001b5cc000 JavaThread "jar transforms Thread 38" [_thread_blocked, id=3932, stack(0x00000000276f0000,0x00000000277f0000)]
  0x000000001b5ca800 JavaThread "jar transforms Thread 37" [_thread_blocked, id=11748, stack(0x00000000275f0000,0x00000000276f0000)]
  0x000000001b5c6000 JavaThread "jar transforms Thread 36" [_thread_blocked, id=9792, stack(0x00000000274f0000,0x00000000275f0000)]
  0x000000001b5ca000 JavaThread "jar transforms Thread 35" [_thread_blocked, id=3108, stack(0x00000000273f0000,0x00000000274f0000)]
  0x000000001b5c9000 JavaThread "jar transforms Thread 34" [_thread_blocked, id=544, stack(0x00000000272f0000,0x00000000273f0000)]
  0x000000001b5c1800 JavaThread "jar transforms Thread 33" [_thread_blocked, id=3380, stack(0x00000000271f0000,0x00000000272f0000)]
  0x000000001b5c2800 JavaThread "jar transforms Thread 32" [_thread_blocked, id=10096, stack(0x00000000270f0000,0x00000000271f0000)]
  0x000000001b5c4800 JavaThread "jar transforms Thread 31" [_thread_blocked, id=10016, stack(0x0000000026ff0000,0x00000000270f0000)]
  0x000000001b5c8800 JavaThread "jar transforms Thread 30" [_thread_blocked, id=12752, stack(0x0000000026ef0000,0x0000000026ff0000)]
  0x000000001b5c7800 JavaThread "jar transforms Thread 29" [_thread_blocked, id=5580, stack(0x0000000026df0000,0x0000000026ef0000)]
  0x000000001b5c4000 JavaThread "jar transforms Thread 28" [_thread_blocked, id=9300, stack(0x0000000026cf0000,0x0000000026df0000)]
  0x000000001b5c3000 JavaThread "jar transforms Thread 27" [_thread_blocked, id=10972, stack(0x0000000026bf0000,0x0000000026cf0000)]
  0x000000001f9f8000 JavaThread "jar transforms Thread 26" [_thread_blocked, id=644, stack(0x0000000026af0000,0x0000000026bf0000)]
  0x000000001f9f5800 JavaThread "jar transforms Thread 25" [_thread_blocked, id=4744, stack(0x00000000269f0000,0x0000000026af0000)]
  0x000000001f9f7000 JavaThread "jar transforms Thread 24" [_thread_blocked, id=7036, stack(0x00000000268f0000,0x00000000269f0000)]
  0x000000001f9f3800 JavaThread "jar transforms Thread 23" [_thread_blocked, id=11552, stack(0x00000000267f0000,0x00000000268f0000)]
  0x000000001f9f5000 JavaThread "jar transforms Thread 22" [_thread_blocked, id=1580, stack(0x00000000266f0000,0x00000000267f0000)]
  0x000000001f9f4000 JavaThread "jar transforms Thread 21" [_thread_blocked, id=6920, stack(0x00000000265f0000,0x00000000266f0000)]
  0x000000001f9f2800 JavaThread "jar transforms Thread 20" [_thread_blocked, id=3404, stack(0x00000000264f0000,0x00000000265f0000)]
  0x000000001f9f6800 JavaThread "jar transforms Thread 19" [_thread_blocked, id=9320, stack(0x00000000263f0000,0x00000000264f0000)]
  0x000000001f9eb000 JavaThread "jar transforms Thread 18" [_thread_blocked, id=12992, stack(0x00000000262f0000,0x00000000263f0000)]
  0x000000001f9f1000 JavaThread "jar transforms Thread 17" [_thread_blocked, id=11520, stack(0x00000000261f0000,0x00000000262f0000)]
  0x000000001f9f2000 JavaThread "jar transforms Thread 16" [_thread_blocked, id=8928, stack(0x00000000260f0000,0x00000000261f0000)]
  0x000000001f9f0800 JavaThread "jar transforms Thread 15" [_thread_blocked, id=2600, stack(0x0000000025ff0000,0x00000000260f0000)]
  0x000000001f9e9000 JavaThread "jar transforms Thread 14" [_thread_blocked, id=2220, stack(0x0000000025ef0000,0x0000000025ff0000)]
  0x000000001f9ee000 JavaThread "jar transforms Thread 13" [_thread_blocked, id=7692, stack(0x0000000025df0000,0x0000000025ef0000)]
  0x000000001f9ec000 JavaThread "jar transforms Thread 12" [_thread_blocked, id=1140, stack(0x0000000025cf0000,0x0000000025df0000)]
  0x000000001f9ef000 JavaThread "jar transforms Thread 11" [_thread_blocked, id=11444, stack(0x0000000025bf0000,0x0000000025cf0000)]
  0x000000001f9ef800 JavaThread "jar transforms Thread 10" [_thread_blocked, id=1608, stack(0x0000000025af0000,0x0000000025bf0000)]
  0x000000001f9ea800 JavaThread "jar transforms Thread 9" [_thread_blocked, id=11436, stack(0x00000000259f0000,0x0000000025af0000)]
  0x000000001f9ed800 JavaThread "jar transforms Thread 8" [_thread_blocked, id=12964, stack(0x00000000258f0000,0x00000000259f0000)]
  0x000000001f9e9800 JavaThread "jar transforms Thread 7" [_thread_blocked, id=12984, stack(0x00000000257f0000,0x00000000258f0000)]
  0x000000001f9ec800 JavaThread "jar transforms Thread 6" [_thread_blocked, id=8492, stack(0x00000000256f0000,0x00000000257f0000)]
  0x000000001c75b000 JavaThread "jar transforms Thread 5" [_thread_blocked, id=11132, stack(0x00000000255f0000,0x00000000256f0000)]
  0x000000001c753800 JavaThread "jar transforms Thread 4" [_thread_blocked, id=2272, stack(0x00000000254f0000,0x00000000255f0000)]
  0x000000001c75a800 JavaThread "jar transforms Thread 3" [_thread_blocked, id=12400, stack(0x00000000253f0000,0x00000000254f0000)]
  0x000000001c758000 JavaThread "jar transforms Thread 2" [_thread_blocked, id=8212, stack(0x00000000252f0000,0x00000000253f0000)]
  0x000000001c757800 JavaThread "Build operations Thread 8" [_thread_blocked, id=6488, stack(0x00000000250f0000,0x00000000251f0000)]
  0x000000001c756800 JavaThread "Build operations Thread 7" [_thread_in_vm, id=3800, stack(0x0000000024ff0000,0x00000000250f0000)]
  0x000000001c755000 JavaThread "Build operations Thread 6" [_thread_in_Java, id=8052, stack(0x0000000024ef0000,0x0000000024ff0000)]
  0x000000001c756000 JavaThread "Build operations Thread 5" [_thread_blocked, id=8168, stack(0x0000000024df0000,0x0000000024ef0000)]
  0x000000001c759800 JavaThread "Build operations Thread 4" [_thread_blocked, id=6904, stack(0x0000000024cf0000,0x0000000024df0000)]
  0x000000001c754800 JavaThread "Build operations Thread 3" [_thread_blocked, id=11872, stack(0x0000000024bf0000,0x0000000024cf0000)]
  0x000000001c759000 JavaThread "Build operations Thread 2" [_thread_blocked, id=10144, stack(0x0000000024af0000,0x0000000024bf0000)]
  0x000000001c74d000 JavaThread "Build operations" [_thread_blocked, id=11924, stack(0x00000000249f0000,0x0000000024af0000)]
  0x000000001c74f000 JavaThread "Cache worker for file content cache (C:\Users\DELL\.gradle\caches\6.5\fileContent)" [_thread_blocked, id=11084, stack(0x0000000023320000,0x0000000023420000)]
  0x000000001c752000 JavaThread "jar transforms" [_thread_blocked, id=1220, stack(0x0000000023220000,0x0000000023320000)]
  0x000000001c74e800 JavaThread "Cache worker for execution history cache (C:\Users\DELL\.gradle\caches\6.5\executionHistory)" [_thread_blocked, id=10200, stack(0x0000000022b20000,0x0000000022c20000)]
  0x000000001c74d800 JavaThread "Cache worker for cache directory md-rule (C:\Users\DELL\.gradle\caches\6.5\md-rule)" [_thread_blocked, id=3452, stack(0x0000000022a20000,0x0000000022b20000)]
  0x000000001b234800 JavaThread "Cache worker for cache directory md-supplier (C:\Users\DELL\.gradle\caches\6.5\md-supplier)" [_thread_blocked, id=6892, stack(0x00000000216c0000,0x00000000217c0000)]
  0x000000001b235800 JavaThread "Cache worker for checksums cache (C:\Users\DELL\AndroidStudioProjects\DU_AN_1\.gradle\checksums)" [_thread_blocked, id=11468, stack(0x00000000215c0000,0x00000000216c0000)]
  0x000000001b236000 JavaThread "Cache worker for file hash cache (C:\Users\DELL\AndroidStudioProjects\DU_AN_1\.gradle\6.5\fileHashes)" [_thread_blocked, id=10488, stack(0x000000001f0e0000,0x000000001f1e0000)]
  0x000000001b234000 JavaThread "Cache worker for file hash cache (C:\Users\DELL\.gradle\caches\6.5\fileHashes)" [_thread_blocked, id=420, stack(0x000000001efe0000,0x000000001f0e0000)]
  0x000000001b233000 JavaThread "File lock request listener" [_thread_in_native, id=4396, stack(0x000000001eee0000,0x000000001efe0000)]
  0x000000001ce26000 JavaThread "Cache worker for journal cache (C:\Users\DELL\.gradle\caches\journal-1)" [_thread_blocked, id=11680, stack(0x000000001ede0000,0x000000001eee0000)]
  0x000000001b311000 JavaThread "Thread-9" [_thread_blocked, id=8684, stack(0x000000001eae0000,0x000000001ebe0000)]
  0x000000001cc83000 JavaThread "Stdin handler" [_thread_blocked, id=8196, stack(0x000000001e9e0000,0x000000001eae0000)]
  0x000000001b0a0800 JavaThread "Asynchronous log dispatcher for DefaultDaemonConnection: socket connection from /127.0.0.1:53899 to /127.0.0.1:53900" [_thread_blocked, id=7680, stack(0x000000001e8e0000,0x000000001e9e0000)]
  0x000000001b312000 JavaThread "Daemon worker" [_thread_blocked, id=5480, stack(0x000000001e7e0000,0x000000001e8e0000)]
  0x000000001cc92800 JavaThread "Cancel handler" [_thread_blocked, id=8456, stack(0x000000001e6e0000,0x000000001e7e0000)]
  0x000000001cc5f800 JavaThread "Handler for socket connection from /127.0.0.1:53899 to /127.0.0.1:53900" [_thread_in_native, id=9020, stack(0x000000001e5e0000,0x000000001e6e0000)]
  0x000000001cc5a000 JavaThread "Daemon" [_thread_blocked, id=10776, stack(0x000000001e4e0000,0x000000001e5e0000)]
  0x000000001cbe5000 JavaThread "Daemon periodic checks" [_thread_blocked, id=9544, stack(0x000000001e1e0000,0x000000001e2e0000)]
  0x000000001cbe2800 JavaThread "Incoming local TCP Connector on port 53899" [_thread_in_native, id=968, stack(0x000000001dfa0000,0x000000001e0a0000)]
  0x000000001cb0d800 JavaThread "Daemon health stats" [_thread_blocked, id=7540, stack(0x000000001d960000,0x000000001da60000)]
  0x000000001a18e800 JavaThread "Service Thread" daemon [_thread_blocked, id=8672, stack(0x000000001adc0000,0x000000001aec0000)]
  0x000000001a0fa800 JavaThread "C1 CompilerThread3" daemon [_thread_blocked, id=12352, stack(0x000000001acc0000,0x000000001adc0000)]
=>0x00000000182de800 JavaThread "C2 CompilerThread2" daemon [_thread_in_native, id=3228, stack(0x000000001abc0000,0x000000001acc0000)]
  0x00000000182da000 JavaThread "C2 CompilerThread1" daemon [_thread_in_native, id=9128, stack(0x000000001aac0000,0x000000001abc0000)]
  0x000000001a0f3800 JavaThread "C2 CompilerThread0" daemon [_thread_in_native, id=11504, stack(0x000000001a9c0000,0x000000001aac0000)]
  0x000000001a0f2000 JavaThread "Attach Listener" daemon [_thread_blocked, id=3400, stack(0x000000001a8c0000,0x000000001a9c0000)]
  0x000000001a0f1000 JavaThread "Signal Dispatcher" daemon [_thread_blocked, id=8040, stack(0x000000001a7c0000,0x000000001a8c0000)]
  0x000000000325d800 JavaThread "Finalizer" daemon [_thread_blocked, id=10476, stack(0x000000001a5c0000,0x000000001a6c0000)]
  0x00000000182cc800 JavaThread "Reference Handler" daemon [_thread_blocked, id=1780, stack(0x000000001a4c0000,0x000000001a5c0000)]
  0x000000000308d800 JavaThread "main" [_thread_blocked, id=2392, stack(0x0000000002f80000,0x0000000003080000)]

Other Threads:
  0x00000000182c8000 VMThread [stack: 0x0000000019fc0000,0x000000001a0c0000] [id=11672]
  0x000000001a18f000 WatcherThread [stack: 0x000000001aec0000,0x000000001afc0000] [id=520]

VM state:not at safepoint (normal execution)

VM Mutex/Monitor currently owned by a thread: None

heap address: 0x0000000080000000, size: 2048 MB, Compressed Oops mode: 32-bit
Narrow klass base: 0x0000000000000000, Narrow klass shift: 3
Compressed class space size: 1073741824 Address: 0x0000000100000000

Heap:
 PSYoungGen      total 340480K, used 128002K [0x00000000d5580000, 0x00000000f0e80000, 0x0000000100000000)
  eden space 310784K, 31% used [0x00000000d5580000,0x00000000db585090,0x00000000e8500000)
  from space 29696K, 99% used [0x00000000e8500000,0x00000000ea1fbb50,0x00000000ea200000)
  to   space 46592K, 0% used [0x00000000ee100000,0x00000000ee100000,0x00000000f0e80000)
 ParOldGen       total 187392K, used 78903K [0x0000000080000000, 0x000000008b700000, 0x00000000d5580000)
  object space 187392K, 42% used [0x0000000080000000,0x0000000084d0dc40,0x000000008b700000)
 Metaspace       used 75985K, capacity 80689K, committed 80920K, reserved 1120256K
  class space    used 10530K, capacity 11475K, committed 11568K, reserved 1048576K

Card table byte_map: [0x0000000012620000,0x0000000012a30000] byte_map_base: 0x0000000012220000

Marking Bits: (ParMarkBitMap*) 0x000000006a34f030
 Begin Bits: [0x00000000134e0000, 0x00000000154e0000)
 End Bits:   [0x00000000154e0000, 0x00000000174e0000)

Polling page: 0x0000000001780000

CodeCache: size=245760Kb used=29270Kb max_used=29292Kb free=216489Kb
 bounds [0x0000000003260000, 0x0000000004f20000, 0x0000000012260000]
 total_blobs=9832 nmethods=9014 adapters=730
 compilation: enabled

Compilation events (10 events):
Event: 19.118 Thread 0x000000001a0fa800 10533       3       com.android.tools.r8.ir.conversion.O$$Lambda$1286/1793023795::get$Lambda (10 bytes)
Event: 19.119 Thread 0x000000001a0fa800 nmethod 10533 0x0000000004f08050 code [0x0000000004f081c0, 0x0000000004f08430]
Event: 19.119 Thread 0x000000001a0fa800 10534       3       com.android.tools.r8.graph.C::b (12 bytes)
Event: 19.121 Thread 0x000000001a0fa800 nmethod 10534 0x0000000004f08550 code [0x0000000004f08760, 0x0000000004f09248]
Event: 19.121 Thread 0x000000001a0fa800 10535       3       com.android.tools.r8.ir.conversion.O$$Lambda$1286/1793023795::<init> (15 bytes)
Event: 19.122 Thread 0x000000001a0fa800 nmethod 10535 0x0000000004f09a50 code [0x0000000004f09ba0, 0x0000000004f09d70]
Event: 19.122 Thread 0x000000001a0fa800 10539       3       com.android.tools.r8.graph.V0::b (18 bytes)
Event: 19.123 Thread 0x000000001a0fa800 nmethod 10539 0x0000000004f09e10 code [0x0000000004f0a000, 0x0000000004f0aa28]
Event: 19.124 Thread 0x000000001a0fa800 10545       3       com.android.tools.r8.graph.W::t (25 bytes)
Event: 19.125 Thread 0x000000001a0fa800 nmethod 10545 0x0000000004f0b0d0 code [0x0000000004f0b220, 0x0000000004f0b390]

GC Heap History (10 events):
Event: 6.769 GC heap before
{Heap before GC invocations=10 (full 2):
 PSYoungGen      total 206848K, used 193536K [0x00000000d5580000, 0x00000000e8700000, 0x0000000100000000)
  eden space 193536K, 100% used [0x00000000d5580000,0x00000000e1280000,0x00000000e1280000)
  from space 13312K, 0% used [0x00000000e1280000,0x00000000e1280000,0x00000000e1f80000)
  to   space 13312K, 0% used [0x00000000e7a00000,0x00000000e7a00000,0x00000000e8700000)
 ParOldGen       total 116224K, used 15699K [0x0000000080000000, 0x0000000087180000, 0x00000000d5580000)
  object space 116224K, 13% used [0x0000000080000000,0x0000000080f54cd0,0x0000000087180000)
 Metaspace       used 45429K, capacity 47230K, committed 47528K, reserved 1089536K
  class space    used 6143K, capacity 6482K, committed 6576K, reserved 1048576K
Event: 6.790 GC heap after
Heap after GC invocations=10 (full 2):
 PSYoungGen      total 276992K, used 13301K [0x00000000d5580000, 0x00000000e8700000, 0x0000000100000000)
  eden space 263680K, 0% used [0x00000000d5580000,0x00000000d5580000,0x00000000e5700000)
  from space 13312K, 99% used [0x00000000e7a00000,0x00000000e86fd7a8,0x00000000e8700000)
  to   space 17920K, 0% used [0x00000000e6400000,0x00000000e6400000,0x00000000e7580000)
 ParOldGen       total 116224K, used 22365K [0x0000000080000000, 0x0000000087180000, 0x00000000d5580000)
  object space 116224K, 19% used [0x0000000080000000,0x00000000815d7600,0x0000000087180000)
 Metaspace       used 45429K, capacity 47230K, committed 47528K, reserved 1089536K
  class space    used 6143K, capacity 6482K, committed 6576K, reserved 1048576K
}
Event: 9.045 GC heap before
{Heap before GC invocations=11 (full 2):
 PSYoungGen      total 276992K, used 187482K [0x00000000d5580000, 0x00000000e8700000, 0x0000000100000000)
  eden space 263680K, 66% used [0x00000000d5580000,0x00000000dff99128,0x00000000e5700000)
  from space 13312K, 99% used [0x00000000e7a00000,0x00000000e86fd7a8,0x00000000e8700000)
  to   space 17920K, 0% used [0x00000000e6400000,0x00000000e6400000,0x00000000e7580000)
 ParOldGen       total 116224K, used 22365K [0x0000000080000000, 0x0000000087180000, 0x00000000d5580000)
  object space 116224K, 19% used [0x0000000080000000,0x00000000815d7600,0x0000000087180000)
 Metaspace       used 56865K, capacity 59138K, committed 59160K, reserved 1099776K
  class space    used 7780K, capacity 8233K, committed 8240K, reserved 1048576K
Event: 9.078 GC heap after
Heap after GC invocations=11 (full 2):
 PSYoungGen      total 294912K, used 17892K [0x00000000d5580000, 0x00000000eb980000, 0x0000000100000000)
  eden space 276992K, 0% used [0x00000000d5580000,0x00000000d5580000,0x00000000e6400000)
  from space 17920K, 99% used [0x00000000e6400000,0x00000000e7579310,0x00000000e7580000)
  to   space 24064K, 0% used [0x00000000ea200000,0x00000000ea200000,0x00000000eb980000)
 ParOldGen       total 116224K, used 32325K [0x0000000080000000, 0x0000000087180000, 0x00000000d5580000)
  object space 116224K, 27% used [0x0000000080000000,0x0000000081f91428,0x0000000087180000)
 Metaspace       used 56865K, capacity 59138K, committed 59160K, reserved 1099776K
  class space    used 7780K, capacity 8233K, committed 8240K, reserved 1048576K
}
Event: 9.078 GC heap before
{Heap before GC invocations=12 (full 3):
 PSYoungGen      total 294912K, used 17892K [0x00000000d5580000, 0x00000000eb980000, 0x0000000100000000)
  eden space 276992K, 0% used [0x00000000d5580000,0x00000000d5580000,0x00000000e6400000)
  from space 17920K, 99% used [0x00000000e6400000,0x00000000e7579310,0x00000000e7580000)
  to   space 24064K, 0% used [0x00000000ea200000,0x00000000ea200000,0x00000000eb980000)
 ParOldGen       total 116224K, used 32325K [0x0000000080000000, 0x0000000087180000, 0x00000000d5580000)
  object space 116224K, 27% used [0x0000000080000000,0x0000000081f91428,0x0000000087180000)
 Metaspace       used 56865K, capacity 59138K, committed 59160K, reserved 1099776K
  class space    used 7780K, capacity 8233K, committed 8240K, reserved 1048576K
Event: 9.435 GC heap after
Heap after GC invocations=12 (full 3):
 PSYoungGen      total 294912K, used 0K [0x00000000d5580000, 0x00000000eb980000, 0x0000000100000000)
  eden space 276992K, 0% used [0x00000000d5580000,0x00000000d5580000,0x00000000e6400000)
  from space 17920K, 0% used [0x00000000e6400000,0x00000000e6400000,0x00000000e7580000)
  to   space 24064K, 0% used [0x00000000ea200000,0x00000000ea200000,0x00000000eb980000)
 ParOldGen       total 187392K, used 39694K [0x0000000080000000, 0x000000008b700000, 0x00000000d5580000)
  object space 187392K, 21% used [0x0000000080000000,0x00000000826c38a0,0x000000008b700000)
 Metaspace       used 56831K, capacity 59024K, committed 59160K, reserved 1099776K
  class space    used 7769K, capacity 8214K, committed 8240K, reserved 1048576K
}
Event: 14.027 GC heap before
{Heap before GC invocations=13 (full 3):
 PSYoungGen      total 294912K, used 276992K [0x00000000d5580000, 0x00000000eb980000, 0x0000000100000000)
  eden space 276992K, 100% used [0x00000000d5580000,0x00000000e6400000,0x00000000e6400000)
  from space 17920K, 0% used [0x00000000e6400000,0x00000000e6400000,0x00000000e7580000)
  to   space 24064K, 0% used [0x00000000ea200000,0x00000000ea200000,0x00000000eb980000)
 ParOldGen       total 187392K, used 39694K [0x0000000080000000, 0x000000008b700000, 0x00000000d5580000)
  object space 187392K, 21% used [0x0000000080000000,0x00000000826c38a0,0x000000008b700000)
 Metaspace       used 65513K, capacity 68884K, committed 69144K, reserved 1107968K
  class space    used 9013K, capacity 9686K, committed 9776K, reserved 1048576K
Event: 14.071 GC heap after
Heap after GC invocations=13 (full 3):
 PSYoungGen      total 334848K, used 24043K [0x00000000d5580000, 0x00000000ec900000, 0x0000000100000000)
  eden space 310784K, 0% used [0x00000000d5580000,0x00000000d5580000,0x00000000e8500000)
  from space 24064K, 99% used [0x00000000ea200000,0x00000000eb97ae88,0x00000000eb980000)
  to   space 29696K, 0% used [0x00000000e8500000,0x00000000e8500000,0x00000000ea200000)
 ParOldGen       total 187392K, used 46018K [0x0000000080000000, 0x000000008b700000, 0x00000000d5580000)
  object space 187392K, 24% used [0x0000000080000000,0x0000000082cf0b18,0x000000008b700000)
 Metaspace       used 65513K, capacity 68884K, committed 69144K, reserved 1107968K
  class space    used 9013K, capacity 9686K, committed 9776K, reserved 1048576K
}
Event: 18.321 GC heap before
{Heap before GC invocations=14 (full 3):
 PSYoungGen      total 334848K, used 334827K [0x00000000d5580000, 0x00000000ec900000, 0x0000000100000000)
  eden space 310784K, 100% used [0x00000000d5580000,0x00000000e8500000,0x00000000e8500000)
  from space 24064K, 99% used [0x00000000ea200000,0x00000000eb97ae88,0x00000000eb980000)
  to   space 29696K, 0% used [0x00000000e8500000,0x00000000e8500000,0x00000000ea200000)
 ParOldGen       total 187392K, used 46018K [0x0000000080000000, 0x000000008b700000, 0x00000000d5580000)
  object space 187392K, 24% used [0x0000000080000000,0x0000000082cf0b18,0x000000008b700000)
 Metaspace       used 73973K, capacity 78242K, committed 78488K, reserved 1116160K
  class space    used 10141K, capacity 10923K, committed 10928K, reserved 1048576K
Event: 18.395 GC heap after
Heap after GC invocations=14 (full 3):
 PSYoungGen      total 340480K, used 29678K [0x00000000d5580000, 0x00000000f0e80000, 0x0000000100000000)
  eden space 310784K, 0% used [0x00000000d5580000,0x00000000d5580000,0x00000000e8500000)
  from space 29696K, 99% used [0x00000000e8500000,0x00000000ea1fbb50,0x00000000ea200000)
  to   space 46592K, 0% used [0x00000000ee100000,0x00000000ee100000,0x00000000f0e80000)
 ParOldGen       total 187392K, used 78903K [0x0000000080000000, 0x000000008b700000, 0x00000000d5580000)
  object space 187392K, 42% used [0x0000000080000000,0x0000000084d0dc40,0x000000008b700000)
 Metaspace       used 73973K, capacity 78242K, committed 78488K, reserved 1116160K
  class space    used 10141K, capacity 10923K, committed 10928K, reserved 1048576K
}

Deoptimization events (10 events):
Event: 17.785 Thread 0x000000001c756800 Uncommon trap: reason=unstable_if action=reinterpret pc=0x00000000045824ec method=java.util.Collections$SetFromMap.add(Ljava/lang/Object;)Z @ 13
Event: 17.925 Thread 0x000000001c755000 Uncommon trap: reason=unstable_if action=reinterpret pc=0x000000000461b3dc method=java.nio.Bits.putInt(Ljava/nio/ByteBuffer;IIZ)V @ 1
Event: 17.982 Thread 0x000000001c756800 Uncommon trap: reason=unstable_if action=reinterpret pc=0x00000000041b10f4 method=java.lang.invoke.MethodType.checkPtypes([Ljava/lang/Class;)I @ 40
Event: 18.067 Thread 0x000000001c756800 Uncommon trap: reason=unstable_if action=reinterpret pc=0x0000000003541374 method=java.util.concurrent.ConcurrentHashMap.putVal(Ljava/lang/Object;Ljava/lang/Object;Z)Ljava/lang/Object; @ 195
Event: 18.089 Thread 0x000000001c756800 Uncommon trap: reason=unstable_if action=reinterpret pc=0x0000000004754fcc method=com.android.tools.r8.utils.Y.d(I)Z @ 45
Event: 18.091 Thread 0x000000001c756800 Uncommon trap: reason=unstable_if action=reinterpret pc=0x0000000004754d00 method=com.android.tools.r8.utils.Y.d(I)Z @ 45
Event: 19.112 Thread 0x000000001c74d000 Uncommon trap: reason=class_check action=maybe_recompile pc=0x0000000004df79f4 method=com.android.tools.r8.q.a.a.b.A.a(I)Ljava/lang/Object; @ 9
Event: 19.114 Thread 0x000000001c755000 Uncommon trap: reason=class_check action=maybe_recompile pc=0x0000000004df79f4 method=com.android.tools.r8.q.a.a.b.A.a(I)Ljava/lang/Object; @ 9
Event: 19.115 Thread 0x000000001c756000 Uncommon trap: reason=class_check action=maybe_recompile pc=0x0000000004df79f4 method=com.android.tools.r8.q.a.a.b.A.a(I)Ljava/lang/Object; @ 9
Event: 19.116 Thread 0x000000001c756800 Uncommon trap: reason=class_check action=maybe_recompile pc=0x0000000004df79f4 method=com.android.tools.r8.q.a.a.b.A.a(I)Ljava/lang/Object; @ 9

Classes redefined (0 events):
No events

Internal exceptions (10 events):
Event: 17.340 Thread 0x0000000020c56800 Exception <a 'java/lang/NoSuchMethodError': java.lang.Object.newSystemTemporaryDirectory()Lcom/android/tools/build/apkzlib/bytestorage/TemporaryDirectory;> (0x00000000dfbf0218) thrown at [C:\src\AOSP-openjdk-git\hotspot\src\share\vm\interpreter\linkResolv
Event: 17.469 Thread 0x000000001c445000 Implicit null exception at 0x0000000004699284 to 0x0000000004699a11
Event: 17.513 Thread 0x000000001c756800 Implicit null exception at 0x0000000003b9ea23 to 0x0000000003b9eecd
Event: 17.562 Thread 0x000000001c74d000 Exception <a 'java/lang/NoSuchMethodError': java.lang.Object.lambda$static$0(Ljava/lang/String;)Z> (0x00000000e139ae20) thrown at [C:\src\AOSP-openjdk-git\hotspot\src\share\vm\interpreter\linkResolver.cpp, line 620]
Event: 17.706 Thread 0x000000001c755000 Exception <a 'sun/nio/fs/WindowsException'> (0x00000000e2dd8420) thrown at [C:\src\AOSP-openjdk-git\hotspot\src\share\vm\prims\jni.cpp, line 710]
Event: 17.737 Thread 0x000000001c74d000 Exception <a 'sun/nio/fs/WindowsException'> (0x00000000e398b2e8) thrown at [C:\src\AOSP-openjdk-git\hotspot\src\share\vm\prims\jni.cpp, line 710]
Event: 17.749 Thread 0x000000001c756000 Exception <a 'sun/nio/fs/WindowsException'> (0x00000000e3e15478) thrown at [C:\src\AOSP-openjdk-git\hotspot\src\share\vm\prims\jni.cpp, line 710]
Event: 17.749 Thread 0x000000001c756800 Exception <a 'sun/nio/fs/WindowsException'> (0x00000000e3e98e88) thrown at [C:\src\AOSP-openjdk-git\hotspot\src\share\vm\prims\jni.cpp, line 710]
Event: 17.825 Thread 0x000000001c759800 Exception <a 'sun/nio/fs/WindowsException'> (0x00000000e4b79030) thrown at [C:\src\AOSP-openjdk-git\hotspot\src\share\vm\prims\jni.cpp, line 710]
Event: 18.234 Thread 0x000000001c755000 Exception <a 'java/lang/IncompatibleClassChangeError': Found class java.lang.Object, but interface was expected> (0x00000000e7e091d0) thrown at [C:\src\AOSP-openjdk-git\hotspot\src\share\vm\interpreter\linkResolver.cpp, line 653]

Events (10 events):
Event: 19.142 loading class com/android/tools/r8/q/a/a/b/e1
Event: 19.142 loading class com/android/tools/r8/q/a/a/b/e1 done
Event: 19.143 loading class com/android/tools/r8/q/a/a/b/f1
Event: 19.143 loading class com/android/tools/r8/q/a/a/b/f1 done
Event: 19.143 loading class com/android/tools/r8/q/a/a/b/Z0
Event: 19.143 loading class com/android/tools/r8/q/a/a/b/Z0 done
Event: 19.145 loading class com/android/tools/r8/q/a/a/b/u1
Event: 19.145 loading class com/android/tools/r8/q/a/a/b/u1 done
Event: 19.145 loading class com/android/tools/r8/q/a/a/b/d1
Event: 19.145 loading class com/android/tools/r8/q/a/a/b/d1 done


Dynamic libraries:
0x00007ff6a4050000 - 0x00007ff6a4081000 	C:\Program Files\Android\Android Studio\jre\bin\java.exe
0x00007fff87bb0000 - 0x00007fff87da6000 	C:\Windows\SYSTEM32\ntdll.dll
0x00007fff874f0000 - 0x00007fff875ad000 	C:\Windows\System32\KERNEL32.DLL
0x00007fff856c0000 - 0x00007fff85988000 	C:\Windows\System32\KERNELBASE.dll
0x00007fff86a30000 - 0x00007fff86adc000 	C:\Windows\System32\ADVAPI32.dll
0x00007fff86420000 - 0x00007fff864be000 	C:\Windows\System32\msvcrt.dll
0x00007fff86c20000 - 0x00007fff86cbb000 	C:\Windows\System32\sechost.dll
0x00007fff87a40000 - 0x00007fff87b63000 	C:\Windows\System32\RPCRT4.dll
0x00007fff871f0000 - 0x00007fff87390000 	C:\Windows\System32\USER32.dll
0x00007fff85550000 - 0x00007fff85572000 	C:\Windows\System32\win32u.dll
0x00007fff871c0000 - 0x00007fff871ea000 	C:\Windows\System32\GDI32.dll
0x00007fff855b0000 - 0x00007fff856b9000 	C:\Windows\System32\gdi32full.dll
0x00007fff85a60000 - 0x00007fff85afd000 	C:\Windows\System32\msvcp_win.dll
0x00007fff852f0000 - 0x00007fff853f0000 	C:\Windows\System32\ucrtbase.dll
0x00007fff73860000 - 0x00007fff73afb000 	C:\Windows\WinSxS\amd64_microsoft.windows.common-controls_6595b64144ccf1df_6.0.19041.488_none_ca04af081b815d21\COMCTL32.dll
0x00007fff87390000 - 0x00007fff873c0000 	C:\Windows\System32\IMM32.DLL
0x00000000699c0000 - 0x0000000069a92000 	C:\Program Files\Android\Android Studio\jre\jre\bin\msvcr100.dll
0x0000000069b80000 - 0x000000006a3cb000 	C:\Program Files\Android\Android Studio\jre\jre\bin\server\jvm.dll
0x00007fff867e0000 - 0x00007fff867e8000 	C:\Windows\System32\PSAPI.DLL
0x00007fff774b0000 - 0x00007fff774d7000 	C:\Windows\SYSTEM32\WINMM.dll
0x00007fff77c90000 - 0x00007fff77c9a000 	C:\Windows\SYSTEM32\VERSION.dll
0x00007fff731d0000 - 0x00007fff731d9000 	C:\Windows\SYSTEM32\WSOCK32.dll
0x00007fff867f0000 - 0x00007fff8685b000 	C:\Windows\System32\WS2_32.dll
0x00007fff80080000 - 0x00007fff8008f000 	C:\Program Files\Android\Android Studio\jre\jre\bin\verify.dll
0x00007fff658d0000 - 0x00007fff658f9000 	C:\Program Files\Android\Android Studio\jre\jre\bin\java.dll
0x00007fff6e890000 - 0x00007fff6e8a6000 	C:\Program Files\Android\Android Studio\jre\jre\bin\zip.dll
0x00007fff85c70000 - 0x00007fff863b1000 	C:\Windows\System32\SHELL32.dll
0x00007fff83030000 - 0x00007fff837c5000 	C:\Windows\SYSTEM32\windows.storage.dll
0x00007fff875b0000 - 0x00007fff87905000 	C:\Windows\System32\combase.dll
0x00007fff84c90000 - 0x00007fff84cbc000 	C:\Windows\SYSTEM32\Wldp.dll
0x00007fff873c0000 - 0x00007fff8746e000 	C:\Windows\System32\SHCORE.dll
0x00007fff86780000 - 0x00007fff867d5000 	C:\Windows\System32\shlwapi.dll
0x00007fff85220000 - 0x00007fff85246000 	C:\Windows\SYSTEM32\profapi.dll
0x00007fff66880000 - 0x00007fff6689a000 	C:\Program Files\Android\Android Studio\jre\jre\bin\net.dll
0x00007fff84a80000 - 0x00007fff84aea000 	C:\Windows\system32\mswsock.dll
0x00007fff667c0000 - 0x00007fff667d3000 	C:\Program Files\Android\Android Studio\jre\jre\bin\nio.dll
0x00007fff55b00000 - 0x00007fff55b27000 	C:\Users\DELL\.gradle\native\f6784746aeab05261644944871eae4fe03e0ef1612fff0a4a95f87b438bc6780\windows-amd64\native-platform.dll
0x00007fff75ee0000 - 0x00007fff75eed000 	C:\Program Files\Android\Android Studio\jre\jre\bin\management.dll
0x00007fff84cd0000 - 0x00007fff84ce8000 	C:\Windows\SYSTEM32\CRYPTSP.dll
0x00007fff843c0000 - 0x00007fff843f4000 	C:\Windows\system32\rsaenh.dll
0x00007fff85580000 - 0x00007fff855a7000 	C:\Windows\System32\bcrypt.dll
0x00007fff851a0000 - 0x00007fff851ce000 	C:\Windows\SYSTEM32\USERENV.dll
0x00007fff85990000 - 0x00007fff85a0f000 	C:\Windows\System32\bcryptprimitives.dll
0x00007fff84c00000 - 0x00007fff84c0c000 	C:\Windows\SYSTEM32\CRYPTBASE.dll
0x00007fff84740000 - 0x00007fff8477b000 	C:\Windows\SYSTEM32\IPHLPAPI.DLL
0x00007fff86c10000 - 0x00007fff86c18000 	C:\Windows\System32\NSI.dll
0x00007fff7e370000 - 0x00007fff7e387000 	C:\Windows\SYSTEM32\dhcpcsvc6.DLL
0x00007fff7e460000 - 0x00007fff7e47d000 	C:\Windows\SYSTEM32\dhcpcsvc.DLL
0x00007fff84790000 - 0x00007fff8485b000 	C:\Windows\SYSTEM32\DNSAPI.dll
0x00007fff7e890000 - 0x00007fff7e89b000 	C:\Windows\SYSTEM32\WINNSI.DLL

VM Arguments:
jvm_args: -Xmx2048m -Dfile.encoding=windows-1252 -Duser.country=US -Duser.language=en -Duser.variant 
java_command: org.gradle.launcher.daemon.bootstrap.GradleDaemon 6.5
java_class_path (initial): C:\Users\DELL\.gradle\wrapper\dists\gradle-6.5-bin\6nifqtx7604sqp1q6g8wikw7p\gradle-6.5\lib\gradle-launcher-6.5.jar
Launcher Type: SUN_STANDARD

Environment Variables:
PATH=C:\Windows\system32;C:\Windows;C:\Windows\System32\Wbem;C:\Windows\System32\WindowsPowerShell\v1.0\;C:\Windows\System32\OpenSSH\;C:\Program Files\Git\cmd;C:\Users\DELL\AppData\Local\Microsoft\WindowsApps;C:\Users\DELL\AppData\Local\GitHubDesktop\bin;C:\Users\DELL\AppData\Local\Programs\Microsoft VS Code\bin
USERNAME=DELL
OS=Windows_NT
PROCESSOR_IDENTIFIER=Intel64 Family 6 Model 142 Stepping 10, GenuineIntel



---------------  S Y S T E M  ---------------

OS: Windows 10.0 , 64 bit Build 19041 (10.0.19041.546)

CPU:total 8 (initial active 8) (4 cores per cpu, 2 threads per core) family 6 model 142 stepping 10, cmov, cx8, fxsr, mmx, sse, sse2, sse3, ssse3, sse4.1, sse4.2, popcnt, avx, avx2, aes, clmul, erms, 3dnowpref, lzcnt, ht, tsc, tscinvbit, bmi1, bmi2, adx

Memory: 4k page, physical 12444736k(3010496k free), swap 14917696k(5272k free)

vm_info: OpenJDK 64-Bit Server VM (25.242-b01) for windows-amd64 JRE (1.8.0_242-release-1644-b01), built by "builder" with MS VC++ 10.0 (VS2010)

time: Tue Nov 10 21:11:34 2020
timezone: SE Asia Standard Time
elapsed time: 19 seconds (0d 0h 0m 19s)

