#
# There is insufficient memory for the Java Runtime Environment to continue.
# Native memory allocation (malloc) failed to allocate 1745216 bytes for Chunk::new
# Possible reasons:
#   The system is out of physical RAM or swap space
#   The process is running with CompressedOops enabled, and the Java Heap may be blocking the growth of the native heap
# Possible solutions:
#   Reduce memory load on the system
#   Increase physical memory or swap space
#   Check if swap backing store is full
#   Decrease Java heap size (-Xmx/-Xms)
#   Decrease number of Java threads
#   Decrease Java thread stack sizes (-Xss)
#   Set larger code cache with -XX:ReservedCodeCacheSize=
#   JVM is running with Unscaled Compressed Oops mode in which the Java heap is
#     placed in the first 4GB address space. The Java Heap base address is the
#     maximum limit for the native heap growth. Please use -XX:HeapBaseMinAddress
#     to set the Java Heap base and to place the Java Heap above 4GB virtual address.
# This output file may be truncated or incomplete.
#
#  Out of Memory Error (allocation.cpp:389), pid=10244, tid=0x000000000000301c
#
# JRE version: OpenJDK Runtime Environment (8.0_242-b01) (build 1.8.0_242-release-1644-b01)
# Java VM: OpenJDK 64-Bit Server VM (25.242-b01 mixed mode windows-amd64 compressed oops)
# Failed to write core dump. Minidumps are not enabled by default on client versions of Windows
#

---------------  T H R E A D  ---------------

Current thread (0x0000000019684800):  JavaThread "C2 CompilerThread2" daemon [_thread_in_native, id=12316, stack(0x000000001a150000,0x000000001a250000)]

Stack: [0x000000001a150000,0x000000001a250000]
[error occurred during error reporting (printing stack bounds), id 0xc0000005]

Native frames: (J=compiled Java code, j=interpreted, Vv=VM code, C=native code)


Current CompileTask:
C2: 176395 17684 %     4       com.android.tools.r8.ir.regalloc.a::a @ 2118 (3992 bytes)


---------------  P R O C E S S  ---------------

Java Threads: ( => current thread )
  0x000000001b5d6000 JavaThread "stdout" [_thread_in_native, id=11396, stack(0x0000000032360000,0x0000000032460000)]
  0x000000001b5d5800 JavaThread "stderr" [_thread_in_native, id=11256, stack(0x0000000032260000,0x0000000032360000)]
  0x000000001b5da000 JavaThread "stdout" [_thread_in_native, id=1228, stack(0x0000000032160000,0x0000000032260000)]
  0x000000001b5d4800 JavaThread "stderr" [_thread_in_native, id=10236, stack(0x0000000032060000,0x0000000032160000)]
  0x000000001b5d9000 JavaThread "stdout" [_thread_in_native, id=3320, stack(0x0000000031f60000,0x0000000032060000)]
  0x000000001b5d8800 JavaThread "stderr" [_thread_in_native, id=1848, stack(0x0000000031e60000,0x0000000031f60000)]
  0x000000001b5d7800 JavaThread "stdout" [_thread_in_native, id=1396, stack(0x0000000031d60000,0x0000000031e60000)]
  0x000000001b5db800 JavaThread "stderr" [_thread_in_native, id=10816, stack(0x0000000031c60000,0x0000000031d60000)]
  0x000000001b5d4000 JavaThread "stdout" [_thread_in_native, id=10728, stack(0x0000000031b60000,0x0000000031c60000)]
  0x000000001b5da800 JavaThread "stderr" [_thread_in_native, id=5232, stack(0x0000000031a60000,0x0000000031b60000)]
  0x000000001b5d7000 JavaThread "stdout" [_thread_in_native, id=3780, stack(0x0000000031960000,0x0000000031a60000)]
  0x000000001b5cc800 JavaThread "stderr" [_thread_in_native, id=12440, stack(0x0000000031860000,0x0000000031960000)]
  0x000000001b5d3000 JavaThread "stdout" [_thread_in_native, id=6120, stack(0x0000000031760000,0x0000000031860000)]
  0x000000001b5d2800 JavaThread "stderr" [_thread_in_native, id=2460, stack(0x0000000031660000,0x0000000031760000)]
  0x000000001b5d0000 JavaThread "stdout" [_thread_in_native, id=12428, stack(0x0000000031560000,0x0000000031660000)]
  0x000000001b5ce800 JavaThread "stderr" [_thread_in_native, id=6436, stack(0x0000000031460000,0x0000000031560000)]
  0x000000001b5d1800 JavaThread "pool-6-thread-1" [_thread_blocked, id=7728, stack(0x0000000031360000,0x0000000031460000)]
  0x000000001b5d1000 JavaThread "WorkerExecutor Queue Thread 8" [_thread_blocked, id=9672, stack(0x0000000030990000,0x0000000030a90000)]
  0x000000001b5cd000 JavaThread "WorkerExecutor Queue Thread 7" [_thread_blocked, id=11320, stack(0x0000000030890000,0x0000000030990000)]
  0x0000000021330800 JavaThread "WorkerExecutor Queue Thread 6" [_thread_blocked, id=12224, stack(0x0000000030790000,0x0000000030890000)]
  0x000000001c06e800 JavaThread "WorkerExecutor Queue Thread 5" [_thread_blocked, id=12556, stack(0x0000000030690000,0x0000000030790000)]
  0x000000001c072000 JavaThread "WorkerExecutor Queue Thread 4" [_thread_blocked, id=2672, stack(0x0000000030590000,0x0000000030690000)]
  0x000000001c06d800 JavaThread "WorkerExecutor Queue Thread 3" [_thread_blocked, id=9868, stack(0x0000000030490000,0x0000000030590000)]
  0x0000000021358000 JavaThread "WorkerExecutor Queue Thread 2" [_thread_blocked, id=3928, stack(0x0000000030390000,0x0000000030490000)]
  0x0000000021355000 JavaThread "WorkerExecutor Queue" [_thread_blocked, id=10468, stack(0x0000000030290000,0x0000000030390000)]
  0x0000000021359800 JavaThread "Cache worker for execution history cache (C:\Users\DELL\AndroidStudioProjects\DU_AN_1\.gradle\6.5\executionHistory)" [_thread_blocked, id=7828, stack(0x0000000030190000,0x0000000030290000)]
  0x0000000021354000 JavaThread "Execution worker for ':' Thread 7" [_thread_in_Java, id=9212, stack(0x0000000030090000,0x0000000030190000)]
  0x000000002135a000 JavaThread "Execution worker for ':' Thread 6" [_thread_blocked, id=7080, stack(0x000000002ff90000,0x0000000030090000)]
  0x000000001b51f000 JavaThread "Execution worker for ':' Thread 5" [_thread_blocked, id=11348, stack(0x000000002fe90000,0x000000002ff90000)]
  0x000000001b526000 JavaThread "Execution worker for ':' Thread 4" [_thread_blocked, id=11572, stack(0x000000002f090000,0x000000002f190000)]
  0x000000001b525000 JavaThread "Execution worker for ':' Thread 3" [_thread_blocked, id=7548, stack(0x000000002ed90000,0x000000002ee90000)]
  0x000000001b520800 JavaThread "Execution worker for ':' Thread 2" [_thread_blocked, id=9008, stack(0x000000002ec90000,0x000000002ed90000)]
  0x000000001b51d800 JavaThread "Execution worker for ':'" [_thread_blocked, id=10052, stack(0x000000002db30000,0x000000002dc30000)]
  0x000000001b524800 JavaThread "Cache worker for file content cache (C:\Users\DELL\AndroidStudioProjects\DU_AN_1\.gradle\6.5\fileContent)" [_thread_blocked, id=1700, stack(0x000000002d350000,0x000000002d450000)]
  0x000000001b522000 JavaThread "pool-5-thread-1" [_thread_blocked, id=5244, stack(0x000000002d050000,0x000000002d150000)]
  0x000000001b521800 JavaThread "Cache worker for Build Output Cleanup Cache (C:\Users\DELL\AndroidStudioProjects\DU_AN_1\.gradle\buildOutputCleanup)" [_thread_blocked, id=6944, stack(0x000000002c010000,0x000000002c110000)]
  0x000000001b523800 JavaThread "Build operations Thread 8" [_thread_blocked, id=4808, stack(0x000000002ad40000,0x000000002ae40000)]
  0x000000002dcec800 JavaThread "Build operations Thread 7" [_thread_in_Java, id=8404, stack(0x0000000023630000,0x0000000023730000)]
  0x000000002dce5000 JavaThread "Build operations Thread 6" [_thread_in_Java, id=8420, stack(0x0000000023530000,0x0000000023630000)]
  0x000000002dceb000 JavaThread "Build operations Thread 5" [_thread_in_Java, id=12212, stack(0x0000000022560000,0x0000000022660000)]
  0x000000002dce9800 JavaThread "Build operations Thread 4" [_thread_blocked, id=7928, stack(0x0000000022460000,0x0000000022560000)]
  0x000000002dce8000 JavaThread "Build operations Thread 3" [_thread_blocked, id=10576, stack(0x0000000022360000,0x0000000022460000)]
  0x000000002dce9000 JavaThread "Build operations Thread 2" [_thread_blocked, id=10136, stack(0x0000000022260000,0x0000000022360000)]
  0x000000002dcea800 JavaThread "Build operations" [_thread_in_native, id=13252, stack(0x0000000022160000,0x0000000022260000)]
  0x000000002dce6000 JavaThread "Cache worker for cache directory md-rule (C:\Users\DELL\.gradle\caches\6.5\md-rule)" [_thread_blocked, id=12932, stack(0x0000000021e60000,0x0000000021f60000)]
  0x000000002dce7800 JavaThread "Cache worker for cache directory md-supplier (C:\Users\DELL\.gradle\caches\6.5\md-supplier)" [_thread_blocked, id=13260, stack(0x0000000020910000,0x0000000020a10000)]
  0x000000002dcec000 JavaThread "Cache worker for checksums cache (C:\Users\DELL\AndroidStudioProjects\DU_AN_1\.gradle\checksums)" [_thread_blocked, id=5552, stack(0x0000000020810000,0x0000000020910000)]
  0x000000002dce6800 JavaThread "Cache worker for file hash cache (C:\Users\DELL\AndroidStudioProjects\DU_AN_1\.gradle\6.5\fileHashes)" [_thread_blocked, id=8160, stack(0x000000001de70000,0x000000001df70000)]
  0x000000002dcdd800 JavaThread "Thread-357" [_thread_blocked, id=7028, stack(0x000000001dd70000,0x000000001de70000)]
  0x000000002dce4800 JavaThread "Stdin handler" [_thread_blocked, id=11528, stack(0x000000001d430000,0x000000001d530000)]
  0x000000002dce3800 JavaThread "Asynchronous log dispatcher for DefaultDaemonConnection: socket connection from /127.0.0.1:53817 to /127.0.0.1:53884" [_thread_blocked, id=416, stack(0x000000001d330000,0x000000001d430000)]
  0x000000002dce0000 JavaThread "Cancel handler" [_thread_blocked, id=9132, stack(0x0000000000af0000,0x0000000000bf0000)]
  0x000000002dce2000 JavaThread "Handler for socket connection from /127.0.0.1:53817 to /127.0.0.1:53884" [_thread_in_native, id=10088, stack(0x00000000009f0000,0x0000000000af0000)]
  0x000000001c071800 JavaThread "jar transforms Thread 262" [_thread_blocked, id=7240, stack(0x000000002a740000,0x000000002a840000)]
  0x000000001c06c000 JavaThread "jar transforms Thread 261" [_thread_blocked, id=12636, stack(0x0000000029240000,0x0000000029340000)]
  0x000000001c070800 JavaThread "jar transforms Thread 260" [_thread_blocked, id=1664, stack(0x0000000029140000,0x0000000029240000)]
  0x000000001c070000 JavaThread "jar transforms Thread 259" [_thread_blocked, id=11688, stack(0x0000000029040000,0x0000000029140000)]
  0x000000001b35b800 JavaThread "jar transforms Thread 258" [_thread_blocked, id=8032, stack(0x0000000028f40000,0x0000000029040000)]
  0x000000001b35a800 JavaThread "jar transforms Thread 257" [_thread_blocked, id=464, stack(0x0000000028e40000,0x0000000028f40000)]
  0x000000001b35a000 JavaThread "jar transforms Thread 256" [_thread_blocked, id=5920, stack(0x0000000028d40000,0x0000000028e40000)]
  0x000000001b359000 JavaThread "jar transforms Thread 255" [_thread_blocked, id=1288, stack(0x0000000028c40000,0x0000000028d40000)]
  0x000000001b358800 JavaThread "jar transforms Thread 254" [_thread_blocked, id=6756, stack(0x0000000028b40000,0x0000000028c40000)]
  0x000000001b357000 JavaThread "jar transforms Thread 253" [_thread_blocked, id=6520, stack(0x0000000028a40000,0x0000000028b40000)]
  0x000000001b357800 JavaThread "jar transforms Thread 252" [_thread_blocked, id=7236, stack(0x0000000028940000,0x0000000028a40000)]
  0x000000001b34f800 JavaThread "jar transforms Thread 251" [_thread_blocked, id=1284, stack(0x0000000028840000,0x0000000028940000)]
  0x000000001b528000 JavaThread "jar transforms Thread 250" [_thread_blocked, id=8304, stack(0x0000000028740000,0x0000000028840000)]
  0x000000001b52b000 JavaThread "jar transforms Thread 249" [_thread_blocked, id=2724, stack(0x0000000028640000,0x0000000028740000)]
  0x000000001b527800 JavaThread "jar transforms Thread 248" [_thread_blocked, id=3696, stack(0x0000000028540000,0x0000000028640000)]
  0x000000001b52a800 JavaThread "jar transforms Thread 247" [_thread_blocked, id=6164, stack(0x0000000028440000,0x0000000028540000)]
  0x000000001b529800 JavaThread "jar transforms Thread 246" [_thread_blocked, id=4772, stack(0x0000000028340000,0x0000000028440000)]
  0x000000001b526800 JavaThread "jar transforms Thread 245" [_thread_blocked, id=7484, stack(0x0000000028240000,0x0000000028340000)]
  0x000000001b529000 JavaThread "jar transforms Thread 244" [_thread_blocked, id=932, stack(0x0000000028140000,0x0000000028240000)]
  0x000000001b52c000 JavaThread "jar transforms Thread 243" [_thread_blocked, id=7836, stack(0x0000000028040000,0x0000000028140000)]
  0x000000001b52c800 JavaThread "jar transforms Thread 242" [_thread_blocked, id=7952, stack(0x0000000027f40000,0x0000000028040000)]
  0x0000000021339000 JavaThread "jar transforms Thread 241" [_thread_blocked, id=3500, stack(0x0000000027e40000,0x0000000027f40000)]
  0x0000000021335000 JavaThread "jar transforms Thread 240" [_thread_blocked, id=3200, stack(0x0000000027d40000,0x0000000027e40000)]
  0x0000000021334800 JavaThread "jar transforms Thread 239" [_thread_blocked, id=9424, stack(0x0000000027c40000,0x0000000027d40000)]
  0x0000000021338000 JavaThread "jar transforms Thread 238" [_thread_blocked, id=4212, stack(0x0000000027b40000,0x0000000027c40000)]
  0x000000002133a800 JavaThread "jar transforms Thread 237" [_thread_blocked, id=8512, stack(0x0000000027a40000,0x0000000027b40000)]
  0x0000000021339800 JavaThread "jar transforms Thread 236" [_thread_blocked, id=12848, stack(0x0000000027940000,0x0000000027a40000)]
  0x0000000021336000 JavaThread "jar transforms Thread 235" [_thread_blocked, id=13148, stack(0x0000000027840000,0x0000000027940000)]
  0x0000000021336800 JavaThread "jar transforms Thread 234" [_thread_blocked, id=9372, stack(0x0000000027740000,0x0000000027840000)]
  0x0000000021337800 JavaThread "jar transforms Thread 233" [_thread_blocked, id=2168, stack(0x0000000027640000,0x0000000027740000)]
  0x000000002132d000 JavaThread "jar transforms Thread 232" [_thread_blocked, id=224, stack(0x0000000027540000,0x0000000027640000)]
  0x000000002132e800 JavaThread "jar transforms Thread 231" [_thread_blocked, id=10908, stack(0x0000000027440000,0x0000000027540000)]
  0x0000000021333800 JavaThread "jar transforms Thread 230" [_thread_blocked, id=12200, stack(0x0000000027340000,0x0000000027440000)]
  0x0000000021331800 JavaThread "jar transforms Thread 229" [_thread_blocked, id=11176, stack(0x0000000027240000,0x0000000027340000)]
  0x000000002132d800 JavaThread "jar transforms Thread 228" [_thread_blocked, id=2032, stack(0x0000000027140000,0x0000000027240000)]
  0x000000001e8c8800 JavaThread "jar transforms Thread 227" [_thread_blocked, id=4460, stack(0x0000000027040000,0x0000000027140000)]
  0x000000001e8ce000 JavaThread "jar transforms Thread 226" [_thread_blocked, id=10616, stack(0x0000000026d40000,0x0000000026e40000)]
  0x000000001e8c6800 JavaThread "jar transforms Thread 225" [_thread_blocked, id=11752, stack(0x0000000026c40000,0x0000000026d40000)]
  0x000000001e8cd000 JavaThread "jar transforms Thread 224" [_thread_blocked, id=6240, stack(0x0000000026b40000,0x0000000026c40000)]
  0x000000001e8c5800 JavaThread "jar transforms Thread 223" [_thread_blocked, id=8228, stack(0x0000000026a40000,0x0000000026b40000)]
  0x000000001e8c1000 JavaThread "jar transforms Thread 222" [_thread_blocked, id=4508, stack(0x0000000026940000,0x0000000026a40000)]
  0x000000001e8c4000 JavaThread "jar transforms Thread 221" [_thread_blocked, id=4196, stack(0x0000000026840000,0x0000000026940000)]
  0x000000001e8c5000 JavaThread "jar transforms Thread 220" [_thread_blocked, id=12232, stack(0x0000000026740000,0x0000000026840000)]
  0x000000001e8c7000 JavaThread "jar transforms Thread 219" [_thread_blocked, id=280, stack(0x0000000026640000,0x0000000026740000)]
  0x000000001e8c3800 JavaThread "jar transforms Thread 218" [_thread_blocked, id=9224, stack(0x0000000026540000,0x0000000026640000)]
  0x000000001e8c8000 JavaThread "jar transforms Thread 217" [_thread_blocked, id=4432, stack(0x0000000026440000,0x0000000026540000)]
  0x000000001e8c0800 JavaThread "jar transforms Thread 216" [_thread_blocked, id=7512, stack(0x0000000026340000,0x0000000026440000)]
  0x000000001e8c2800 JavaThread "jar transforms Thread 215" [_thread_blocked, id=12132, stack(0x0000000026240000,0x0000000026340000)]
  0x000000001e8c2000 JavaThread "jar transforms Thread 214" [_thread_blocked, id=3684, stack(0x0000000026140000,0x0000000026240000)]
  0x00000000203f4800 JavaThread "jar transforms Thread 213" [_thread_blocked, id=9072, stack(0x0000000026040000,0x0000000026140000)]
  0x00000000203f6000 JavaThread "jar transforms Thread 212" [_thread_blocked, id=9508, stack(0x0000000025f40000,0x0000000026040000)]
  0x00000000203ed000 JavaThread "jar transforms Thread 211" [_thread_blocked, id=12012, stack(0x0000000025e40000,0x0000000025f40000)]
  0x00000000203f4000 JavaThread "jar transforms Thread 210" [_thread_blocked, id=11708, stack(0x0000000025d40000,0x0000000025e40000)]
  0x00000000203ec000 JavaThread "jar transforms Thread 209" [_thread_blocked, id=8188, stack(0x0000000025c40000,0x0000000025d40000)]
  0x00000000203f0000 JavaThread "jar transforms Thread 208" [_thread_blocked, id=9040, stack(0x0000000025b40000,0x0000000025c40000)]
  0x00000000203f3000 JavaThread "jar transforms Thread 207" [_thread_blocked, id=8288, stack(0x0000000025a40000,0x0000000025b40000)]
  0x00000000203f2000 JavaThread "jar transforms Thread 206" [_thread_blocked, id=5700, stack(0x0000000025940000,0x0000000025a40000)]
  0x00000000203f0800 JavaThread "jar transforms Thread 205" [_thread_blocked, id=11188, stack(0x0000000025840000,0x0000000025940000)]
  0x00000000203ef000 JavaThread "jar transforms Thread 204" [_thread_blocked, id=2116, stack(0x0000000025740000,0x0000000025840000)]
  0x00000000203ee800 JavaThread "jar transforms Thread 203" [_thread_blocked, id=5768, stack(0x0000000025640000,0x0000000025740000)]
  0x00000000203ed800 JavaThread "jar transforms Thread 202" [_thread_blocked, id=8804, stack(0x0000000025540000,0x0000000025640000)]
  0x00000000203ea800 JavaThread "jar transforms Thread 201" [_thread_blocked, id=8036, stack(0x0000000025440000,0x0000000025540000)]
  0x00000000203e8800 JavaThread "jar transforms Thread 200" [_thread_blocked, id=5224, stack(0x0000000025340000,0x0000000025440000)]
  0x00000000203eb800 JavaThread "jar transforms Thread 199" [_thread_blocked, id=5960, stack(0x0000000025240000,0x0000000025340000)]
  0x00000000203e9000 JavaThread "jar transforms Thread 198" [_thread_blocked, id=2980, stack(0x0000000025140000,0x0000000025240000)]
  0x00000000203e7800 JavaThread "jar transforms Thread 197" [_thread_blocked, id=11232, stack(0x0000000025040000,0x0000000025140000)]
  0x000000002135d000 JavaThread "jar transforms Thread 196" [_thread_blocked, id=1776, stack(0x0000000024f40000,0x0000000025040000)]
  0x0000000021360000 JavaThread "jar transforms Thread 195" [_thread_blocked, id=7780, stack(0x0000000024e40000,0x0000000024f40000)]
  0x000000002135c800 JavaThread "jar transforms Thread 194" [_thread_blocked, id=10108, stack(0x0000000024d40000,0x0000000024e40000)]
  0x0000000021361000 JavaThread "jar transforms Thread 193" [_thread_blocked, id=7304, stack(0x0000000024c40000,0x0000000024d40000)]
  0x0000000021361800 JavaThread "jar transforms Thread 192" [_thread_blocked, id=9032, stack(0x0000000024b40000,0x0000000024c40000)]
  0x000000002135f800 JavaThread "jar transforms Thread 191" [_thread_blocked, id=10208, stack(0x0000000024a40000,0x0000000024b40000)]
  0x000000002135e800 JavaThread "jar transforms Thread 190" [_thread_blocked, id=1240, stack(0x0000000023930000,0x0000000023a30000)]
  0x0000000021362800 JavaThread "jar transforms Thread 189" [_thread_blocked, id=11892, stack(0x0000000023730000,0x0000000023830000)]
  0x000000001b356000 JavaThread "jar transforms Thread 188" [_thread_blocked, id=4024, stack(0x000000002a640000,0x000000002a740000)]
  0x000000001b351800 JavaThread "jar transforms Thread 187" [_thread_blocked, id=10048, stack(0x000000002a540000,0x000000002a640000)]
  0x000000001b353000 JavaThread "jar transforms Thread 186" [_thread_blocked, id=3672, stack(0x000000002a440000,0x000000002a540000)]
  0x000000001b355800 JavaThread "jar transforms Thread 185" [_thread_blocked, id=1616, stack(0x000000002a340000,0x000000002a440000)]
  0x000000001b354000 JavaThread "jar transforms Thread 184" [_thread_blocked, id=12916, stack(0x000000002a240000,0x000000002a340000)]
  0x000000001b351000 JavaThread "jar transforms Thread 183" [_thread_blocked, id=7608, stack(0x000000002a140000,0x000000002a240000)]
  0x000000001b354800 JavaThread "jar transforms Thread 182" [_thread_blocked, id=7964, stack(0x000000002a040000,0x000000002a140000)]
  0x000000001b34c800 JavaThread "jar transforms Thread 181" [_thread_blocked, id=11304, stack(0x0000000029f40000,0x000000002a040000)]
  0x000000001b352800 JavaThread "jar transforms Thread 180" [_thread_blocked, id=11276, stack(0x0000000029e40000,0x0000000029f40000)]
  0x000000001b34e800 JavaThread "jar transforms Thread 179" [_thread_blocked, id=11488, stack(0x0000000029d40000,0x0000000029e40000)]
  0x000000001b34e000 JavaThread "jar transforms Thread 178" [_thread_blocked, id=8152, stack(0x0000000029c40000,0x0000000029d40000)]
  0x000000001b350000 JavaThread "jar transforms Thread 177" [_thread_blocked, id=10672, stack(0x0000000029b40000,0x0000000029c40000)]
  0x000000001b34d000 JavaThread "jar transforms Thread 176" [_thread_blocked, id=9500, stack(0x0000000029a40000,0x0000000029b40000)]
  0x000000001e8cf800 JavaThread "jar transforms Thread 175" [_thread_blocked, id=9468, stack(0x0000000029940000,0x0000000029a40000)]
  0x000000001e8cb800 JavaThread "jar transforms Thread 174" [_thread_blocked, id=7476, stack(0x0000000029840000,0x0000000029940000)]
  0x000000001e8cc800 JavaThread "jar transforms Thread 173" [_thread_blocked, id=11596, stack(0x0000000029740000,0x0000000029840000)]
  0x000000001e8cb000 JavaThread "jar transforms Thread 172" [_thread_blocked, id=11128, stack(0x0000000029640000,0x0000000029740000)]
  0x000000001e8ca000 JavaThread "jar transforms Thread 171" [_thread_blocked, id=10336, stack(0x0000000029540000,0x0000000029640000)]
  0x000000001e8c9800 JavaThread "jar transforms Thread 170" [_thread_blocked, id=1156, stack(0x0000000029440000,0x0000000029540000)]
  0x000000001e8ce800 JavaThread "jar transforms Thread 169" [_thread_blocked, id=9576, stack(0x0000000029340000,0x0000000029440000)]
  0x0000000021356800 JavaThread "Daemon worker Thread 2" [_thread_blocked, id=11616, stack(0x000000001da70000,0x000000001db70000)]
  0x0000000021353000 JavaThread "Daemon Thread 2" [_thread_blocked, id=1232, stack(0x00000000008f0000,0x00000000009f0000)]
  0x00000000203f1800 JavaThread "Memory manager" [_thread_blocked, id=824, stack(0x000000002c310000,0x000000002c410000)]
  0x0000000021330000 JavaThread "Cache worker for file content cache (C:\Users\DELL\.gradle\caches\6.5\fileContent)" [_thread_blocked, id=6928, stack(0x0000000022e30000,0x0000000022f30000)]
  0x000000002132f000 JavaThread "Cache worker for execution history cache (C:\Users\DELL\.gradle\caches\6.5\executionHistory)" [_thread_blocked, id=12584, stack(0x0000000022930000,0x0000000022a30000)]
  0x000000001c06f000 JavaThread "Cache worker for file hash cache (C:\Users\DELL\.gradle\caches\6.5\fileHashes)" [_thread_blocked, id=10112, stack(0x000000001e570000,0x000000001e670000)]
  0x000000001c073000 JavaThread "File lock request listener" [_thread_in_native, id=12268, stack(0x000000001e470000,0x000000001e570000)]
  0x000000001c2fd000 JavaThread "Cache worker for journal cache (C:\Users\DELL\.gradle\caches\journal-1)" [_thread_blocked, id=11012, stack(0x000000001e370000,0x000000001e470000)]
  0x000000001c0cf000 JavaThread "Daemon periodic checks" [_thread_blocked, id=4492, stack(0x000000001d770000,0x000000001d870000)]
  0x000000001c066000 JavaThread "Incoming local TCP Connector on port 53817" [_thread_in_native, id=8504, stack(0x000000001d530000,0x000000001d630000)]
  0x000000001bc3e000 JavaThread "Daemon health stats" [_thread_blocked, id=1044, stack(0x000000001cef0000,0x000000001cff0000)]
  0x0000000019716000 JavaThread "Service Thread" daemon [_thread_blocked, id=8452, stack(0x000000001a350000,0x000000001a450000)]
  0x0000000019689000 JavaThread "C1 CompilerThread3" daemon [_thread_in_vm, id=12084, stack(0x000000001a250000,0x000000001a350000)]
=>0x0000000019684800 JavaThread "C2 CompilerThread2" daemon [_thread_in_native, id=12316, stack(0x000000001a150000,0x000000001a250000)]
  0x0000000019682800 JavaThread "C2 CompilerThread1" daemon [_thread_in_native, id=6648, stack(0x000000001a050000,0x000000001a150000)]
  0x000000001967f800 JavaThread "C2 CompilerThread0" daemon [_thread_in_native, id=12744, stack(0x0000000019f50000,0x000000001a050000)]
  0x000000001967e000 JavaThread "Attach Listener" daemon [_thread_blocked, id=6184, stack(0x0000000019e50000,0x0000000019f50000)]
  0x000000001789e000 JavaThread "Signal Dispatcher" daemon [_thread_blocked, id=5684, stack(0x0000000019d50000,0x0000000019e50000)]
  0x0000000019671800 JavaThread "Finalizer" daemon [_thread_blocked, id=11972, stack(0x0000000019b50000,0x0000000019c50000)]
  0x0000000019670800 JavaThread "Reference Handler" daemon [_thread_blocked, id=9764, stack(0x0000000019a50000,0x0000000019b50000)]
  0x000000000271d800 JavaThread "main" [_thread_blocked, id=10756, stack(0x0000000002540000,0x0000000002640000)]

Other Threads:
  0x0000000017888800 VMThread [stack: 0x0000000019550000,0x0000000019650000] [id=9100]
  0x0000000019716800 WatcherThread [stack: 0x000000001a450000,0x000000001a550000] [id=13300]

VM state:not at safepoint (normal execution)

VM Mutex/Monitor currently owned by a thread: None

heap address: 0x0000000080000000, size: 2048 MB, Compressed Oops mode: 32-bit
Narrow klass base: 0x0000000000000000, Narrow klass shift: 3
Compressed class space size: 1073741824 Address: 0x0000000100000000

Heap:
 PSYoungGen      total 334336K, used 33455K [0x00000000d5580000, 0x00000000eb880000, 0x0000000100000000)
  eden space 305152K, 9% used [0x00000000d5580000,0x00000000d71a3430,0x00000000e7f80000)
  from space 29184K, 15% used [0x00000000e7f80000,0x00000000e8408818,0x00000000e9c00000)
  to   space 22016K, 0% used [0x00000000ea300000,0x00000000ea300000,0x00000000eb880000)
 ParOldGen       total 163328K, used 99033K [0x0000000080000000, 0x0000000089f80000, 0x00000000d5580000)
  object space 163328K, 60% used [0x0000000080000000,0x00000000860b6558,0x0000000089f80000)
 Metaspace       used 104606K, capacity 110595K, committed 110760K, reserved 1144832K
  class space    used 13773K, capacity 14966K, committed 15016K, reserved 1048576K

Card table byte_map: [0x0000000011be0000,0x0000000011ff0000] byte_map_base: 0x00000000117e0000

Marking Bits: (ParMarkBitMap*) 0x000000006a34f030
 Begin Bits: [0x0000000012aa0000, 0x0000000014aa0000)
 End Bits:   [0x0000000014aa0000, 0x0000000016aa0000)

Polling page: 0x0000000002450000

CodeCache: size=245760Kb used=53580Kb max_used=53580Kb free=192179Kb
 bounds [0x0000000002820000, 0x0000000005cb0000, 0x0000000011820000]
 total_blobs=16412 nmethods=15499 adapters=825
 compilation: enabled

Compilation events (10 events):
Event: 176.386 Thread 0x0000000019689000 nmethod 18440 0x0000000005c9f350 code [0x0000000005c9f4a0, 0x0000000005c9f690]
Event: 176.386 Thread 0x0000000019689000 18441       2       com.android.tools.r8.s.b.J0::b (58 bytes)
Event: 176.386 Thread 0x0000000019689000 nmethod 18441 0x0000000005c9f790 code [0x0000000005c9f900, 0x0000000005c9fb38]
Event: 176.386 Thread 0x0000000019689000 18442       2       com.android.tools.r8.s.b.J0::f0 (2 bytes)
Event: 176.387 Thread 0x0000000019689000 nmethod 18442 0x0000000005c9fc90 code [0x0000000005c9fde0, 0x0000000005c9ff30]
Event: 176.387 Thread 0x0000000019689000 18443       2       com.android.tools.r8.q.a.a.b.w::a (150 bytes)
Event: 176.389 Thread 0x0000000019689000 nmethod 18443 0x0000000005c9ffd0 code [0x0000000005ca0200, 0x0000000005ca0868]
Event: 176.389 Thread 0x0000000019689000 18446       2       java.util.HashMap$HashIterator::remove (77 bytes)
Event: 176.390 Thread 0x0000000019689000 nmethod 18446 0x0000000005ca0b90 code [0x0000000005ca0d40, 0x0000000005ca10d8]
Event: 176.390 Thread 0x0000000019689000 18444       2       com.android.tools.r8.s.b.o::a (189 bytes)

GC Heap History (10 events):
Event: 164.573 GC heap before
{Heap before GC invocations=19 (full 3):
 PSYoungGen      total 298496K, used 148372K [0x00000000d5580000, 0x00000000ec100000, 0x0000000100000000)
  eden space 271360K, 45% used [0x00000000d5580000,0x00000000dce17e30,0x00000000e5e80000)
  from space 27136K, 91% used [0x00000000e5e80000,0x00000000e76cd200,0x00000000e7900000)
  to   space 30720K, 0% used [0x00000000ea300000,0x00000000ea300000,0x00000000ec100000)
 ParOldGen       total 163328K, used 57931K [0x0000000080000000, 0x0000000089f80000, 0x00000000d5580000)
  object space 163328K, 35% used [0x0000000080000000,0x0000000083892f60,0x0000000089f80000)
 Metaspace       used 93364K, capacity 98525K, committed 98600K, reserved 1134592K
  class space    used 12288K, capacity 13317K, committed 13352K, reserved 1048576K
Event: 164.592 GC heap after
Heap after GC invocations=19 (full 3):
 PSYoungGen      total 327168K, used 10866K [0x00000000d5580000, 0x00000000eb880000, 0x0000000100000000)
  eden space 305152K, 0% used [0x00000000d5580000,0x00000000d5580000,0x00000000e7f80000)
  from space 22016K, 49% used [0x00000000ea300000,0x00000000ead9c998,0x00000000eb880000)
  to   space 29184K, 0% used [0x00000000e7f80000,0x00000000e7f80000,0x00000000e9c00000)
 ParOldGen       total 163328K, used 57939K [0x0000000080000000, 0x0000000089f80000, 0x00000000d5580000)
  object space 163328K, 35% used [0x0000000080000000,0x0000000083894f60,0x0000000089f80000)
 Metaspace       used 93364K, capacity 98525K, committed 98600K, reserved 1134592K
  class space    used 12288K, capacity 13317K, committed 13352K, reserved 1048576K
}
Event: 164.592 GC heap before
{Heap before GC invocations=20 (full 4):
 PSYoungGen      total 327168K, used 10866K [0x00000000d5580000, 0x00000000eb880000, 0x0000000100000000)
  eden space 305152K, 0% used [0x00000000d5580000,0x00000000d5580000,0x00000000e7f80000)
  from space 22016K, 49% used [0x00000000ea300000,0x00000000ead9c998,0x00000000eb880000)
  to   space 29184K, 0% used [0x00000000e7f80000,0x00000000e7f80000,0x00000000e9c00000)
 ParOldGen       total 163328K, used 57939K [0x0000000080000000, 0x0000000089f80000, 0x00000000d5580000)
  object space 163328K, 35% used [0x0000000080000000,0x0000000083894f60,0x0000000089f80000)
 Metaspace       used 93364K, capacity 98525K, committed 98600K, reserved 1134592K
  class space    used 12288K, capacity 13317K, committed 13352K, reserved 1048576K
Event: 165.638 GC heap after
Heap after GC invocations=20 (full 4):
 PSYoungGen      total 327168K, used 0K [0x00000000d5580000, 0x00000000eb880000, 0x0000000100000000)
  eden space 305152K, 0% used [0x00000000d5580000,0x00000000d5580000,0x00000000e7f80000)
  from space 22016K, 0% used [0x00000000ea300000,0x00000000ea300000,0x00000000eb880000)
  to   space 29184K, 0% used [0x00000000e7f80000,0x00000000e7f80000,0x00000000e9c00000)
 ParOldGen       total 163328K, used 60919K [0x0000000080000000, 0x0000000089f80000, 0x00000000d5580000)
  object space 163328K, 37% used [0x0000000080000000,0x0000000083b7de60,0x0000000089f80000)
 Metaspace       used 93155K, capacity 97897K, committed 98600K, reserved 1134592K
  class space    used 12224K, capacity 13209K, committed 13352K, reserved 1048576K
}
Event: 171.703 GC heap before
{Heap before GC invocations=21 (full 4):
 PSYoungGen      total 327168K, used 305152K [0x00000000d5580000, 0x00000000eb880000, 0x0000000100000000)
  eden space 305152K, 100% used [0x00000000d5580000,0x00000000e7f80000,0x00000000e7f80000)
  from space 22016K, 0% used [0x00000000ea300000,0x00000000ea300000,0x00000000eb880000)
  to   space 29184K, 0% used [0x00000000e7f80000,0x00000000e7f80000,0x00000000e9c00000)
 ParOldGen       total 163328K, used 60919K [0x0000000080000000, 0x0000000089f80000, 0x00000000d5580000)
  object space 163328K, 37% used [0x0000000080000000,0x0000000083b7de60,0x0000000089f80000)
 Metaspace       used 97414K, capacity 102471K, committed 102696K, reserved 1138688K
  class space    used 12790K, capacity 13842K, committed 13864K, reserved 1048576K
Event: 171.742 GC heap after
Heap after GC invocations=21 (full 4):
 PSYoungGen      total 334336K, used 29163K [0x00000000d5580000, 0x00000000eb880000, 0x0000000100000000)
  eden space 305152K, 0% used [0x00000000d5580000,0x00000000d5580000,0x00000000e7f80000)
  from space 29184K, 99% used [0x00000000e7f80000,0x00000000e9bfae30,0x00000000e9c00000)
  to   space 22016K, 0% used [0x00000000ea300000,0x00000000ea300000,0x00000000eb880000)
 ParOldGen       total 163328K, used 61285K [0x0000000080000000, 0x0000000089f80000, 0x00000000d5580000)
  object space 163328K, 37% used [0x0000000080000000,0x0000000083bd9778,0x0000000089f80000)
 Metaspace       used 97414K, capacity 102471K, committed 102696K, reserved 1138688K
  class space    used 12790K, capacity 13842K, committed 13864K, reserved 1048576K
}
Event: 174.456 GC heap before
{Heap before GC invocations=22 (full 4):
 PSYoungGen      total 334336K, used 334315K [0x00000000d5580000, 0x00000000eb880000, 0x0000000100000000)
  eden space 305152K, 100% used [0x00000000d5580000,0x00000000e7f80000,0x00000000e7f80000)
  from space 29184K, 99% used [0x00000000e7f80000,0x00000000e9bfae30,0x00000000e9c00000)
  to   space 22016K, 0% used [0x00000000ea300000,0x00000000ea300000,0x00000000eb880000)
 ParOldGen       total 163328K, used 61285K [0x0000000080000000, 0x0000000089f80000, 0x00000000d5580000)
  object space 163328K, 37% used [0x0000000080000000,0x0000000083bd9778,0x0000000089f80000)
 Metaspace       used 103109K, capacity 108795K, committed 109096K, reserved 1142784K
  class space    used 13628K, capacity 14782K, committed 14888K, reserved 1048576K
Event: 174.525 GC heap after
Heap after GC invocations=22 (full 4):
 PSYoungGen      total 327168K, used 21994K [0x00000000d5580000, 0x00000000eb880000, 0x0000000100000000)
  eden space 305152K, 0% used [0x00000000d5580000,0x00000000d5580000,0x00000000e7f80000)
  from space 22016K, 99% used [0x00000000ea300000,0x00000000eb87ab38,0x00000000eb880000)
  to   space 29184K, 0% used [0x00000000e7f80000,0x00000000e7f80000,0x00000000e9c00000)
 ParOldGen       total 163328K, used 79944K [0x0000000080000000, 0x0000000089f80000, 0x00000000d5580000)
  object space 163328K, 48% used [0x0000000080000000,0x0000000084e123a0,0x0000000089f80000)
 Metaspace       used 103109K, capacity 108795K, committed 109096K, reserved 1142784K
  class space    used 13628K, capacity 14782K, committed 14888K, reserved 1048576K
}
Event: 176.286 GC heap before
{Heap before GC invocations=23 (full 4):
 PSYoungGen      total 327168K, used 327146K [0x00000000d5580000, 0x00000000eb880000, 0x0000000100000000)
  eden space 305152K, 100% used [0x00000000d5580000,0x00000000e7f80000,0x00000000e7f80000)
  from space 22016K, 99% used [0x00000000ea300000,0x00000000eb87ab38,0x00000000eb880000)
  to   space 29184K, 0% used [0x00000000e7f80000,0x00000000e7f80000,0x00000000e9c00000)
 ParOldGen       total 163328K, used 79944K [0x0000000080000000, 0x0000000089f80000, 0x00000000d5580000)
  object space 163328K, 48% used [0x0000000080000000,0x0000000084e123a0,0x0000000089f80000)
 Metaspace       used 104564K, capacity 110583K, committed 110760K, reserved 1144832K
  class space    used 13773K, capacity 14966K, committed 15016K, reserved 1048576K
Event: 176.329 GC heap after
Heap after GC invocations=23 (full 4):
 PSYoungGen      total 334336K, used 4642K [0x00000000d5580000, 0x00000000eb880000, 0x0000000100000000)
  eden space 305152K, 0% used [0x00000000d5580000,0x00000000d5580000,0x00000000e7f80000)
  from space 29184K, 15% used [0x00000000e7f80000,0x00000000e8408818,0x00000000e9c00000)
  to   space 22016K, 0% used [0x00000000ea300000,0x00000000ea300000,0x00000000eb880000)
 ParOldGen       total 163328K, used 99033K [0x0000000080000000, 0x0000000089f80000, 0x00000000d5580000)
  object space 163328K, 60% used [0x0000000080000000,0x00000000860b6558,0x0000000089f80000)
 Metaspace       used 104564K, capacity 110583K, committed 110760K, reserved 1144832K
  class space    used 13773K, capacity 14966K, committed 15016K, reserved 1048576K
}

Deoptimization events (10 events):
Event: 174.170 Thread 0x000000002dcea800 Uncommon trap: reason=class_check action=maybe_recompile pc=0x000000000571947c method=com.android.tools.r8.s.b.l0.d()Lcom/android/tools/r8/s/b/k0; @ 3
Event: 174.170 Thread 0x000000002dcea800 Uncommon trap: reason=class_check action=maybe_recompile pc=0x000000000571947c method=com.android.tools.r8.s.b.l0.d()Lcom/android/tools/r8/s/b/k0; @ 3
Event: 174.170 Thread 0x000000002dcea800 Uncommon trap: reason=class_check action=maybe_recompile pc=0x000000000571947c method=com.android.tools.r8.s.b.l0.d()Lcom/android/tools/r8/s/b/k0; @ 3
Event: 175.325 Thread 0x000000002dcec800 Uncommon trap: reason=unstable_if action=reinterpret pc=0x000000000565c9e8 method=com.android.tools.r8.ir.regalloc.a.a(Lcom/android/tools/r8/s/b/k0;Lcom/android/tools/r8/ir/regalloc/a$b;)Z @ 75
Event: 175.701 Thread 0x000000002dcea800 Uncommon trap: reason=unstable_if action=reinterpret pc=0x0000000005ba9078 method=com.android.tools.r8.graph.i0.b(Lcom/android/tools/r8/graph/i0;)I @ 39
Event: 175.821 Thread 0x000000002dcea800 Uncommon trap: reason=unstable_if action=reinterpret pc=0x00000000055cac84 method=com.android.tools.r8.t.a.a.a.h.Z0.a(Ljava/lang/Object;)I @ 52
Event: 175.887 Thread 0x000000002dcea800 Uncommon trap: reason=unstable_if action=reinterpret pc=0x000000000562f680 method=com.android.tools.r8.graph.d0.computeEquals(Ljava/lang/Object;)Z @ 37
Event: 175.890 Thread 0x000000002dcea800 Uncommon trap: reason=unstable_if action=reinterpret pc=0x0000000002921a28 method=java.util.Arrays.equals([Ljava/lang/Object;[Ljava/lang/Object;)Z @ 47
Event: 175.921 Thread 0x000000002dcea800 Uncommon trap: reason=unstable_if action=reinterpret pc=0x00000000054d3908 method=com.android.tools.r8.graph.k0.equals(Ljava/lang/Object;)Z @ 28
Event: 176.276 Thread 0x000000002dcea800 Uncommon trap: reason=unstable_if action=reinterpret pc=0x0000000004ef3aac method=java.util.regex.Pattern$SliceU.match(Ljava/util/regex/Matcher;ILjava/lang/CharSequence;)Z @ 29

Classes redefined (0 events):
No events

Internal exceptions (10 events):
Event: 171.748 Thread 0x000000002dce5000 Implicit null exception at 0x000000000315f27c to 0x000000000315ff0d
Event: 171.959 Thread 0x000000002dcec800 Exception <a 'java/lang/IncompatibleClassChangeError': Found class java.lang.Object, but interface was expected> (0x00000000d6750588) thrown at [C:\src\AOSP-openjdk-git\hotspot\src\share\vm\interpreter\linkResolver.cpp, line 653]
Event: 172.764 Thread 0x000000002dce5000 Exception <a 'java/lang/NoSuchMethodError': java.lang.Object.b(Lcom/android/tools/r8/graph/n1$b;)Lcom/android/tools/r8/graph/n1$b;> (0x00000000dd865b50) thrown at [C:\src\AOSP-openjdk-git\hotspot\src\share\vm\interpreter\linkResolver.cpp, line 620]
Event: 172.793 Thread 0x0000000021330800 Implicit null exception at 0x00000000052e1730 to 0x00000000052e1740
Event: 172.860 Thread 0x000000002dcea800 Exception <a 'java/lang/NoSuchMethodError': java.lang.Object.lambda$comparingInt$7b0bb60$1(Ljava/util/function/ToIntFunction;Ljava/lang/Object;Ljava/lang/Object;)I> (0x00000000de50a578) thrown at [C:\src\AOSP-openjdk-git\hotspot\src\share\vm\interpreter\l
Event: 172.860 Thread 0x000000002dceb000 Exception <a 'java/lang/NoSuchMethodError': java.lang.Object.lambda$comparingInt$7b0bb60$1(Ljava/util/function/ToIntFunction;Ljava/lang/Object;Ljava/lang/Object;)I> (0x00000000de3d8978) thrown at [C:\src\AOSP-openjdk-git\hotspot\src\share\vm\interpreter\l
Event: 172.861 Thread 0x000000002dcea800 Exception <a 'java/lang/NoSuchMethodError': java.lang.Object.lambda$maxBy$1(Ljava/util/Comparator;Ljava/lang/Object;Ljava/lang/Object;)Ljava/lang/Object;> (0x00000000de50eec8) thrown at [C:\src\AOSP-openjdk-git\hotspot\src\share\vm\interpreter\linkResolve
Event: 172.861 Thread 0x000000002dcec800 Exception <a 'java/lang/NoSuchMethodError': java.lang.Object.lambda$maxBy$1(Ljava/util/Comparator;Ljava/lang/Object;Ljava/lang/Object;)Ljava/lang/Object;> (0x00000000ddd33c60) thrown at [C:\src\AOSP-openjdk-git\hotspot\src\share\vm\interpreter\linkResolve
Event: 172.861 Thread 0x0000000021354000 Exception <a 'java/lang/NoSuchMethodError': java.lang.Object.lambda$maxBy$1(Ljava/util/Comparator;Ljava/lang/Object;Ljava/lang/Object;)Ljava/lang/Object;> (0x00000000dd8e9380) thrown at [C:\src\AOSP-openjdk-git\hotspot\src\share\vm\interpreter\linkResolve
Event: 176.142 Thread 0x000000002dcea800 Exception <a 'sun/nio/fs/WindowsException'> (0x00000000e4cdce08) thrown at [C:\src\AOSP-openjdk-git\hotspot\src\share\vm\prims\jni.cpp, line 710]

Events (10 events):
Event: 176.245 Thread 0x0000000021354000 DEOPT UNPACKING pc=0x00000000028675d0 sp=0x00000000301874f8 mode 0
Event: 176.276 Thread 0x000000002dcea800 Uncommon trap: trap_request=0xffffff65 fr.pc=0x0000000004ef3aac
Event: 176.276 Thread 0x000000002dcea800 DEOPT PACKING pc=0x0000000004ef3aac sp=0x000000002225bad0
Event: 176.276 Thread 0x000000002dcea800 DEOPT UNPACKING pc=0x000000000286557b sp=0x000000002225ba60 mode 2
Event: 176.284 Executing VM operation: ParallelGCFailedAllocation
Event: 176.329 Executing VM operation: ParallelGCFailedAllocation done
Event: 176.329 Executing VM operation: RevokeBias
Event: 176.330 Executing VM operation: RevokeBias done
Event: 176.343 Thread 0x000000002dcec800 DEOPT PACKING pc=0x0000000005b4e096 sp=0x0000000023729870
Event: 176.343 Thread 0x000000002dcec800 DEOPT UNPACKING pc=0x00000000028675d0 sp=0x0000000023729670 mode 0


Dynamic libraries:
0x00007ff6a4050000 - 0x00007ff6a4081000 	C:\Program Files\Android\Android Studio\jre\bin\java.exe
0x00007fff87bb0000 - 0x00007fff87da6000 	C:\Windows\SYSTEM32\ntdll.dll
0x00007fff874f0000 - 0x00007fff875ad000 	C:\Windows\System32\KERNEL32.DLL
0x00007fff856c0000 - 0x00007fff85988000 	C:\Windows\System32\KERNELBASE.dll
0x00007fff86a30000 - 0x00007fff86adc000 	C:\Windows\System32\ADVAPI32.dll
0x00007fff86420000 - 0x00007fff864be000 	C:\Windows\System32\msvcrt.dll
0x00007fff86c20000 - 0x00007fff86cbb000 	C:\Windows\System32\sechost.dll
0x00007fff87a40000 - 0x00007fff87b63000 	C:\Windows\System32\RPCRT4.dll
0x00007fff871f0000 - 0x00007fff87390000 	C:\Windows\System32\USER32.dll
0x00007fff85550000 - 0x00007fff85572000 	C:\Windows\System32\win32u.dll
0x00007fff871c0000 - 0x00007fff871ea000 	C:\Windows\System32\GDI32.dll
0x00007fff855b0000 - 0x00007fff856b9000 	C:\Windows\System32\gdi32full.dll
0x00007fff85a60000 - 0x00007fff85afd000 	C:\Windows\System32\msvcp_win.dll
0x00007fff852f0000 - 0x00007fff853f0000 	C:\Windows\System32\ucrtbase.dll
0x00007fff73860000 - 0x00007fff73afb000 	C:\Windows\WinSxS\amd64_microsoft.windows.common-controls_6595b64144ccf1df_6.0.19041.488_none_ca04af081b815d21\COMCTL32.dll
0x00007fff87390000 - 0x00007fff873c0000 	C:\Windows\System32\IMM32.DLL
0x00000000699c0000 - 0x0000000069a92000 	C:\Program Files\Android\Android Studio\jre\jre\bin\msvcr100.dll
0x0000000069b80000 - 0x000000006a3cb000 	C:\Program Files\Android\Android Studio\jre\jre\bin\server\jvm.dll
0x00007fff867e0000 - 0x00007fff867e8000 	C:\Windows\System32\PSAPI.DLL
0x00007fff731d0000 - 0x00007fff731d9000 	C:\Windows\SYSTEM32\WSOCK32.dll
0x00007fff774b0000 - 0x00007fff774d7000 	C:\Windows\SYSTEM32\WINMM.dll
0x00007fff77c90000 - 0x00007fff77c9a000 	C:\Windows\SYSTEM32\VERSION.dll
0x00007fff867f0000 - 0x00007fff8685b000 	C:\Windows\System32\WS2_32.dll
0x00007fff80080000 - 0x00007fff8008f000 	C:\Program Files\Android\Android Studio\jre\jre\bin\verify.dll
0x00007fff658d0000 - 0x00007fff658f9000 	C:\Program Files\Android\Android Studio\jre\jre\bin\java.dll
0x00007fff6e890000 - 0x00007fff6e8a6000 	C:\Program Files\Android\Android Studio\jre\jre\bin\zip.dll
0x00007fff85c70000 - 0x00007fff863b1000 	C:\Windows\System32\SHELL32.dll
0x00007fff83030000 - 0x00007fff837c5000 	C:\Windows\SYSTEM32\windows.storage.dll
0x00007fff875b0000 - 0x00007fff87905000 	C:\Windows\System32\combase.dll
0x00007fff84c90000 - 0x00007fff84cbc000 	C:\Windows\SYSTEM32\Wldp.dll
0x00007fff873c0000 - 0x00007fff8746e000 	C:\Windows\System32\SHCORE.dll
0x00007fff86780000 - 0x00007fff867d5000 	C:\Windows\System32\shlwapi.dll
0x00007fff85220000 - 0x00007fff85246000 	C:\Windows\SYSTEM32\profapi.dll
0x00007fff66880000 - 0x00007fff6689a000 	C:\Program Files\Android\Android Studio\jre\jre\bin\net.dll
0x00007fff84a80000 - 0x00007fff84aea000 	C:\Windows\system32\mswsock.dll
0x00007fff667c0000 - 0x00007fff667d3000 	C:\Program Files\Android\Android Studio\jre\jre\bin\nio.dll
0x00007fff55b00000 - 0x00007fff55b27000 	C:\Users\DELL\.gradle\native\f6784746aeab05261644944871eae4fe03e0ef1612fff0a4a95f87b438bc6780\windows-amd64\native-platform.dll
0x00007fff75ee0000 - 0x00007fff75eed000 	C:\Program Files\Android\Android Studio\jre\jre\bin\management.dll
0x00007fff84cd0000 - 0x00007fff84ce8000 	C:\Windows\SYSTEM32\CRYPTSP.dll
0x00007fff843c0000 - 0x00007fff843f4000 	C:\Windows\system32\rsaenh.dll
0x00007fff85580000 - 0x00007fff855a7000 	C:\Windows\System32\bcrypt.dll
0x00007fff851a0000 - 0x00007fff851ce000 	C:\Windows\SYSTEM32\USERENV.dll
0x00007fff85990000 - 0x00007fff85a0f000 	C:\Windows\System32\bcryptprimitives.dll
0x00007fff84c00000 - 0x00007fff84c0c000 	C:\Windows\SYSTEM32\CRYPTBASE.dll
0x00007fff84740000 - 0x00007fff8477b000 	C:\Windows\SYSTEM32\IPHLPAPI.DLL
0x00007fff86c10000 - 0x00007fff86c18000 	C:\Windows\System32\NSI.dll
0x00007fff7e370000 - 0x00007fff7e387000 	C:\Windows\SYSTEM32\dhcpcsvc6.DLL
0x00007fff7e460000 - 0x00007fff7e47d000 	C:\Windows\SYSTEM32\dhcpcsvc.DLL
0x00007fff84790000 - 0x00007fff8485b000 	C:\Windows\SYSTEM32\DNSAPI.dll
0x00007fff7e890000 - 0x00007fff7e89b000 	C:\Windows\SYSTEM32\WINNSI.DLL
0x00007fff657c0000 - 0x00007fff657e4000 	C:\Program Files\Android\Android Studio\jre\jre\bin\sunec.dll
0x00007fff74e70000 - 0x00007fff74e7a000 	C:\Windows\System32\rasadhlp.dll
0x00007fff76ba0000 - 0x00007fff76c1f000 	C:\Windows\System32\fwpuclnt.dll
0x00007fff73bc0000 - 0x00007fff73bcb000 	C:\Program Files\Android\Android Studio\jre\jre\bin\sunmscapi.dll
0x00007fff853f0000 - 0x00007fff8554d000 	C:\Windows\System32\CRYPT32.dll
0x00007fff83ff0000 - 0x00007fff84023000 	C:\Windows\SYSTEM32\ntmarta.dll

VM Arguments:
jvm_args: -Xmx2048m -Dfile.encoding=windows-1252 -Duser.country=US -Duser.language=en -Duser.variant 
java_command: org.gradle.launcher.daemon.bootstrap.GradleDaemon 6.5
java_class_path (initial): C:\Users\DELL\.gradle\wrapper\dists\gradle-6.5-bin\6nifqtx7604sqp1q6g8wikw7p\gradle-6.5\lib\gradle-launcher-6.5.jar
Launcher Type: SUN_STANDARD

Environment Variables:
PATH=C:\Windows\system32;C:\Windows;C:\Windows\System32\Wbem;C:\Windows\System32\WindowsPowerShell\v1.0\;C:\Windows\System32\OpenSSH\;C:\Program Files\Git\cmd;C:\Users\DELL\AppData\Local\Microsoft\WindowsApps;C:\Users\DELL\AppData\Local\GitHubDesktop\bin;C:\Users\DELL\AppData\Local\Programs\Microsoft VS Code\bin
USERNAME=DELL
OS=Windows_NT
PROCESSOR_IDENTIFIER=Intel64 Family 6 Model 142 Stepping 10, GenuineIntel



---------------  S Y S T E M  ---------------

OS: Windows 10.0 , 64 bit Build 19041 (10.0.19041.546)

CPU:total 8 (initial active 8) (4 cores per cpu, 2 threads per core) family 6 model 142 stepping 10, cmov, cx8, fxsr, mmx, sse, sse2, sse3, ssse3, sse4.1, sse4.2, popcnt, avx, avx2, aes, clmul, erms, 3dnowpref, lzcnt, ht, tsc, tscinvbit, bmi1, bmi2, adx

Memory: 4k page, physical 12444736k(2904992k free), swap 14917696k(5128k free)

vm_info: OpenJDK 64-Bit Server VM (25.242-b01) for windows-amd64 JRE (1.8.0_242-release-1644-b01), built by "builder" with MS VC++ 10.0 (VS2010)

time: Tue Nov 10 21:10:47 2020
timezone: SE Asia Standard Time
elapsed time: 176 seconds (0d 0h 2m 56s)

