#
# There is insufficient memory for the Java Runtime Environment to continue.
# Native memory allocation (malloc) failed to allocate 1173616 bytes for Chunk::new
# Possible reasons:
#   The system is out of physical RAM or swap space
#   The process is running with CompressedOops enabled, and the Java Heap may be blocking the growth of the native heap
# Possible solutions:
#   Reduce memory load on the system
#   Increase physical memory or swap space
#   Check if swap backing store is full
#   Decrease Java heap size (-Xmx/-Xms)
#   Decrease number of Java threads
#   Decrease Java thread stack sizes (-Xss)
#   Set larger code cache with -XX:ReservedCodeCacheSize=
#   JVM is running with Unscaled Compressed Oops mode in which the Java heap is
#     placed in the first 4GB address space. The Java Heap base address is the
#     maximum limit for the native heap growth. Please use -XX:HeapBaseMinAddress
#     to set the Java Heap base and to place the Java Heap above 4GB virtual address.
# This output file may be truncated or incomplete.
#
#  Out of Memory Error (allocation.cpp:389), pid=8660, tid=0x000000000000338c
#
# JRE version: OpenJDK Runtime Environment (8.0_242-b01) (build 1.8.0_242-release-1644-b01)
# Java VM: OpenJDK 64-Bit Server VM (25.242-b01 mixed mode windows-amd64 compressed oops)
# Failed to write core dump. Minidumps are not enabled by default on client versions of Windows
#

---------------  T H R E A D  ---------------

Current thread (0x0000000019d06000):  JavaThread "C2 CompilerThread1" daemon [_thread_in_native, id=13196, stack(0x000000001a6d0000,0x000000001a7d0000)]

Stack: [0x000000001a6d0000,0x000000001a7d0000]
[error occurred during error reporting (printing stack bounds), id 0xc0000005]

Native frames: (J=compiled Java code, j=interpreted, Vv=VM code, C=native code)


Current CompileTask:
C2:4883642 27192 % !   4       com.android.ide.common.resources.DataMerger::mergeData @ 247 (611 bytes)


---------------  P R O C E S S  ---------------

Java Threads: ( => current thread )
  0x000000001bf90800 JavaThread "stdout" [_thread_in_native, id=10488, stack(0x0000000037690000,0x0000000037790000)]
  0x000000001bf8c800 JavaThread "stderr" [_thread_in_native, id=6044, stack(0x0000000037590000,0x0000000037690000)]
  0x000000001c09e800 JavaThread "stdout" [_thread_in_native, id=3868, stack(0x0000000037290000,0x0000000037390000)]
  0x000000001c0a3000 JavaThread "stderr" [_thread_in_native, id=8860, stack(0x0000000037190000,0x0000000037290000)]
  0x000000001c0a2000 JavaThread "stdout" [_thread_in_native, id=2532, stack(0x0000000037090000,0x0000000037190000)]
  0x000000001c09d800 JavaThread "stderr" [_thread_in_native, id=1592, stack(0x0000000036f90000,0x0000000037090000)]
  0x000000001c0a0800 JavaThread "stdout" [_thread_in_native, id=11152, stack(0x0000000036e90000,0x0000000036f90000)]
  0x000000001c0a1800 JavaThread "stderr" [_thread_in_native, id=11280, stack(0x0000000036d90000,0x0000000036e90000)]
  0x000000001c0a0000 JavaThread "stdout" [_thread_in_native, id=7892, stack(0x0000000034a10000,0x0000000034b10000)]
  0x000000001c095800 JavaThread "stderr" [_thread_in_native, id=8616, stack(0x0000000034910000,0x0000000034a10000)]
  0x000000001c09c000 JavaThread "stdout" [_thread_in_native, id=5288, stack(0x0000000034810000,0x0000000034910000)]
  0x000000001c094000 JavaThread "stderr" [_thread_in_native, id=10020, stack(0x0000000034710000,0x0000000034810000)]
  0x000000001c099000 JavaThread "WorkerExecutor Queue Thread 8" [_thread_blocked, id=6760, stack(0x0000000034410000,0x0000000034510000)]
  0x000000001c097800 JavaThread "WorkerExecutor Queue Thread 7" [_thread_blocked, id=1664, stack(0x0000000032c60000,0x0000000032d60000)]
  0x000000001c098800 JavaThread "WorkerExecutor Queue Thread 6" [_thread_blocked, id=9036, stack(0x0000000032b60000,0x0000000032c60000)]
  0x000000001ad9d800 JavaThread "WorkerExecutor Queue Thread 5" [_thread_blocked, id=2652, stack(0x0000000032a60000,0x0000000032b60000)]
  0x000000001ad9b000 JavaThread "pool-41-thread-1" [_thread_blocked, id=976, stack(0x0000000032960000,0x0000000032a60000)]
  0x000000001ad9c800 JavaThread "WorkerExecutor Queue Thread 4" [_thread_blocked, id=6624, stack(0x0000000032860000,0x0000000032960000)]
  0x000000001ad9a800 JavaThread "WorkerExecutor Queue Thread 3" [_thread_blocked, id=8332, stack(0x0000000032760000,0x0000000032860000)]
  0x000000001ad92800 JavaThread "WorkerExecutor Queue Thread 2" [_thread_blocked, id=7752, stack(0x0000000032660000,0x0000000032760000)]
  0x000000001ad99800 JavaThread "WorkerExecutor Queue" [_thread_blocked, id=6748, stack(0x00000000308c0000,0x00000000309c0000)]
  0x000000001ad90800 JavaThread "Cache worker for execution history cache (C:\Users\DELL\AndroidStudioProjects\DU_AN_1\.gradle\6.5\executionHistory)" [_thread_blocked, id=6588, stack(0x0000000030300000,0x0000000030400000)]
  0x000000001ad97000 JavaThread "Execution worker for ':' Thread 7" [_thread_blocked, id=12984, stack(0x0000000030000000,0x0000000030100000)]
  0x000000001ad96800 JavaThread "Execution worker for ':' Thread 6" [_thread_blocked, id=8504, stack(0x000000002fb00000,0x000000002fc00000)]
  0x000000001ad8f000 JavaThread "Execution worker for ':' Thread 5" [_thread_blocked, id=7556, stack(0x000000002f400000,0x000000002f500000)]
  0x000000001ad8f800 JavaThread "Execution worker for ':' Thread 4" [_thread_blocked, id=12188, stack(0x000000002e900000,0x000000002ea00000)]
  0x000000001ad92000 JavaThread "Execution worker for ':' Thread 3" [_thread_blocked, id=6880, stack(0x000000002e300000,0x000000002e400000)]
  0x000000001ad93800 JavaThread "Execution worker for ':' Thread 2" [_thread_blocked, id=11912, stack(0x000000002cba0000,0x000000002cca0000)]
  0x000000001ad8e000 JavaThread "Execution worker for ':'" [_thread_blocked, id=2152, stack(0x000000002b820000,0x000000002b920000)]
  0x000000001ad94000 JavaThread "Cache worker for file content cache (C:\Users\DELL\AndroidStudioProjects\DU_AN_1\.gradle\6.5\fileContent)" [_thread_blocked, id=5544, stack(0x000000002b720000,0x000000002b820000)]
  0x00000000204a4800 JavaThread "pool-40-thread-1" [_thread_blocked, id=8736, stack(0x000000002b340000,0x000000002b440000)]
  0x00000000204a4000 JavaThread "Cache worker for Build Output Cleanup Cache (C:\Users\DELL\AndroidStudioProjects\DU_AN_1\.gradle\buildOutputCleanup)" [_thread_blocked, id=11768, stack(0x000000002a080000,0x000000002a180000)]
  0x00000000204a3000 JavaThread "jar transforms Thread 1598" [_thread_blocked, id=4024, stack(0x0000000029f80000,0x000000002a080000)]
  0x00000000204a2800 JavaThread "jar transforms Thread 1597" [_thread_blocked, id=1268, stack(0x0000000029e80000,0x0000000029f80000)]
  0x00000000204a9000 JavaThread "jar transforms Thread 1596" [_thread_blocked, id=3700, stack(0x0000000029d80000,0x0000000029e80000)]
  0x00000000204a7000 JavaThread "jar transforms Thread 1595" [_thread_blocked, id=8752, stack(0x0000000029c80000,0x0000000029d80000)]
  0x00000000204a7800 JavaThread "jar transforms Thread 1594" [_thread_blocked, id=1280, stack(0x0000000029b80000,0x0000000029c80000)]
  0x00000000204a8800 JavaThread "jar transforms Thread 1593" [_thread_blocked, id=8376, stack(0x0000000029a80000,0x0000000029b80000)]
  0x00000000204a6000 JavaThread "jar transforms Thread 1592" [_thread_blocked, id=12248, stack(0x0000000029980000,0x0000000029a80000)]
  0x000000002049b000 JavaThread "jar transforms Thread 1591" [_thread_blocked, id=3688, stack(0x0000000029880000,0x0000000029980000)]
  0x00000000204a1800 JavaThread "jar transforms Thread 1590" [_thread_blocked, id=5944, stack(0x0000000029780000,0x0000000029880000)]
  0x00000000204a1000 JavaThread "jar transforms Thread 1589" [_thread_blocked, id=13004, stack(0x0000000029680000,0x0000000029780000)]
  0x000000002049f800 JavaThread "jar transforms Thread 1588" [_thread_blocked, id=6528, stack(0x0000000029580000,0x0000000029680000)]
  0x000000002049e800 JavaThread "jar transforms Thread 1587" [_thread_blocked, id=8668, stack(0x0000000029480000,0x0000000029580000)]
  0x00000000204a0000 JavaThread "jar transforms Thread 1586" [_thread_blocked, id=3108, stack(0x0000000029380000,0x0000000029480000)]
  0x000000002049a000 JavaThread "jar transforms Thread 1585" [_thread_blocked, id=9244, stack(0x0000000029280000,0x0000000029380000)]
  0x000000002049d000 JavaThread "jar transforms Thread 1584" [_thread_blocked, id=10468, stack(0x0000000029180000,0x0000000029280000)]
  0x000000002049b800 JavaThread "jar transforms Thread 1583" [_thread_blocked, id=848, stack(0x0000000029080000,0x0000000029180000)]
  0x000000002049c800 JavaThread "jar transforms Thread 1582" [_thread_blocked, id=1376, stack(0x0000000028f80000,0x0000000029080000)]
  0x000000001f38a000 JavaThread "jar transforms Thread 1581" [_thread_blocked, id=11616, stack(0x0000000028e80000,0x0000000028f80000)]
  0x000000001f389800 JavaThread "jar transforms Thread 1580" [_thread_blocked, id=7560, stack(0x0000000028d80000,0x0000000028e80000)]
  0x000000001f388800 JavaThread "jar transforms Thread 1579" [_thread_blocked, id=10856, stack(0x0000000028c80000,0x0000000028d80000)]
  0x000000001f387800 JavaThread "jar transforms Thread 1578" [_thread_blocked, id=10088, stack(0x0000000028b80000,0x0000000028c80000)]
  0x000000001f38b800 JavaThread "jar transforms Thread 1577" [_thread_blocked, id=5280, stack(0x0000000028a80000,0x0000000028b80000)]
  0x000000001f38b000 JavaThread "jar transforms Thread 1576" [_thread_blocked, id=6204, stack(0x0000000028980000,0x0000000028a80000)]
  0x000000001f380000 JavaThread "jar transforms Thread 1575" [_thread_blocked, id=12084, stack(0x0000000028880000,0x0000000028980000)]
  0x000000001f387000 JavaThread "jar transforms Thread 1574" [_thread_blocked, id=1196, stack(0x0000000028780000,0x0000000028880000)]
  0x000000001f37e800 JavaThread "jar transforms Thread 1573" [_thread_blocked, id=1124, stack(0x0000000028680000,0x0000000028780000)]
  0x000000001f385800 JavaThread "jar transforms Thread 1572" [_thread_blocked, id=10228, stack(0x0000000028580000,0x0000000028680000)]
  0x000000001f37e000 JavaThread "jar transforms Thread 1571" [_thread_blocked, id=4088, stack(0x0000000028480000,0x0000000028580000)]
  0x000000001f384800 JavaThread "jar transforms Thread 1570" [_thread_blocked, id=4492, stack(0x0000000028380000,0x0000000028480000)]
  0x000000001f382800 JavaThread "jar transforms Thread 1569" [_thread_blocked, id=11436, stack(0x0000000028280000,0x0000000028380000)]
  0x000000001f381800 JavaThread "jar transforms Thread 1568" [_thread_blocked, id=12340, stack(0x0000000028180000,0x0000000028280000)]
  0x000000001f37f800 JavaThread "jar transforms Thread 1567" [_thread_blocked, id=2316, stack(0x0000000028080000,0x0000000028180000)]
  0x000000001f37d000 JavaThread "jar transforms Thread 1566" [_thread_blocked, id=6416, stack(0x0000000027f80000,0x0000000028080000)]
  0x000000001f384000 JavaThread "jar transforms Thread 1565" [_thread_blocked, id=5004, stack(0x0000000027e80000,0x0000000027f80000)]
  0x000000001f37c800 JavaThread "jar transforms Thread 1564" [_thread_blocked, id=6464, stack(0x0000000027d80000,0x0000000027e80000)]
  0x000000001f381000 JavaThread "jar transforms Thread 1563" [_thread_blocked, id=9500, stack(0x0000000027c80000,0x0000000027d80000)]
  0x000000002d1f2000 JavaThread "jar transforms Thread 1562" [_thread_blocked, id=2848, stack(0x0000000027b80000,0x0000000027c80000)]
  0x000000002d1f1000 JavaThread "jar transforms Thread 1561" [_thread_blocked, id=2872, stack(0x0000000027a80000,0x0000000027b80000)]
  0x000000002d1f0800 JavaThread "jar transforms Thread 1560" [_thread_blocked, id=3696, stack(0x0000000027980000,0x0000000027a80000)]
  0x000000002d1ef000 JavaThread "jar transforms Thread 1559" [_thread_blocked, id=11064, stack(0x0000000027880000,0x0000000027980000)]
  0x000000002d1e7800 JavaThread "jar transforms Thread 1558" [_thread_blocked, id=12108, stack(0x0000000027780000,0x0000000027880000)]
  0x000000002d1ee000 JavaThread "jar transforms Thread 1557" [_thread_blocked, id=10368, stack(0x0000000027680000,0x0000000027780000)]
  0x000000002d1e6800 JavaThread "jar transforms Thread 1556" [_thread_blocked, id=2588, stack(0x0000000027580000,0x0000000027680000)]
  0x000000002d1ed800 JavaThread "jar transforms Thread 1555" [_thread_blocked, id=12940, stack(0x0000000027480000,0x0000000027580000)]
  0x000000002d1eb000 JavaThread "jar transforms Thread 1554" [_thread_blocked, id=3088, stack(0x0000000027380000,0x0000000027480000)]
  0x000000002d1ec000 JavaThread "jar transforms Thread 1553" [_thread_blocked, id=7604, stack(0x0000000027280000,0x0000000027380000)]
  0x000000002d1ec800 JavaThread "jar transforms Thread 1552" [_thread_blocked, id=6256, stack(0x0000000027180000,0x0000000027280000)]
  0x000000002d1e3800 JavaThread "jar transforms Thread 1551" [_thread_blocked, id=8764, stack(0x0000000027080000,0x0000000027180000)]
  0x000000002d1e4800 JavaThread "jar transforms Thread 1550" [_thread_blocked, id=10712, stack(0x0000000026f80000,0x0000000027080000)]
  0x000000002d1e9800 JavaThread "jar transforms Thread 1549" [_thread_blocked, id=1768, stack(0x0000000026e80000,0x0000000026f80000)]
  0x000000002d1ea800 JavaThread "jar transforms Thread 1548" [_thread_blocked, id=9508, stack(0x0000000026d80000,0x0000000026e80000)]
  0x000000002d1e5000 JavaThread "jar transforms Thread 1547" [_thread_blocked, id=5956, stack(0x0000000026c80000,0x0000000026d80000)]
  0x000000002d1e8000 JavaThread "jar transforms Thread 1546" [_thread_blocked, id=8300, stack(0x0000000026b80000,0x0000000026c80000)]
  0x000000002d1e2800 JavaThread "jar transforms Thread 1545" [_thread_blocked, id=13040, stack(0x0000000026a80000,0x0000000026b80000)]
  0x000000002d1e9000 JavaThread "jar transforms Thread 1544" [_thread_blocked, id=11428, stack(0x0000000026980000,0x0000000026a80000)]
  0x000000002d1e6000 JavaThread "jar transforms Thread 1543" [_thread_blocked, id=13132, stack(0x0000000026880000,0x0000000026980000)]
  0x000000002d253000 JavaThread "jar transforms Thread 1542" [_thread_blocked, id=6384, stack(0x0000000026780000,0x0000000026880000)]
  0x000000002d253800 JavaThread "jar transforms Thread 1541" [_thread_blocked, id=5620, stack(0x0000000026680000,0x0000000026780000)]
  0x000000002d24b000 JavaThread "jar transforms Thread 1540" [_thread_blocked, id=12816, stack(0x0000000026580000,0x0000000026680000)]
  0x000000002d252000 JavaThread "jar transforms Thread 1539" [_thread_blocked, id=12860, stack(0x0000000026480000,0x0000000026580000)]
  0x000000002d251800 JavaThread "jar transforms Thread 1538" [_thread_blocked, id=5244, stack(0x0000000026380000,0x0000000026480000)]
  0x000000002d250800 JavaThread "jar transforms Thread 1537" [_thread_blocked, id=6332, stack(0x0000000026280000,0x0000000026380000)]
  0x000000002d24f000 JavaThread "jar transforms Thread 1536" [_thread_blocked, id=11196, stack(0x0000000026180000,0x0000000026280000)]
  0x000000002d24f800 JavaThread "jar transforms Thread 1535" [_thread_blocked, id=2380, stack(0x0000000026080000,0x0000000026180000)]
  0x000000002d249000 JavaThread "jar transforms Thread 1534" [_thread_blocked, id=7832, stack(0x0000000025f80000,0x0000000026080000)]
  0x000000002d24c800 JavaThread "jar transforms Thread 1533" [_thread_blocked, id=8840, stack(0x0000000025e80000,0x0000000025f80000)]
  0x000000002d248000 JavaThread "jar transforms Thread 1532" [_thread_blocked, id=9732, stack(0x0000000025d80000,0x0000000025e80000)]
  0x000000002d24a800 JavaThread "jar transforms Thread 1531" [_thread_blocked, id=5732, stack(0x0000000025c80000,0x0000000025d80000)]
  0x000000002d249800 JavaThread "jar transforms Thread 1530" [_thread_blocked, id=7156, stack(0x0000000025b80000,0x0000000025c80000)]
  0x000000002d24e000 JavaThread "jar transforms Thread 1529" [_thread_blocked, id=8820, stack(0x0000000025a80000,0x0000000025b80000)]
  0x000000002d24d800 JavaThread "jar transforms Thread 1528" [_thread_blocked, id=1500, stack(0x0000000025980000,0x0000000025a80000)]
  0x000000002d24c000 JavaThread "jar transforms Thread 1527" [_thread_blocked, id=2480, stack(0x0000000025880000,0x0000000025980000)]
  0x000000002d242000 JavaThread "jar transforms Thread 1526" [_thread_blocked, id=3388, stack(0x0000000025580000,0x0000000025680000)]
  0x000000002d246800 JavaThread "jar transforms Thread 1525" [_thread_blocked, id=11688, stack(0x0000000025480000,0x0000000025580000)]
  0x000000002d245000 JavaThread "jar transforms Thread 1524" [_thread_blocked, id=6640, stack(0x0000000025380000,0x0000000025480000)]
  0x000000002d243000 JavaThread "jar transforms Thread 1523" [_thread_blocked, id=12196, stack(0x0000000025280000,0x0000000025380000)]
  0x000000002d246000 JavaThread "jar transforms Thread 1522" [_thread_blocked, id=1920, stack(0x0000000025180000,0x0000000025280000)]
  0x000000002d244800 JavaThread "jar transforms Thread 1521" [_thread_blocked, id=9792, stack(0x0000000025080000,0x0000000025180000)]
  0x000000002d243800 JavaThread "jar transforms Thread 1520" [_thread_blocked, id=4456, stack(0x0000000024f80000,0x0000000025080000)]
  0x000000002d247800 JavaThread "jar transforms Thread 1519" [_thread_blocked, id=12484, stack(0x0000000024e80000,0x0000000024f80000)]
  0x000000002d23a800 JavaThread "jar transforms Thread 1518" [_thread_blocked, id=7136, stack(0x0000000024d80000,0x0000000024e80000)]
  0x000000002d241800 JavaThread "jar transforms Thread 1517" [_thread_blocked, id=4500, stack(0x0000000024c80000,0x0000000024d80000)]
  0x000000002d240800 JavaThread "jar transforms Thread 1516" [_thread_blocked, id=11568, stack(0x0000000024b80000,0x0000000024c80000)]
  0x000000002d23f000 JavaThread "jar transforms Thread 1515" [_thread_blocked, id=1572, stack(0x0000000024a80000,0x0000000024b80000)]
  0x000000002d23c000 JavaThread "jar transforms Thread 1514" [_thread_blocked, id=3064, stack(0x0000000024980000,0x0000000024a80000)]
  0x000000002d240000 JavaThread "jar transforms Thread 1513" [_thread_blocked, id=6916, stack(0x0000000024880000,0x0000000024980000)]
  0x000000002d237800 JavaThread "jar transforms Thread 1512" [_thread_blocked, id=3080, stack(0x0000000024780000,0x0000000024880000)]
  0x000000002d23b800 JavaThread "jar transforms Thread 1511" [_thread_blocked, id=5212, stack(0x0000000024680000,0x0000000024780000)]
  0x000000002d23a000 JavaThread "jar transforms Thread 1510" [_thread_blocked, id=9492, stack(0x0000000024580000,0x0000000024680000)]
  0x000000002d23e800 JavaThread "jar transforms Thread 1509" [_thread_blocked, id=8588, stack(0x0000000024480000,0x0000000024580000)]
  0x000000002d23d800 JavaThread "jar transforms Thread 1508" [_thread_blocked, id=10616, stack(0x0000000024380000,0x0000000024480000)]
  0x000000002d23d000 JavaThread "jar transforms Thread 1507" [_thread_blocked, id=9808, stack(0x0000000024280000,0x0000000024380000)]
  0x000000002d236000 JavaThread "jar transforms Thread 1506" [_thread_blocked, id=7300, stack(0x0000000024180000,0x0000000024280000)]
  0x000000002d235800 JavaThread "jar transforms Thread 1505" [_thread_blocked, id=3680, stack(0x0000000024080000,0x0000000024180000)]
  0x000000002d239000 JavaThread "Build operations Thread 8" [_thread_blocked, id=12544, stack(0x0000000023e80000,0x0000000023f80000)]
  0x000000002d234800 JavaThread "Build operations Thread 7" [_thread_in_Java, id=4164, stack(0x0000000023d80000,0x0000000023e80000)]
  0x000000001efd6800 JavaThread "Build operations Thread 6" [_thread_blocked, id=4704, stack(0x0000000023c80000,0x0000000023d80000)]
  0x000000001efd6000 JavaThread "Build operations Thread 5" [_thread_blocked, id=12800, stack(0x0000000023b80000,0x0000000023c80000)]
  0x000000001efd5000 JavaThread "Build operations Thread 4" [_thread_blocked, id=10560, stack(0x0000000023a80000,0x0000000023b80000)]
  0x000000001efd3800 JavaThread "Build operations Thread 3" [_thread_in_native, id=12092, stack(0x0000000023980000,0x0000000023a80000)]
  0x000000001efd7800 JavaThread "Build operations Thread 2" [_thread_blocked, id=8700, stack(0x0000000023880000,0x0000000023980000)]
  0x000000001efcd800 JavaThread "Build operations" [_thread_in_native, id=4772, stack(0x0000000023500000,0x0000000023600000)]
  0x000000001efd3000 JavaThread "Cache worker for cache directory md-rule (C:\Users\DELL\.gradle\caches\6.5\md-rule)" [_thread_blocked, id=7484, stack(0x0000000022f00000,0x0000000023000000)]
  0x000000001efd4800 JavaThread "Cache worker for cache directory md-supplier (C:\Users\DELL\.gradle\caches\6.5\md-supplier)" [_thread_blocked, id=5552, stack(0x0000000022700000,0x0000000022800000)]
  0x000000001efcb800 JavaThread "Cache worker for checksums cache (C:\Users\DELL\AndroidStudioProjects\DU_AN_1\.gradle\checksums)" [_thread_blocked, id=5652, stack(0x0000000022600000,0x0000000022700000)]
  0x000000001efca800 JavaThread "Cache worker for file hash cache (C:\Users\DELL\AndroidStudioProjects\DU_AN_1\.gradle\6.5\fileHashes)" [_thread_blocked, id=8228, stack(0x0000000021450000,0x0000000021550000)]
  0x000000001efd1800 JavaThread "Thread-2208" [_thread_blocked, id=12384, stack(0x0000000021090000,0x0000000021190000)]
  0x000000001efc9000 JavaThread "Stdin handler" [_thread_blocked, id=11760, stack(0x000000001e6f0000,0x000000001e7f0000)]
  0x000000001efd0000 JavaThread "Asynchronous log dispatcher for DefaultDaemonConnection: socket connection from /127.0.0.1:54789 to /127.0.0.1:56557" [_thread_in_native, id=1400, stack(0x000000001e3f0000,0x000000001e4f0000)]
  0x000000001efcd000 JavaThread "Daemon worker Thread 17" [_thread_blocked, id=12048, stack(0x000000001e0f0000,0x000000001e1f0000)]
  0x000000001efc8000 JavaThread "Cancel handler" [_thread_blocked, id=6340, stack(0x000000001dab0000,0x000000001dbb0000)]
  0x000000001efcf000 JavaThread "Handler for socket connection from /127.0.0.1:54789 to /127.0.0.1:56557" [_thread_in_native, id=3736, stack(0x000000001d9b0000,0x000000001dab0000)]
  0x000000001efc9800 JavaThread "Daemon Thread 17" [_thread_blocked, id=12404, stack(0x00000000011e0000,0x00000000012e0000)]
  0x000000001bf98000 JavaThread "Cache worker for Java compile cache (C:\Users\DELL\.gradle\caches\6.5\javaCompile)" [_thread_blocked, id=1756, stack(0x000000002e800000,0x000000002e900000)]
  0x000000001bf91000 JavaThread "Memory manager" [_thread_blocked, id=11468, stack(0x000000002b030000,0x000000002b130000)]
  0x000000001c075000 JavaThread "Cache worker for file content cache (C:\Users\DELL\.gradle\caches\6.5\fileContent)" [_thread_blocked, id=13216, stack(0x0000000023000000,0x0000000023100000)]
  0x000000001c79c800 JavaThread "Cache worker for execution history cache (C:\Users\DELL\.gradle\caches\6.5\executionHistory)" [_thread_blocked, id=9912, stack(0x0000000022800000,0x0000000022900000)]
  0x000000001c79f800 JavaThread "Cache worker for file hash cache (C:\Users\DELL\.gradle\caches\6.5\fileHashes)" [_thread_blocked, id=5456, stack(0x000000001ebf0000,0x000000001ecf0000)]
  0x000000001c79d800 JavaThread "File lock request listener" [_thread_in_native, id=6728, stack(0x000000001eaf0000,0x000000001ebf0000)]
  0x000000001c79f000 JavaThread "Cache worker for journal cache (C:\Users\DELL\.gradle\caches\journal-1)" [_thread_in_native, id=4452, stack(0x000000001e9f0000,0x000000001eaf0000)]
  0x000000001c884800 JavaThread "Daemon periodic checks" [_thread_blocked, id=8536, stack(0x000000001ddf0000,0x000000001def0000)]
  0x000000001c77e800 JavaThread "Incoming local TCP Connector on port 54789" [_thread_in_native, id=11612, stack(0x000000001dbb0000,0x000000001dcb0000)]
  0x000000001c80f800 JavaThread "Daemon health stats" [_thread_blocked, id=4788, stack(0x000000001d570000,0x000000001d670000)]
  0x0000000019d8c000 JavaThread "Service Thread" daemon [_thread_blocked, id=11172, stack(0x000000001a9d0000,0x000000001aad0000)]
  0x0000000019d13000 JavaThread "C1 CompilerThread3" daemon [_thread_blocked, id=3740, stack(0x000000001a8d0000,0x000000001a9d0000)]
  0x0000000019d0c000 JavaThread "C2 CompilerThread2" daemon [_thread_in_native, id=11176, stack(0x000000001a7d0000,0x000000001a8d0000)]
=>0x0000000019d06000 JavaThread "C2 CompilerThread1" daemon [_thread_in_native, id=13196, stack(0x000000001a6d0000,0x000000001a7d0000)]
  0x0000000019cff000 JavaThread "C2 CompilerThread0" daemon [_thread_in_native, id=1724, stack(0x000000001a5d0000,0x000000001a6d0000)]
  0x0000000019cfe000 JavaThread "Attach Listener" daemon [_thread_blocked, id=6040, stack(0x000000001a4d0000,0x000000001a5d0000)]
  0x0000000017ece000 JavaThread "Signal Dispatcher" daemon [_thread_blocked, id=2168, stack(0x000000001a3d0000,0x000000001a4d0000)]
  0x0000000002e49000 JavaThread "Finalizer" daemon [_thread_blocked, id=8240, stack(0x000000001a1d0000,0x000000001a2d0000)]
  0x0000000017ebc000 JavaThread "Reference Handler" daemon [_thread_blocked, id=8620, stack(0x000000001a0d0000,0x000000001a1d0000)]
  0x000000000143d800 JavaThread "main" [_thread_blocked, id=2024, stack(0x0000000002c50000,0x0000000002d50000)]

Other Threads:
  0x0000000017eb8000 VMThread [stack: 0x0000000019bd0000,0x0000000019cd0000] [id=8232]
  0x0000000019d8d000 WatcherThread [stack: 0x000000001aad0000,0x000000001abd0000] [id=2752]

VM state:not at safepoint (normal execution)

VM Mutex/Monitor currently owned by a thread: None

heap address: 0x0000000080000000, size: 2048 MB, Compressed Oops mode: 32-bit
Narrow klass base: 0x0000000000000000, Narrow klass shift: 3
Compressed class space size: 1073741824 Address: 0x0000000100000000

Heap:
 PSYoungGen      total 505344K, used 404154K [0x00000000d5580000, 0x0000000100000000, 0x0000000100000000)
  eden space 329216K, 85% used [0x00000000d5580000,0x00000000e67df2f8,0x00000000e9700000)
  from space 176128K, 69% used [0x00000000f4980000,0x00000000fc1cf6a0,0x00000000ff580000)
  to   space 182784K, 0% used [0x00000000e9700000,0x00000000e9700000,0x00000000f4980000)
 ParOldGen       total 335360K, used 244808K [0x0000000080000000, 0x0000000094780000, 0x00000000d5580000)
  object space 335360K, 72% used [0x0000000080000000,0x000000008ef121c8,0x0000000094780000)
 Metaspace       used 108814K, capacity 117705K, committed 117912K, reserved 1150976K
  class space    used 14154K, capacity 15702K, committed 15792K, reserved 1048576K

Card table byte_map: [0x0000000012210000,0x0000000012620000] byte_map_base: 0x0000000011e10000

Marking Bits: (ParMarkBitMap*) 0x000000006a34f030
 Begin Bits: [0x00000000130d0000, 0x00000000150d0000)
 End Bits:   [0x00000000150d0000, 0x00000000170d0000)

Polling page: 0x0000000001410000

CodeCache: size=245760Kb used=74404Kb max_used=74404Kb free=171355Kb
 bounds [0x0000000002e50000, 0x0000000007770000, 0x0000000011e50000]
 total_blobs=21502 nmethods=20613 adapters=797
 compilation: enabled

Compilation events (10 events):
Event: 4883.559 Thread 0x0000000019d13000 27359       3       org.gradle.api.internal.artifacts.ivyservice.DefaultLenientConfiguration$2::run (57 bytes)
Event: 4883.560 Thread 0x0000000019d13000 nmethod 27359 0x000000000774f110 code [0x000000000774f2c0, 0x000000000774f768]
Event: 4883.560 Thread 0x0000000019d13000 27360       3       org.gradle.api.internal.artifacts.ivyservice.DefaultLenientConfiguration::access$500 (10 bytes)
Event: 4883.560 Thread 0x0000000019d13000 nmethod 27360 0x000000000774b190 code [0x000000000774b300, 0x000000000774b468]
Event: 4883.560 Thread 0x0000000019d13000 27361       3       org.gradle.api.internal.artifacts.ivyservice.DefaultLenientConfiguration::visitArtifacts (215 bytes)
Event: 4883.565 Thread 0x0000000019d13000 nmethod 27361 0x0000000007763e90 code [0x0000000007764280, 0x0000000007766458]
Event: 4883.565 Thread 0x0000000019d13000 27362       3       com.android.build.gradle.tasks.ProcessMultiApkApplicationManifest_Decorated::$gradleFactory (13 bytes)
Event: 4883.566 Thread 0x0000000019d13000 nmethod 27362 0x000000000774e890 code [0x000000000774ea20, 0x000000000774ef28]
Event: 4883.633 Thread 0x0000000019d13000 27363       1       org.gradle.workers.internal.DefaultWorkResult::getException (5 bytes)
Event: 4883.634 Thread 0x0000000019d13000 nmethod 27363 0x000000000774ae50 code [0x000000000774afa0, 0x000000000774b0b0]

GC Heap History (10 events):
Event: 3333.843 GC heap before
{Heap before GC invocations=46 (full 4):
 PSYoungGen      total 519680K, used 454913K [0x00000000d5580000, 0x0000000100000000, 0x0000000100000000)
  eden space 346624K, 100% used [0x00000000d5580000,0x00000000ea800000,0x00000000ea800000)
  from space 173056K, 62% used [0x00000000ea800000,0x00000000f11c0448,0x00000000f5100000)
  to   space 176128K, 0% used [0x00000000f5400000,0x00000000f5400000,0x0000000100000000)
 ParOldGen       total 335360K, used 242561K [0x0000000080000000, 0x0000000094780000, 0x00000000d5580000)
  object space 335360K, 72% used [0x0000000080000000,0x000000008ece04f8,0x0000000094780000)
 Metaspace       used 108201K, capacity 116915K, committed 117016K, reserved 1150976K
  class space    used 14116K, capacity 15629K, committed 15664K, reserved 1048576K
Event: 3333.935 GC heap after
Heap after GC invocations=46 (full 4):
 PSYoungGen      total 516608K, used 53999K [0x00000000d5580000, 0x00000000ff700000, 0x0000000100000000)
  eden space 349696K, 0% used [0x00000000d5580000,0x00000000d5580000,0x00000000eab00000)
  from space 166912K, 32% used [0x00000000f5400000,0x00000000f88bbef0,0x00000000ff700000)
  to   space 169984K, 0% used [0x00000000eab00000,0x00000000eab00000,0x00000000f5100000)
 ParOldGen       total 335360K, used 242633K [0x0000000080000000, 0x0000000094780000, 0x00000000d5580000)
  object space 335360K, 72% used [0x0000000080000000,0x000000008ecf2508,0x0000000094780000)
 Metaspace       used 108201K, capacity 116915K, committed 117016K, reserved 1150976K
  class space    used 14116K, capacity 15629K, committed 15664K, reserved 1048576K
}
Event: 3336.163 GC heap before
{Heap before GC invocations=47 (full 4):
 PSYoungGen      total 516608K, used 403695K [0x00000000d5580000, 0x00000000ff700000, 0x0000000100000000)
  eden space 349696K, 100% used [0x00000000d5580000,0x00000000eab00000,0x00000000eab00000)
  from space 166912K, 32% used [0x00000000f5400000,0x00000000f88bbef0,0x00000000ff700000)
  to   space 169984K, 0% used [0x00000000eab00000,0x00000000eab00000,0x00000000f5100000)
 ParOldGen       total 335360K, used 242633K [0x0000000080000000, 0x0000000094780000, 0x00000000d5580000)
  object space 335360K, 72% used [0x0000000080000000,0x000000008ecf2508,0x0000000094780000)
 Metaspace       used 108334K, capacity 116997K, committed 117272K, reserved 1150976K
  class space    used 14118K, capacity 15632K, committed 15664K, reserved 1048576K
Event: 3336.263 GC heap after
Heap after GC invocations=47 (full 4):
 PSYoungGen      total 486912K, used 137089K [0x00000000d5580000, 0x0000000100000000, 0x0000000100000000)
  eden space 349696K, 0% used [0x00000000d5580000,0x00000000d5580000,0x00000000eab00000)
  from space 137216K, 99% used [0x00000000eab00000,0x00000000f30e07e0,0x00000000f3100000)
  to   space 183808K, 0% used [0x00000000f4c80000,0x00000000f4c80000,0x0000000100000000)
 ParOldGen       total 335360K, used 242889K [0x0000000080000000, 0x0000000094780000, 0x00000000d5580000)
  object space 335360K, 72% used [0x0000000080000000,0x000000008ed32508,0x0000000094780000)
 Metaspace       used 108334K, capacity 116997K, committed 117272K, reserved 1150976K
  class space    used 14118K, capacity 15632K, committed 15664K, reserved 1048576K
}
Event: 3856.472 GC heap before
{Heap before GC invocations=48 (full 4):
 PSYoungGen      total 486912K, used 486785K [0x00000000d5580000, 0x0000000100000000, 0x0000000100000000)
  eden space 349696K, 100% used [0x00000000d5580000,0x00000000eab00000,0x00000000eab00000)
  from space 137216K, 99% used [0x00000000eab00000,0x00000000f30e07e0,0x00000000f3100000)
  to   space 183808K, 0% used [0x00000000f4c80000,0x00000000f4c80000,0x0000000100000000)
 ParOldGen       total 335360K, used 242889K [0x0000000080000000, 0x0000000094780000, 0x00000000d5580000)
  object space 335360K, 72% used [0x0000000080000000,0x000000008ed32508,0x0000000094780000)
 Metaspace       used 108438K, capacity 117213K, committed 117272K, reserved 1150976K
  class space    used 14120K, capacity 15636K, committed 15664K, reserved 1048576K
Event: 3856.581 GC heap after
Heap after GC invocations=48 (full 4):
 PSYoungGen      total 519680K, used 96070K [0x00000000d5580000, 0x0000000100000000, 0x0000000100000000)
  eden space 335872K, 0% used [0x00000000d5580000,0x00000000d5580000,0x00000000e9d80000)
  from space 183808K, 52% used [0x00000000f4c80000,0x00000000faa51898,0x0000000100000000)
  to   space 179200K, 0% used [0x00000000e9d80000,0x00000000e9d80000,0x00000000f4c80000)
 ParOldGen       total 335360K, used 243009K [0x0000000080000000, 0x0000000094780000, 0x00000000d5580000)
  object space 335360K, 72% used [0x0000000080000000,0x000000008ed50518,0x0000000094780000)
 Metaspace       used 108438K, capacity 117213K, committed 117272K, reserved 1150976K
  class space    used 14120K, capacity 15636K, committed 15664K, reserved 1048576K
}
Event: 3919.500 GC heap before
{Heap before GC invocations=49 (full 4):
 PSYoungGen      total 519680K, used 431942K [0x00000000d5580000, 0x0000000100000000, 0x0000000100000000)
  eden space 335872K, 100% used [0x00000000d5580000,0x00000000e9d80000,0x00000000e9d80000)
  from space 183808K, 52% used [0x00000000f4c80000,0x00000000faa51898,0x0000000100000000)
  to   space 179200K, 0% used [0x00000000e9d80000,0x00000000e9d80000,0x00000000f4c80000)
 ParOldGen       total 335360K, used 243009K [0x0000000080000000, 0x0000000094780000, 0x00000000d5580000)
  object space 335360K, 72% used [0x0000000080000000,0x000000008ed50518,0x0000000094780000)
 Metaspace       used 108516K, capacity 117321K, committed 117528K, reserved 1150976K
  class space    used 14130K, capacity 15654K, committed 15664K, reserved 1048576K
Event: 3919.542 GC heap after
Heap after GC invocations=49 (full 4):
 PSYoungGen      total 379392K, used 43295K [0x00000000d5580000, 0x00000000ff580000, 0x0000000100000000)
  eden space 335872K, 0% used [0x00000000d5580000,0x00000000d5580000,0x00000000e9d80000)
  from space 43520K, 99% used [0x00000000e9d80000,0x00000000ec7c7eb0,0x00000000ec800000)
  to   space 176128K, 0% used [0x00000000f4980000,0x00000000f4980000,0x00000000ff580000)
 ParOldGen       total 335360K, used 243097K [0x0000000080000000, 0x0000000094780000, 0x00000000d5580000)
  object space 335360K, 72% used [0x0000000080000000,0x000000008ed66518,0x0000000094780000)
 Metaspace       used 108516K, capacity 117321K, committed 117528K, reserved 1150976K
  class space    used 14130K, capacity 15654K, committed 15664K, reserved 1048576K
}
Event: 3921.270 GC heap before
{Heap before GC invocations=50 (full 4):
 PSYoungGen      total 379392K, used 379167K [0x00000000d5580000, 0x00000000ff580000, 0x0000000100000000)
  eden space 335872K, 100% used [0x00000000d5580000,0x00000000e9d80000,0x00000000e9d80000)
  from space 43520K, 99% used [0x00000000e9d80000,0x00000000ec7c7eb0,0x00000000ec800000)
  to   space 176128K, 0% used [0x00000000f4980000,0x00000000f4980000,0x00000000ff580000)
 ParOldGen       total 335360K, used 243097K [0x0000000080000000, 0x0000000094780000, 0x00000000d5580000)
  object space 335360K, 72% used [0x0000000080000000,0x000000008ed66518,0x0000000094780000)
 Metaspace       used 108557K, capacity 117397K, committed 117528K, reserved 1150976K
  class space    used 14132K, capacity 15656K, committed 15664K, reserved 1048576K
Event: 3921.389 GC heap after
Heap after GC invocations=50 (full 4):
 PSYoungGen      total 505344K, used 123197K [0x00000000d5580000, 0x0000000100000000, 0x0000000100000000)
  eden space 329216K, 0% used [0x00000000d5580000,0x00000000d5580000,0x00000000e9700000)
  from space 176128K, 69% used [0x00000000f4980000,0x00000000fc1cf6a0,0x00000000ff580000)
  to   space 182784K, 0% used [0x00000000e9700000,0x00000000e9700000,0x00000000f4980000)
 ParOldGen       total 335360K, used 244808K [0x0000000080000000, 0x0000000094780000, 0x00000000d5580000)
  object space 335360K, 72% used [0x0000000080000000,0x000000008ef121c8,0x0000000094780000)
 Metaspace       used 108557K, capacity 117397K, committed 117528K, reserved 1150976K
  class space    used 14132K, capacity 15656K, committed 15664K, reserved 1048576K
}

Deoptimization events (10 events):
Event: 4883.122 Thread 0x000000001ad8e000 Uncommon trap: reason=bimorphic action=maybe_recompile pc=0x00000000070388a0 method=com.android.utils.XmlUtils.append(Lcom/android/utils/XmlUtils$PositionAwareStringBuilder;Lorg/w3c/dom/Node;Ljava/util/Map;Ljava/util/Set;)V @ 319
Event: 4883.122 Thread 0x000000001ad8e000 Uncommon trap: reason=class_check action=maybe_recompile pc=0x00000000070381f8 method=com.android.utils.XmlUtils.append(Lcom/android/utils/XmlUtils$PositionAwareStringBuilder;Lorg/w3c/dom/Node;Ljava/util/Map;Ljava/util/Set;)V @ 260
Event: 4883.122 Thread 0x000000001ad8e000 Uncommon trap: reason=bimorphic action=maybe_recompile pc=0x00000000070388a0 method=com.android.utils.XmlUtils.append(Lcom/android/utils/XmlUtils$PositionAwareStringBuilder;Lorg/w3c/dom/Node;Ljava/util/Map;Ljava/util/Set;)V @ 319
Event: 4883.161 Thread 0x000000001ad8e000 Uncommon trap: reason=unstable_if action=reinterpret pc=0x00000000070384a8 method=com.android.utils.XmlUtils.append(Lcom/android/utils/XmlUtils$PositionAwareStringBuilder;Lorg/w3c/dom/Node;Ljava/util/Map;Ljava/util/Set;)V @ 540
Event: 4883.162 Thread 0x000000001ad8e000 Uncommon trap: reason=class_check action=maybe_recompile pc=0x0000000005e4db44 method=java.io.Writer.append(Ljava/lang/CharSequence;)Ljava/io/Writer; @ 20
Event: 4883.268 Thread 0x000000001ad8e000 Uncommon trap: reason=class_check action=maybe_recompile pc=0x0000000005c6ffd0 method=com.android.ide.common.resources.NodeUtils.duplicateNode(Lorg/w3c/dom/Document;Lorg/w3c/dom/Node;)Lorg/w3c/dom/Node; @ 1
Event: 4883.268 Thread 0x000000001ad8e000 Uncommon trap: reason=class_check action=maybe_recompile pc=0x0000000005c6ffd0 method=com.android.ide.common.resources.NodeUtils.duplicateNode(Lorg/w3c/dom/Document;Lorg/w3c/dom/Node;)Lorg/w3c/dom/Node; @ 1
Event: 4883.268 Thread 0x000000001ad8e000 Uncommon trap: reason=class_check action=maybe_recompile pc=0x0000000005c6ffd0 method=com.android.ide.common.resources.NodeUtils.duplicateNode(Lorg/w3c/dom/Document;Lorg/w3c/dom/Node;)Lorg/w3c/dom/Node; @ 1
Event: 4883.268 Thread 0x000000001ad8e000 Uncommon trap: reason=class_check action=maybe_recompile pc=0x0000000005c6ffd0 method=com.android.ide.common.resources.NodeUtils.duplicateNode(Lorg/w3c/dom/Document;Lorg/w3c/dom/Node;)Lorg/w3c/dom/Node; @ 1
Event: 4883.314 Thread 0x000000001ad8e000 Uncommon trap: reason=class_check action=maybe_recompile pc=0x0000000005e4db44 method=java.io.Writer.append(Ljava/lang/CharSequence;)Ljava/io/Writer; @ 20

Classes redefined (0 events):
No events

Internal exceptions (10 events):
Event: 3919.877 Thread 0x000000001ad8f800 Exception <a 'sun/nio/fs/WindowsException'> (0x00000000d9b31728) thrown at [C:\src\AOSP-openjdk-git\hotspot\src\share\vm\prims\jni.cpp, line 710]
Event: 3919.940 Thread 0x000000001ad9a800 Exception <a 'sun/nio/fs/WindowsException'> (0x00000000dab6af78) thrown at [C:\src\AOSP-openjdk-git\hotspot\src\share\vm\prims\jni.cpp, line 710]
Event: 3919.954 Thread 0x000000001ad9a800 Exception <a 'sun/nio/fs/WindowsException'> (0x00000000dac7d980) thrown at [C:\src\AOSP-openjdk-git\hotspot\src\share\vm\prims\jni.cpp, line 710]
Event: 3919.956 Thread 0x000000001ad9a800 Exception <a 'sun/nio/fs/WindowsException'> (0x00000000dacc5c78) thrown at [C:\src\AOSP-openjdk-git\hotspot\src\share\vm\prims\jni.cpp, line 710]
Event: 3920.034 Thread 0x000000001ad9b000 Exception <a 'sun/nio/fs/WindowsException'> (0x00000000dc448288) thrown at [C:\src\AOSP-openjdk-git\hotspot\src\share\vm\prims\jni.cpp, line 710]
Event: 3921.751 Thread 0x000000001ad9d800 Exception <a 'sun/nio/fs/WindowsException'> (0x00000000daa95388) thrown at [C:\src\AOSP-openjdk-git\hotspot\src\share\vm\prims\jni.cpp, line 710]
Event: 4882.696 Thread 0x000000001efcd000 Exception <a 'sun/nio/fs/WindowsException'> (0x00000000de119bd8) thrown at [C:\src\AOSP-openjdk-git\hotspot\src\share\vm\prims\jni.cpp, line 710]
Event: 4882.724 Thread 0x000000001efcd000 Exception <a 'sun/nio/fs/WindowsException'> (0x00000000de5a70f0) thrown at [C:\src\AOSP-openjdk-git\hotspot\src\share\vm\prims\jni.cpp, line 710]
Event: 4883.565 Thread 0x000000001ad9c800 Exception <a 'java/io/IOException'> (0x00000000e4f41f30) thrown at [C:\src\AOSP-openjdk-git\hotspot\src\share\vm\prims\jni.cpp, line 710]
Event: 4883.632 Thread 0x000000001ad92800 Exception <a 'java/io/IOException'> (0x00000000e4ef75d0) thrown at [C:\src\AOSP-openjdk-git\hotspot\src\share\vm\prims\jni.cpp, line 710]

Events (10 events):
Event: 4883.628 Executing VM operation: RevokeBias
Event: 4883.630 Executing VM operation: RevokeBias done
Event: 4883.630 Executing VM operation: RevokeBias
Event: 4883.631 Executing VM operation: RevokeBias done
Event: 4883.631 Thread 0x000000001c09a800 Thread exited: 0x000000001c09a800
Event: 4883.631 Executing VM operation: RevokeBias
Event: 4883.632 Executing VM operation: RevokeBias done
Event: 4883.632 Executing VM operation: RevokeBias
Event: 4883.633 Executing VM operation: RevokeBias done
Event: 4883.633 Thread 0x000000001c09a000 Thread exited: 0x000000001c09a000


Dynamic libraries:
0x00007ff6a4050000 - 0x00007ff6a4081000 	C:\Program Files\Android\Android Studio\jre\bin\java.exe
0x00007fff87bb0000 - 0x00007fff87da6000 	C:\Windows\SYSTEM32\ntdll.dll
0x00007fff874f0000 - 0x00007fff875ad000 	C:\Windows\System32\KERNEL32.DLL
0x00007fff856c0000 - 0x00007fff85988000 	C:\Windows\System32\KERNELBASE.dll
0x00007fff86a30000 - 0x00007fff86adc000 	C:\Windows\System32\ADVAPI32.dll
0x00007fff86420000 - 0x00007fff864be000 	C:\Windows\System32\msvcrt.dll
0x00007fff86c20000 - 0x00007fff86cbb000 	C:\Windows\System32\sechost.dll
0x00007fff87a40000 - 0x00007fff87b63000 	C:\Windows\System32\RPCRT4.dll
0x00007fff871f0000 - 0x00007fff87390000 	C:\Windows\System32\USER32.dll
0x00007fff85550000 - 0x00007fff85572000 	C:\Windows\System32\win32u.dll
0x00007fff871c0000 - 0x00007fff871ea000 	C:\Windows\System32\GDI32.dll
0x00007fff855b0000 - 0x00007fff856b9000 	C:\Windows\System32\gdi32full.dll
0x00007fff85a60000 - 0x00007fff85afd000 	C:\Windows\System32\msvcp_win.dll
0x00007fff852f0000 - 0x00007fff853f0000 	C:\Windows\System32\ucrtbase.dll
0x00007fff73860000 - 0x00007fff73afb000 	C:\Windows\WinSxS\amd64_microsoft.windows.common-controls_6595b64144ccf1df_6.0.19041.488_none_ca04af081b815d21\COMCTL32.dll
0x00007fff87390000 - 0x00007fff873c0000 	C:\Windows\System32\IMM32.DLL
0x00000000699c0000 - 0x0000000069a92000 	C:\Program Files\Android\Android Studio\jre\jre\bin\msvcr100.dll
0x0000000069b80000 - 0x000000006a3cb000 	C:\Program Files\Android\Android Studio\jre\jre\bin\server\jvm.dll
0x00007fff867e0000 - 0x00007fff867e8000 	C:\Windows\System32\PSAPI.DLL
0x00007fff774b0000 - 0x00007fff774d7000 	C:\Windows\SYSTEM32\WINMM.dll
0x00007fff731d0000 - 0x00007fff731d9000 	C:\Windows\SYSTEM32\WSOCK32.dll
0x00007fff77c90000 - 0x00007fff77c9a000 	C:\Windows\SYSTEM32\VERSION.dll
0x00007fff867f0000 - 0x00007fff8685b000 	C:\Windows\System32\WS2_32.dll
0x00007fff80080000 - 0x00007fff8008f000 	C:\Program Files\Android\Android Studio\jre\jre\bin\verify.dll
0x00007fff658d0000 - 0x00007fff658f9000 	C:\Program Files\Android\Android Studio\jre\jre\bin\java.dll
0x00007fff6e890000 - 0x00007fff6e8a6000 	C:\Program Files\Android\Android Studio\jre\jre\bin\zip.dll
0x00007fff85c70000 - 0x00007fff863b1000 	C:\Windows\System32\SHELL32.dll
0x00007fff83030000 - 0x00007fff837c5000 	C:\Windows\SYSTEM32\windows.storage.dll
0x00007fff875b0000 - 0x00007fff87905000 	C:\Windows\System32\combase.dll
0x00007fff84c90000 - 0x00007fff84cbc000 	C:\Windows\SYSTEM32\Wldp.dll
0x00007fff873c0000 - 0x00007fff8746e000 	C:\Windows\System32\SHCORE.dll
0x00007fff86780000 - 0x00007fff867d5000 	C:\Windows\System32\shlwapi.dll
0x00007fff85220000 - 0x00007fff85246000 	C:\Windows\SYSTEM32\profapi.dll
0x00007fff66880000 - 0x00007fff6689a000 	C:\Program Files\Android\Android Studio\jre\jre\bin\net.dll
0x00007fff84a80000 - 0x00007fff84aea000 	C:\Windows\system32\mswsock.dll
0x00007fff667c0000 - 0x00007fff667d3000 	C:\Program Files\Android\Android Studio\jre\jre\bin\nio.dll
0x00007fff5d940000 - 0x00007fff5d967000 	C:\Users\DELL\.gradle\native\f6784746aeab05261644944871eae4fe03e0ef1612fff0a4a95f87b438bc6780\windows-amd64\native-platform.dll
0x00007fff75ee0000 - 0x00007fff75eed000 	C:\Program Files\Android\Android Studio\jre\jre\bin\management.dll
0x00007fff84cd0000 - 0x00007fff84ce8000 	C:\Windows\SYSTEM32\CRYPTSP.dll
0x00007fff843c0000 - 0x00007fff843f4000 	C:\Windows\system32\rsaenh.dll
0x00007fff85580000 - 0x00007fff855a7000 	C:\Windows\System32\bcrypt.dll
0x00007fff851a0000 - 0x00007fff851ce000 	C:\Windows\SYSTEM32\USERENV.dll
0x00007fff85990000 - 0x00007fff85a0f000 	C:\Windows\System32\bcryptprimitives.dll
0x00007fff84c00000 - 0x00007fff84c0c000 	C:\Windows\SYSTEM32\CRYPTBASE.dll
0x00007fff84740000 - 0x00007fff8477b000 	C:\Windows\SYSTEM32\IPHLPAPI.DLL
0x00007fff86c10000 - 0x00007fff86c18000 	C:\Windows\System32\NSI.dll
0x00007fff7e370000 - 0x00007fff7e387000 	C:\Windows\SYSTEM32\dhcpcsvc6.DLL
0x00007fff7e460000 - 0x00007fff7e47d000 	C:\Windows\SYSTEM32\dhcpcsvc.DLL
0x00007fff84790000 - 0x00007fff8485b000 	C:\Windows\SYSTEM32\DNSAPI.dll
0x00007fff7e890000 - 0x00007fff7e89b000 	C:\Windows\SYSTEM32\WINNSI.DLL

VM Arguments:
jvm_args: -Xmx2048m -Dfile.encoding=windows-1252 -Duser.country=US -Duser.language=en -Duser.variant 
java_command: org.gradle.launcher.daemon.bootstrap.GradleDaemon 6.5
java_class_path (initial): C:\Users\DELL\.gradle\wrapper\dists\gradle-6.5-bin\6nifqtx7604sqp1q6g8wikw7p\gradle-6.5\lib\gradle-launcher-6.5.jar
Launcher Type: SUN_STANDARD

Environment Variables:
PATH=C:\Windows\system32;C:\Windows;C:\Windows\System32\Wbem;C:\Windows\System32\WindowsPowerShell\v1.0\;C:\Windows\System32\OpenSSH\;C:\Program Files\Git\cmd;C:\Users\DELL\AppData\Local\Microsoft\WindowsApps;C:\Users\DELL\AppData\Local\GitHubDesktop\bin;C:\Users\DELL\AppData\Local\Programs\Microsoft VS Code\bin
USERNAME=DELL
OS=Windows_NT
PROCESSOR_IDENTIFIER=Intel64 Family 6 Model 142 Stepping 10, GenuineIntel



---------------  S Y S T E M  ---------------

OS: Windows 10.0 , 64 bit Build 19041 (10.0.19041.546)

CPU:total 8 (initial active 8) (4 cores per cpu, 2 threads per core) family 6 model 142 stepping 10, cmov, cx8, fxsr, mmx, sse, sse2, sse3, ssse3, sse4.1, sse4.2, popcnt, avx, avx2, aes, clmul, erms, 3dnowpref, lzcnt, ht, tsc, tscinvbit, bmi1, bmi2, adx

Memory: 4k page, physical 12444736k(829576k free), swap 14917696k(7692k free)

vm_info: OpenJDK 64-Bit Server VM (25.242-b01) for windows-amd64 JRE (1.8.0_242-release-1644-b01), built by "builder" with MS VC++ 10.0 (VS2010)

time: Tue Nov 10 22:59:44 2020
timezone: SE Asia Standard Time
elapsed time: 4883 seconds (0d 1h 21m 23s)

